mode: atomic
github.com/layer5io/meshery/mesheryctl/internal/cli/root/config/config.go:65.63,69.16 3 0
github.com/layer5io/meshery/mesheryctl/internal/cli/root/config/config.go:69.16,71.3 1 0
github.com/layer5io/meshery/mesheryctl/internal/cli/root/config/config.go:72.2,72.15 1 0
github.com/layer5io/meshery/mesheryctl/internal/cli/root/config/config.go:76.65,79.16 3 10
github.com/layer5io/meshery/mesheryctl/internal/cli/root/config/config.go:79.16,81.3 1 10
github.com/layer5io/meshery/mesheryctl/internal/cli/root/config/config.go:83.2,83.12 1 0
github.com/layer5io/meshery/mesheryctl/internal/cli/root/config/config.go:87.78,88.29 1 0
github.com/layer5io/meshery/mesheryctl/internal/cli/root/config/config.go:88.29,90.3 1 0
github.com/layer5io/meshery/mesheryctl/internal/cli/root/config/config.go:92.2,93.12 2 0
github.com/layer5io/meshery/mesheryctl/internal/cli/root/config/config.go:93.12,95.3 1 0
github.com/layer5io/meshery/mesheryctl/internal/cli/root/config/config.go:97.2,97.91 1 0
github.com/layer5io/meshery/mesheryctl/internal/cli/root/config/config.go:99.87,101.12 2 0
github.com/layer5io/meshery/mesheryctl/internal/cli/root/config/config.go:101.12,103.3 1 0
github.com/layer5io/meshery/mesheryctl/internal/cli/root/config/config.go:105.2,105.70 1 0
github.com/layer5io/meshery/mesheryctl/internal/cli/root/config/config.go:109.56,111.16 2 0
github.com/layer5io/meshery/mesheryctl/internal/cli/root/config/config.go:111.16,113.3 1 0
github.com/layer5io/meshery/mesheryctl/internal/cli/root/config/config.go:115.2,115.32 1 0
github.com/layer5io/meshery/mesheryctl/internal/cli/root/config/config.go:118.60,120.2 1 20
github.com/layer5io/meshery/mesheryctl/internal/cli/root/config/config.go:123.67,125.16 2 0
github.com/layer5io/meshery/mesheryctl/internal/cli/root/config/config.go:125.16,127.3 1 0
github.com/layer5io/meshery/mesheryctl/internal/cli/root/config/config.go:129.2,129.28 1 0
github.com/layer5io/meshery/mesheryctl/internal/cli/root/config/config.go:133.71,135.16 2 0
github.com/layer5io/meshery/mesheryctl/internal/cli/root/config/config.go:135.16,137.3 1 0
github.com/layer5io/meshery/mesheryctl/internal/cli/root/config/config.go:139.2,139.21 1 0
github.com/layer5io/meshery/mesheryctl/internal/cli/root/config/config.go:143.73,144.23 1 0
github.com/layer5io/meshery/mesheryctl/internal/cli/root/config/config.go:144.23,146.3 1 0
github.com/layer5io/meshery/mesheryctl/internal/cli/root/config/config.go:147.2,148.16 2 0
github.com/layer5io/meshery/mesheryctl/internal/cli/root/config/config.go:148.16,150.3 1 0
github.com/layer5io/meshery/mesheryctl/internal/cli/root/config/config.go:152.2,152.12 1 0
github.com/layer5io/meshery/mesheryctl/internal/cli/root/config/config.go:157.83,159.9 2 0
github.com/layer5io/meshery/mesheryctl/internal/cli/root/config/config.go:159.9,161.3 1 0
github.com/layer5io/meshery/mesheryctl/internal/cli/root/config/config.go:163.2,163.30 1 0
github.com/layer5io/meshery/mesheryctl/internal/cli/root/config/config.go:163.30,164.26 1 0
github.com/layer5io/meshery/mesheryctl/internal/cli/root/config/config.go:164.26,166.4 1 0
github.com/layer5io/meshery/mesheryctl/internal/cli/root/config/config.go:169.2,169.83 1 0
github.com/layer5io/meshery/mesheryctl/internal/cli/root/config/config.go:173.50,175.2 1 0
github.com/layer5io/meshery/mesheryctl/internal/cli/root/config/config.go:178.42,180.2 1 20
github.com/layer5io/meshery/mesheryctl/internal/cli/root/config/config.go:183.50,185.2 1 20
github.com/layer5io/meshery/mesheryctl/internal/cli/root/config/config.go:188.39,190.2 1 20
github.com/layer5io/meshery/mesheryctl/internal/cli/root/config/config.go:193.44,195.2 1 20
github.com/layer5io/meshery/mesheryctl/internal/cli/root/config/config.go:198.42,200.2 1 20
github.com/layer5io/meshery/mesheryctl/internal/cli/root/config/config.go:203.50,205.2 1 20
github.com/layer5io/meshery/mesheryctl/internal/cli/root/config/config.go:208.46,210.2 1 2
github.com/layer5io/meshery/mesheryctl/internal/cli/root/config/config.go:213.41,215.2 1 20
github.com/layer5io/meshery/mesheryctl/internal/cli/root/config/config.go:218.48,220.2 1 20
github.com/layer5io/meshery/mesheryctl/internal/cli/root/config/config.go:223.41,225.2 1 20
github.com/layer5io/meshery/mesheryctl/internal/cli/root/config/config.go:228.48,230.2 1 20
github.com/layer5io/meshery/mesheryctl/internal/cli/root/config/config.go:233.45,234.23 1 0
github.com/layer5io/meshery/mesheryctl/internal/cli/root/config/config.go:234.23,237.3 2 0
github.com/layer5io/meshery/mesheryctl/internal/cli/root/config/config.go:239.2,239.29 1 0
github.com/layer5io/meshery/mesheryctl/internal/cli/root/config/config.go:239.29,241.3 1 0
github.com/layer5io/meshery/mesheryctl/internal/cli/root/config/config.go:243.2,245.16 3 0
github.com/layer5io/meshery/mesheryctl/internal/cli/root/config/config.go:245.16,247.3 1 0
github.com/layer5io/meshery/mesheryctl/internal/cli/root/config/config.go:248.2,250.16 3 0
github.com/layer5io/meshery/mesheryctl/internal/cli/root/config/config.go:250.16,252.3 1 0
github.com/layer5io/meshery/mesheryctl/internal/cli/root/config/config.go:254.2,254.15 1 0
github.com/layer5io/meshery/mesheryctl/internal/cli/root/config/config.go:254.15,255.45 1 0
github.com/layer5io/meshery/mesheryctl/internal/cli/root/config/config.go:255.45,257.4 1 0
github.com/layer5io/meshery/mesheryctl/internal/cli/root/config/config.go:260.2,260.28 1 0
github.com/layer5io/meshery/mesheryctl/internal/cli/root/config/config.go:260.28,262.3 1 0
github.com/layer5io/meshery/mesheryctl/internal/cli/root/config/config.go:264.2,264.38 1 0
github.com/layer5io/meshery/mesheryctl/internal/cli/root/config/config.go:264.38,266.3 1 0
github.com/layer5io/meshery/mesheryctl/internal/cli/root/config/config.go:268.2,268.16 1 0
github.com/layer5io/meshery/mesheryctl/internal/cli/root/config/config.go:268.16,270.3 1 0
github.com/layer5io/meshery/mesheryctl/internal/cli/root/config/config.go:272.2,272.12 1 0
github.com/layer5io/meshery/mesheryctl/internal/cli/root/config/config.go:276.42,278.2 1 20
github.com/layer5io/meshery/mesheryctl/internal/cli/root/config/config.go:281.50,283.2 1 10
github.com/layer5io/meshery/mesheryctl/internal/cli/root/config/config.go:286.48,288.2 1 20
github.com/layer5io/meshery/mesheryctl/internal/cli/root/config/config.go:291.54,293.2 1 10
github.com/layer5io/meshery/mesheryctl/internal/cli/root/config/config.go:296.34,298.2 1 0
github.com/layer5io/meshery/mesheryctl/internal/cli/root/config/config.go:301.38,302.32 1 10
github.com/layer5io/meshery/mesheryctl/internal/cli/root/config/config.go:302.32,304.3 1 0
github.com/layer5io/meshery/mesheryctl/internal/cli/root/config/config.go:307.2,307.41 1 10
github.com/layer5io/meshery/mesheryctl/internal/cli/root/config/config.go:307.41,309.17 2 0
github.com/layer5io/meshery/mesheryctl/internal/cli/root/config/config.go:309.17,311.4 1 0
github.com/layer5io/meshery/mesheryctl/internal/cli/root/config/config.go:312.3,312.44 1 0
github.com/layer5io/meshery/mesheryctl/internal/cli/root/config/config.go:317.2,318.16 2 10
github.com/layer5io/meshery/mesheryctl/internal/cli/root/config/config.go:318.16,320.3 1 0
github.com/layer5io/meshery/mesheryctl/internal/cli/root/config/config.go:322.2,322.52 1 10
github.com/layer5io/meshery/mesheryctl/internal/cli/root/config/config.go:326.38,328.2 1 10
github.com/layer5io/meshery/mesheryctl/internal/cli/root/config/config.go:331.46,333.2 1 10
github.com/layer5io/meshery/mesheryctl/internal/cli/root/config/config.go:336.37,338.2 1 10
github.com/layer5io/meshery/mesheryctl/internal/cli/root/config/config.go:341.41,343.2 1 10
github.com/layer5io/meshery/mesheryctl/internal/cli/root/config/config.go:346.61,347.55 1 0
github.com/layer5io/meshery/mesheryctl/internal/cli/root/config/config.go:347.55,349.3 1 0
github.com/layer5io/meshery/mesheryctl/internal/cli/root/config/config.go:351.2,353.16 3 0
github.com/layer5io/meshery/mesheryctl/internal/cli/root/config/config.go:353.16,355.3 1 0
github.com/layer5io/meshery/mesheryctl/internal/cli/root/config/config.go:357.2,358.16 2 0
github.com/layer5io/meshery/mesheryctl/internal/cli/root/config/config.go:358.16,360.3 1 0
github.com/layer5io/meshery/mesheryctl/internal/cli/root/config/config.go:362.2,362.27 1 0
github.com/layer5io/meshery/mesheryctl/internal/cli/root/config/config.go:362.27,364.3 1 0
github.com/layer5io/meshery/mesheryctl/internal/cli/root/config/config.go:366.2,366.32 1 0
github.com/layer5io/meshery/mesheryctl/internal/cli/root/config/config.go:366.32,367.43 1 0
github.com/layer5io/meshery/mesheryctl/internal/cli/root/config/config.go:367.43,369.4 1 0
github.com/layer5io/meshery/mesheryctl/internal/cli/root/config/config.go:372.2,379.16 6 0
github.com/layer5io/meshery/mesheryctl/internal/cli/root/config/config.go:379.16,381.3 1 0
github.com/layer5io/meshery/mesheryctl/internal/cli/root/config/config.go:383.2,383.12 1 0
github.com/layer5io/meshery/mesheryctl/internal/cli/root/config/config.go:387.71,388.55 1 0
github.com/layer5io/meshery/mesheryctl/internal/cli/root/config/config.go:388.55,390.3 1 0
github.com/layer5io/meshery/mesheryctl/internal/cli/root/config/config.go:392.2,394.16 3 0
github.com/layer5io/meshery/mesheryctl/internal/cli/root/config/config.go:394.16,396.3 1 0
github.com/layer5io/meshery/mesheryctl/internal/cli/root/config/config.go:398.2,399.16 2 0
github.com/layer5io/meshery/mesheryctl/internal/cli/root/config/config.go:399.16,401.3 1 0
github.com/layer5io/meshery/mesheryctl/internal/cli/root/config/config.go:403.2,403.27 1 0
github.com/layer5io/meshery/mesheryctl/internal/cli/root/config/config.go:403.27,405.3 1 0
github.com/layer5io/meshery/mesheryctl/internal/cli/root/config/config.go:407.2,407.32 1 0
github.com/layer5io/meshery/mesheryctl/internal/cli/root/config/config.go:407.32,408.42 1 0
github.com/layer5io/meshery/mesheryctl/internal/cli/root/config/config.go:408.42,414.18 6 0
github.com/layer5io/meshery/mesheryctl/internal/cli/root/config/config.go:414.18,416.5 1 0
github.com/layer5io/meshery/mesheryctl/internal/cli/root/config/config.go:417.4,417.14 1 0
github.com/layer5io/meshery/mesheryctl/internal/cli/root/config/config.go:421.2,421.43 1 0
github.com/layer5io/meshery/mesheryctl/internal/cli/root/config/config.go:424.82,425.55 1 0
github.com/layer5io/meshery/mesheryctl/internal/cli/root/config/config.go:425.55,427.3 1 0
github.com/layer5io/meshery/mesheryctl/internal/cli/root/config/config.go:429.2,431.16 3 0
github.com/layer5io/meshery/mesheryctl/internal/cli/root/config/config.go:431.16,433.3 1 0
github.com/layer5io/meshery/mesheryctl/internal/cli/root/config/config.go:435.2,436.16 2 0
github.com/layer5io/meshery/mesheryctl/internal/cli/root/config/config.go:436.16,438.3 1 0
github.com/layer5io/meshery/mesheryctl/internal/cli/root/config/config.go:439.2,440.16 2 0
github.com/layer5io/meshery/mesheryctl/internal/cli/root/config/config.go:440.16,442.3 1 0
github.com/layer5io/meshery/mesheryctl/internal/cli/root/config/config.go:443.2,445.16 3 0
github.com/layer5io/meshery/mesheryctl/internal/cli/root/config/config.go:445.16,447.3 1 0
github.com/layer5io/meshery/mesheryctl/internal/cli/root/config/config.go:448.2,448.12 1 0
github.com/layer5io/meshery/mesheryctl/internal/cli/root/config/config.go:453.113,454.55 1 0
github.com/layer5io/meshery/mesheryctl/internal/cli/root/config/config.go:454.55,456.3 1 0
github.com/layer5io/meshery/mesheryctl/internal/cli/root/config/config.go:458.2,460.16 3 0
github.com/layer5io/meshery/mesheryctl/internal/cli/root/config/config.go:460.16,462.3 1 0
github.com/layer5io/meshery/mesheryctl/internal/cli/root/config/config.go:464.2,465.16 2 0
github.com/layer5io/meshery/mesheryctl/internal/cli/root/config/config.go:465.16,467.3 1 0
github.com/layer5io/meshery/mesheryctl/internal/cli/root/config/config.go:469.2,469.29 1 0
github.com/layer5io/meshery/mesheryctl/internal/cli/root/config/config.go:469.29,471.3 1 0
github.com/layer5io/meshery/mesheryctl/internal/cli/root/config/config.go:473.2,474.26 2 0
github.com/layer5io/meshery/mesheryctl/internal/cli/root/config/config.go:474.26,476.3 1 0
github.com/layer5io/meshery/mesheryctl/internal/cli/root/config/config.go:478.2,479.9 2 0
github.com/layer5io/meshery/mesheryctl/internal/cli/root/config/config.go:479.9,481.3 1 0
github.com/layer5io/meshery/mesheryctl/internal/cli/root/config/config.go:483.2,488.16 5 0
github.com/layer5io/meshery/mesheryctl/internal/cli/root/config/config.go:488.16,490.3 1 0
github.com/layer5io/meshery/mesheryctl/internal/cli/root/config/config.go:492.2,492.12 1 0
github.com/layer5io/meshery/mesheryctl/doc/doc.go:58.40,62.21 4 2
github.com/layer5io/meshery/mesheryctl/doc/doc.go:62.21,65.3 2 2
github.com/layer5io/meshery/mesheryctl/doc/doc.go:66.2,66.21 1 0
github.com/layer5io/meshery/mesheryctl/doc/doc.go:66.21,69.3 2 0
github.com/layer5io/meshery/mesheryctl/doc/doc.go:70.2,70.21 1 0
github.com/layer5io/meshery/mesheryctl/doc/doc.go:70.21,73.3 2 0
github.com/layer5io/meshery/mesheryctl/doc/doc.go:74.2,75.79 2 0
github.com/layer5io/meshery/mesheryctl/doc/doc.go:78.38,81.21 3 1
github.com/layer5io/meshery/mesheryctl/doc/doc.go:81.21,83.3 1 1
github.com/layer5io/meshery/mesheryctl/doc/doc.go:84.2,84.21 1 0
github.com/layer5io/meshery/mesheryctl/doc/doc.go:84.21,86.3 1 0
github.com/layer5io/meshery/mesheryctl/doc/doc.go:87.2,87.21 1 0
github.com/layer5io/meshery/mesheryctl/doc/doc.go:87.21,89.3 1 0
github.com/layer5io/meshery/mesheryctl/doc/doc.go:90.2,90.34 1 0
github.com/layer5io/meshery/mesheryctl/doc/doc.go:94.12,108.16 7 0
github.com/layer5io/meshery/mesheryctl/doc/doc.go:108.16,110.3 1 0
github.com/layer5io/meshery/mesheryctl/doc/doc.go:112.2,112.59 1 0
github.com/layer5io/meshery/mesheryctl/doc/doc.go:116.64,119.31 3 2
github.com/layer5io/meshery/mesheryctl/doc/doc.go:119.31,123.3 3 2
github.com/layer5io/meshery/mesheryctl/doc/doc.go:125.2,127.37 3 2
github.com/layer5io/meshery/mesheryctl/doc/doc.go:127.37,131.3 3 0
github.com/layer5io/meshery/mesheryctl/doc/doc.go:132.2,132.12 1 2
github.com/layer5io/meshery/mesheryctl/doc/doc.go:136.63,148.23 7 2
github.com/layer5io/meshery/mesheryctl/doc/doc.go:148.23,151.3 2 0
github.com/layer5io/meshery/mesheryctl/doc/doc.go:154.2,154.20 1 2
github.com/layer5io/meshery/mesheryctl/doc/doc.go:154.20,156.3 1 0
github.com/layer5io/meshery/mesheryctl/doc/doc.go:159.2,160.9 2 2
github.com/layer5io/meshery/mesheryctl/doc/doc.go:160.9,162.3 1 1
github.com/layer5io/meshery/mesheryctl/doc/doc.go:163.2,164.9 2 2
github.com/layer5io/meshery/mesheryctl/doc/doc.go:164.9,166.3 1 1
github.com/layer5io/meshery/mesheryctl/doc/doc.go:169.2,169.26 1 2
github.com/layer5io/meshery/mesheryctl/doc/doc.go:169.26,172.38 3 1
github.com/layer5io/meshery/mesheryctl/doc/doc.go:172.38,173.69 1 1
github.com/layer5io/meshery/mesheryctl/doc/doc.go:173.69,174.45 1 1
github.com/layer5io/meshery/mesheryctl/doc/doc.go:174.45,177.6 1 0
github.com/layer5io/meshery/mesheryctl/doc/doc.go:177.11,180.6 1 1
github.com/layer5io/meshery/mesheryctl/doc/doc.go:185.2,185.47 1 2
github.com/layer5io/meshery/mesheryctl/doc/doc.go:185.47,187.3 1 0
github.com/layer5io/meshery/mesheryctl/doc/doc.go:190.2,190.19 1 2
github.com/layer5io/meshery/mesheryctl/doc/doc.go:190.19,198.3 5 1
github.com/layer5io/meshery/mesheryctl/doc/doc.go:200.2,200.21 1 2
github.com/layer5io/meshery/mesheryctl/doc/doc.go:200.21,202.22 2 0
github.com/layer5io/meshery/mesheryctl/doc/doc.go:202.22,203.44 1 0
github.com/layer5io/meshery/mesheryctl/doc/doc.go:203.44,204.28 1 0
github.com/layer5io/meshery/mesheryctl/doc/doc.go:204.28,206.6 1 0
github.com/layer5io/meshery/mesheryctl/doc/doc.go:209.3,210.24 2 0
github.com/layer5io/meshery/mesheryctl/doc/doc.go:212.2,212.28 1 2
github.com/layer5io/meshery/mesheryctl/doc/doc.go:212.28,214.3 1 2
github.com/layer5io/meshery/mesheryctl/doc/doc.go:215.2,216.12 2 2
github.com/layer5io/meshery/mesheryctl/doc/doc.go:220.42,221.21 1 3
github.com/layer5io/meshery/mesheryctl/doc/doc.go:221.21,223.3 1 0
github.com/layer5io/meshery/mesheryctl/doc/doc.go:224.2,224.35 1 3
github.com/layer5io/meshery/mesheryctl/doc/doc.go:224.35,225.66 1 2
github.com/layer5io/meshery/mesheryctl/doc/doc.go:225.66,226.12 1 2
github.com/layer5io/meshery/mesheryctl/doc/doc.go:228.3,228.14 1 0
github.com/layer5io/meshery/mesheryctl/doc/doc.go:230.2,230.14 1 3
github.com/layer5io/meshery/mesheryctl/doc/doc.go:234.114,235.35 1 1
github.com/layer5io/meshery/mesheryctl/doc/doc.go:235.35,236.66 1 1
github.com/layer5io/meshery/mesheryctl/doc/doc.go:236.66,237.12 1 1
github.com/layer5io/meshery/mesheryctl/doc/doc.go:239.3,239.83 1 0
github.com/layer5io/meshery/mesheryctl/doc/doc.go:239.83,241.4 1 0
github.com/layer5io/meshery/mesheryctl/doc/doc.go:244.2,247.16 4 1
github.com/layer5io/meshery/mesheryctl/doc/doc.go:247.16,249.3 1 0
github.com/layer5io/meshery/mesheryctl/doc/doc.go:250.2,253.16 3 1
github.com/layer5io/meshery/mesheryctl/doc/doc.go:253.16,255.3 1 0
github.com/layer5io/meshery/mesheryctl/doc/doc.go:257.2,258.16 2 1
github.com/layer5io/meshery/mesheryctl/doc/doc.go:258.16,260.3 1 0
github.com/layer5io/meshery/mesheryctl/doc/doc.go:261.2,261.12 1 1
github.com/layer5io/meshery/mesheryctl/doc/doc.go:265.110,266.35 1 1
github.com/layer5io/meshery/mesheryctl/doc/doc.go:266.35,267.66 1 1
github.com/layer5io/meshery/mesheryctl/doc/doc.go:267.66,268.12 1 1
github.com/layer5io/meshery/mesheryctl/doc/doc.go:270.3,270.79 1 0
github.com/layer5io/meshery/mesheryctl/doc/doc.go:270.79,272.4 1 0
github.com/layer5io/meshery/mesheryctl/doc/doc.go:275.2,278.16 4 1
github.com/layer5io/meshery/mesheryctl/doc/doc.go:278.16,280.3 1 0
github.com/layer5io/meshery/mesheryctl/doc/doc.go:282.2,283.16 2 1
github.com/layer5io/meshery/mesheryctl/doc/doc.go:283.16,285.3 1 0
github.com/layer5io/meshery/mesheryctl/doc/doc.go:287.2,288.16 2 1
github.com/layer5io/meshery/mesheryctl/doc/doc.go:288.16,290.3 1 0
github.com/layer5io/meshery/mesheryctl/doc/doc.go:293.2,293.33 1 1
github.com/layer5io/meshery/mesheryctl/doc/doc.go:293.33,295.3 1 0
github.com/layer5io/meshery/mesheryctl/doc/doc.go:296.2,298.12 2 1
github.com/layer5io/meshery/mesheryctl/doc/doc.go:302.59,312.26 7 2
github.com/layer5io/meshery/mesheryctl/doc/doc.go:312.26,314.3 1 1
github.com/layer5io/meshery/mesheryctl/doc/doc.go:316.2,319.16 3 2
github.com/layer5io/meshery/mesheryctl/doc/doc.go:319.16,322.3 2 0
github.com/layer5io/meshery/mesheryctl/doc/doc.go:324.2,325.16 2 2
github.com/layer5io/meshery/mesheryctl/doc/doc.go:325.16,327.3 1 0
github.com/layer5io/meshery/mesheryctl/doc/doc.go:329.2,329.12 1 2
github.com/layer5io/meshery/mesheryctl/doc/doc.go:332.13,334.2 1 0
github.com/layer5io/meshery/mesheryctl/internal/cli/root/completion.go:62.52,64.21 2 0
github.com/layer5io/meshery/mesheryctl/internal/cli/root/completion.go:64.21,66.4 1 0
github.com/layer5io/meshery/mesheryctl/internal/cli/root/completion.go:67.3,67.13 1 0
github.com/layer5io/meshery/mesheryctl/internal/cli/root/completion.go:71.54,72.18 1 0
github.com/layer5io/meshery/mesheryctl/internal/cli/root/completion.go:73.15,74.50 1 0
github.com/layer5io/meshery/mesheryctl/internal/cli/root/completion.go:75.14,76.49 1 0
github.com/layer5io/meshery/mesheryctl/internal/cli/root/completion.go:77.15,78.56 1 0
github.com/layer5io/meshery/mesheryctl/internal/cli/root/completion.go:79.11,80.92 1 0
github.com/layer5io/meshery/mesheryctl/internal/cli/root/error.go:44.43,46.2 1 0
github.com/layer5io/meshery/mesheryctl/internal/cli/root/error.go:48.45,50.2 1 0
github.com/layer5io/meshery/mesheryctl/internal/cli/root/error.go:52.48,54.2 1 0
github.com/layer5io/meshery/mesheryctl/internal/cli/root/error.go:56.45,58.2 1 0
github.com/layer5io/meshery/mesheryctl/internal/cli/root/error.go:60.47,62.2 1 0
github.com/layer5io/meshery/mesheryctl/internal/cli/root/root.go:61.54,62.21 1 0
github.com/layer5io/meshery/mesheryctl/internal/cli/root/root.go:62.21,64.4 1 0
github.com/layer5io/meshery/mesheryctl/internal/cli/root/root.go:66.3,66.72 1 0
github.com/layer5io/meshery/mesheryctl/internal/cli/root/root.go:66.72,68.4 1 0
github.com/layer5io/meshery/mesheryctl/internal/cli/root/root.go:70.3,70.13 1 0
github.com/layer5io/meshery/mesheryctl/internal/cli/root/root.go:76.22,83.2 4 0
github.com/layer5io/meshery/mesheryctl/internal/cli/root/root.go:85.13,87.16 2 1
github.com/layer5io/meshery/mesheryctl/internal/cli/root/root.go:87.16,89.3 1 0
github.com/layer5io/meshery/mesheryctl/internal/cli/root/root.go:91.2,115.45 7 1
github.com/layer5io/meshery/mesheryctl/internal/cli/root/root.go:118.32,120.2 1 0
github.com/layer5io/meshery/mesheryctl/internal/cli/root/root.go:123.19,128.40 3 0
github.com/layer5io/meshery/mesheryctl/internal/cli/root/root.go:128.40,132.3 1 0
github.com/layer5io/meshery/mesheryctl/internal/cli/root/root.go:132.8,134.46 2 0
github.com/layer5io/meshery/mesheryctl/internal/cli/root/root.go:134.46,136.4 1 0
github.com/layer5io/meshery/mesheryctl/internal/cli/root/root.go:137.3,137.25 1 0
github.com/layer5io/meshery/mesheryctl/internal/cli/root/root.go:137.25,139.4 1 0
github.com/layer5io/meshery/mesheryctl/internal/cli/root/root.go:142.3,142.70 1 0
github.com/layer5io/meshery/mesheryctl/internal/cli/root/root.go:142.70,144.58 1 0
github.com/layer5io/meshery/mesheryctl/internal/cli/root/root.go:144.58,145.27 1 0
github.com/layer5io/meshery/mesheryctl/internal/cli/root/root.go:145.27,147.20 2 0
github.com/layer5io/meshery/mesheryctl/internal/cli/root/root.go:147.20,149.7 1 0
github.com/layer5io/meshery/mesheryctl/internal/cli/root/root.go:154.4,155.18 2 0
github.com/layer5io/meshery/mesheryctl/internal/cli/root/root.go:155.18,157.5 1 0
github.com/layer5io/meshery/mesheryctl/internal/cli/root/root.go:160.4,161.18 2 0
github.com/layer5io/meshery/mesheryctl/internal/cli/root/root.go:161.18,163.5 1 0
github.com/layer5io/meshery/mesheryctl/internal/cli/root/root.go:166.4,167.18 2 0
github.com/layer5io/meshery/mesheryctl/internal/cli/root/root.go:167.18,169.5 1 0
github.com/layer5io/meshery/mesheryctl/internal/cli/root/root.go:171.4,174.7 1 0
github.com/layer5io/meshery/mesheryctl/internal/cli/root/root.go:176.3,176.47 1 0
github.com/layer5io/meshery/mesheryctl/internal/cli/root/root.go:179.2,182.45 2 0
github.com/layer5io/meshery/mesheryctl/internal/cli/root/root.go:182.45,184.3 1 0
github.com/layer5io/meshery/mesheryctl/internal/cli/root/root.go:188.19,191.13 2 0
github.com/layer5io/meshery/mesheryctl/internal/cli/root/root.go:191.13,193.3 1 0
github.com/layer5io/meshery/mesheryctl/internal/cli/root/root.go:196.20,198.2 1 0
github.com/layer5io/meshery/mesheryctl/internal/cli/root/version.go:54.57,57.17 3 0
github.com/layer5io/meshery/mesheryctl/internal/cli/root/version.go:57.17,62.20 4 0
github.com/layer5io/meshery/mesheryctl/internal/cli/root/version.go:62.20,66.19 3 0
github.com/layer5io/meshery/mesheryctl/internal/cli/root/version.go:66.19,68.6 1 0
github.com/layer5io/meshery/mesheryctl/internal/cli/root/version.go:71.5,72.19 2 0
github.com/layer5io/meshery/mesheryctl/internal/cli/root/version.go:72.19,74.6 1 0
github.com/layer5io/meshery/mesheryctl/internal/cli/root/version.go:77.5,78.19 2 0
github.com/layer5io/meshery/mesheryctl/internal/cli/root/version.go:78.19,80.6 1 0
github.com/layer5io/meshery/mesheryctl/internal/cli/root/version.go:82.5,88.19 3 0
github.com/layer5io/meshery/mesheryctl/internal/cli/root/version.go:88.19,90.6 1 0
github.com/layer5io/meshery/mesheryctl/internal/cli/root/version.go:91.5,92.19 2 0
github.com/layer5io/meshery/mesheryctl/internal/cli/root/version.go:92.19,94.6 1 0
github.com/layer5io/meshery/mesheryctl/internal/cli/root/version.go:95.5,96.19 2 0
github.com/layer5io/meshery/mesheryctl/internal/cli/root/version.go:96.19,98.6 1 0
github.com/layer5io/meshery/mesheryctl/internal/cli/root/version.go:99.5,99.15 1 0
github.com/layer5io/meshery/mesheryctl/internal/cli/root/version.go:101.4,101.116 1 0
github.com/layer5io/meshery/mesheryctl/internal/cli/root/version.go:103.3,104.17 2 0
github.com/layer5io/meshery/mesheryctl/internal/cli/root/version.go:104.17,106.4 1 0
github.com/layer5io/meshery/mesheryctl/internal/cli/root/version.go:107.3,108.17 2 0
github.com/layer5io/meshery/mesheryctl/internal/cli/root/version.go:108.17,110.4 1 0
github.com/layer5io/meshery/mesheryctl/internal/cli/root/version.go:111.3,111.13 1 0
github.com/layer5io/meshery/mesheryctl/internal/cli/root/version.go:113.47,129.17 8 0
github.com/layer5io/meshery/mesheryctl/internal/cli/root/version.go:129.17,133.4 3 0
github.com/layer5io/meshery/mesheryctl/internal/cli/root/version.go:135.3,139.17 4 0
github.com/layer5io/meshery/mesheryctl/internal/cli/root/version.go:139.17,143.4 3 0
github.com/layer5io/meshery/mesheryctl/internal/cli/root/version.go:146.3,148.17 3 0
github.com/layer5io/meshery/mesheryctl/internal/cli/root/version.go:148.17,152.4 3 0
github.com/layer5io/meshery/mesheryctl/internal/cli/root/version.go:154.3,155.17 2 0
github.com/layer5io/meshery/mesheryctl/internal/cli/root/version.go:155.17,159.4 3 0
github.com/layer5io/meshery/mesheryctl/internal/cli/root/version.go:161.3,163.35 3 0
github.com/layer5io/meshery/mesheryctl/internal/cli/root/version.go:167.49,172.16 3 0
github.com/layer5io/meshery/mesheryctl/internal/cli/root/version.go:172.16,175.3 2 0
github.com/layer5io/meshery/mesheryctl/internal/cli/root/version.go:176.2,176.19 1 0
github.com/layer5io/meshery/mesheryctl/internal/cli/root/version.go:176.19,179.3 2 0
github.com/layer5io/meshery/mesheryctl/internal/cli/root/version.go:180.2,182.16 2 0
github.com/layer5io/meshery/mesheryctl/internal/cli/root/version.go:182.16,184.3 1 0
github.com/layer5io/meshery/mesheryctl/internal/cli/root/version.go:184.8,186.3 1 0
github.com/layer5io/meshery/mesheryctl/internal/cli/root/filter/delete.go:38.54,40.17 2 3
github.com/layer5io/meshery/mesheryctl/internal/cli/root/filter/delete.go:40.17,42.4 1 0
github.com/layer5io/meshery/mesheryctl/internal/cli/root/filter/delete.go:44.3,44.21 1 3
github.com/layer5io/meshery/mesheryctl/internal/cli/root/filter/delete.go:44.21,46.4 1 0
github.com/layer5io/meshery/mesheryctl/internal/cli/root/filter/delete.go:48.3,54.17 6 3
github.com/layer5io/meshery/mesheryctl/internal/cli/root/filter/delete.go:54.17,56.4 1 0
github.com/layer5io/meshery/mesheryctl/internal/cli/root/filter/delete.go:58.3,58.17 1 3
github.com/layer5io/meshery/mesheryctl/internal/cli/root/filter/delete.go:58.17,60.18 2 0
github.com/layer5io/meshery/mesheryctl/internal/cli/root/filter/delete.go:60.18,62.5 1 0
github.com/layer5io/meshery/mesheryctl/internal/cli/root/filter/delete.go:66.3,66.31 1 3
github.com/layer5io/meshery/mesheryctl/internal/cli/root/filter/delete.go:66.31,70.17 3 3
github.com/layer5io/meshery/mesheryctl/internal/cli/root/filter/delete.go:70.17,72.5 1 3
github.com/layer5io/meshery/mesheryctl/internal/cli/root/filter/delete.go:72.10,74.5 1 0
github.com/layer5io/meshery/mesheryctl/internal/cli/root/filter/delete.go:75.4,75.18 1 3
github.com/layer5io/meshery/mesheryctl/internal/cli/root/filter/delete.go:75.18,77.5 1 0
github.com/layer5io/meshery/mesheryctl/internal/cli/root/filter/delete.go:78.4,79.14 2 3
github.com/layer5io/meshery/mesheryctl/internal/cli/root/filter/delete.go:82.3,82.125 1 0
github.com/layer5io/meshery/mesheryctl/internal/cli/root/filter/error.go:33.34,35.2 1 0
github.com/layer5io/meshery/mesheryctl/internal/cli/root/filter/error.go:37.46,39.2 1 0
github.com/layer5io/meshery/mesheryctl/internal/cli/root/filter/error.go:41.42,43.2 1 0
github.com/layer5io/meshery/mesheryctl/internal/cli/root/filter/error.go:45.36,47.2 1 0
github.com/layer5io/meshery/mesheryctl/internal/cli/root/filter/filter.go:38.54,39.21 1 0
github.com/layer5io/meshery/mesheryctl/internal/cli/root/filter/filter.go:39.21,41.4 1 0
github.com/layer5io/meshery/mesheryctl/internal/cli/root/filter/filter.go:42.3,42.72 1 0
github.com/layer5io/meshery/mesheryctl/internal/cli/root/filter/filter.go:42.72,44.4 1 0
github.com/layer5io/meshery/mesheryctl/internal/cli/root/filter/filter.go:45.3,45.13 1 0
github.com/layer5io/meshery/mesheryctl/internal/cli/root/filter/filter.go:49.13,54.2 3 1
github.com/layer5io/meshery/mesheryctl/internal/cli/root/filter/import.go:56.54,58.17 2 0
github.com/layer5io/meshery/mesheryctl/internal/cli/root/filter/import.go:58.17,60.4 1 0
github.com/layer5io/meshery/mesheryctl/internal/cli/root/filter/import.go:62.3,64.21 2 0
github.com/layer5io/meshery/mesheryctl/internal/cli/root/filter/import.go:64.21,66.4 1 0
github.com/layer5io/meshery/mesheryctl/internal/cli/root/filter/import.go:68.3,75.51 3 0
github.com/layer5io/meshery/mesheryctl/internal/cli/root/filter/import.go:75.51,77.4 1 0
github.com/layer5io/meshery/mesheryctl/internal/cli/root/filter/import.go:77.9,79.18 2 0
github.com/layer5io/meshery/mesheryctl/internal/cli/root/filter/import.go:79.18,81.5 1 0
github.com/layer5io/meshery/mesheryctl/internal/cli/root/filter/import.go:83.4,84.18 2 0
github.com/layer5io/meshery/mesheryctl/internal/cli/root/filter/import.go:84.18,86.5 1 0
github.com/layer5io/meshery/mesheryctl/internal/cli/root/filter/import.go:88.4,91.40 3 0
github.com/layer5io/meshery/mesheryctl/internal/cli/root/filter/import.go:94.3,94.16 1 0
github.com/layer5io/meshery/mesheryctl/internal/cli/root/filter/import.go:94.16,96.42 1 0
github.com/layer5io/meshery/mesheryctl/internal/cli/root/filter/import.go:96.42,99.19 3 0
github.com/layer5io/meshery/mesheryctl/internal/cli/root/filter/import.go:99.19,101.6 1 0
github.com/layer5io/meshery/mesheryctl/internal/cli/root/filter/import.go:103.5,104.26 2 0
github.com/layer5io/meshery/mesheryctl/internal/cli/root/filter/import.go:105.10,109.5 3 0
github.com/layer5io/meshery/mesheryctl/internal/cli/root/filter/import.go:112.3,112.17 1 0
github.com/layer5io/meshery/mesheryctl/internal/cli/root/filter/import.go:112.17,114.4 1 0
github.com/layer5io/meshery/mesheryctl/internal/cli/root/filter/import.go:117.3,119.17 2 0
github.com/layer5io/meshery/mesheryctl/internal/cli/root/filter/import.go:119.17,121.4 1 0
github.com/layer5io/meshery/mesheryctl/internal/cli/root/filter/import.go:123.3,124.17 2 0
github.com/layer5io/meshery/mesheryctl/internal/cli/root/filter/import.go:124.17,126.4 1 0
github.com/layer5io/meshery/mesheryctl/internal/cli/root/filter/import.go:128.3,129.17 2 0
github.com/layer5io/meshery/mesheryctl/internal/cli/root/filter/import.go:129.17,131.4 1 0
github.com/layer5io/meshery/mesheryctl/internal/cli/root/filter/import.go:133.3,133.29 1 0
github.com/layer5io/meshery/mesheryctl/internal/cli/root/filter/import.go:133.29,135.4 1 0
github.com/layer5io/meshery/mesheryctl/internal/cli/root/filter/import.go:135.9,137.4 1 0
github.com/layer5io/meshery/mesheryctl/internal/cli/root/filter/import.go:139.3,139.13 1 0
github.com/layer5io/meshery/mesheryctl/internal/cli/root/filter/import.go:143.13,146.2 2 1
github.com/layer5io/meshery/mesheryctl/internal/cli/root/filter/list.go:46.54,48.17 2 2
github.com/layer5io/meshery/mesheryctl/internal/cli/root/filter/list.go:48.17,50.4 1 0
github.com/layer5io/meshery/mesheryctl/internal/cli/root/filter/list.go:52.3,52.20 1 2
github.com/layer5io/meshery/mesheryctl/internal/cli/root/filter/list.go:52.20,54.4 1 0
github.com/layer5io/meshery/mesheryctl/internal/cli/root/filter/list.go:56.3,58.17 3 2
github.com/layer5io/meshery/mesheryctl/internal/cli/root/filter/list.go:58.17,60.4 1 0
github.com/layer5io/meshery/mesheryctl/internal/cli/root/filter/list.go:61.3,62.17 2 2
github.com/layer5io/meshery/mesheryctl/internal/cli/root/filter/list.go:62.17,64.4 1 0
github.com/layer5io/meshery/mesheryctl/internal/cli/root/filter/list.go:65.3,67.17 3 2
github.com/layer5io/meshery/mesheryctl/internal/cli/root/filter/list.go:67.17,69.4 1 0
github.com/layer5io/meshery/mesheryctl/internal/cli/root/filter/list.go:70.3,70.38 1 2
github.com/layer5io/meshery/mesheryctl/internal/cli/root/filter/list.go:70.38,72.4 1 0
github.com/layer5io/meshery/mesheryctl/internal/cli/root/filter/list.go:73.3,75.17 2 2
github.com/layer5io/meshery/mesheryctl/internal/cli/root/filter/list.go:75.17,77.4 1 0
github.com/layer5io/meshery/mesheryctl/internal/cli/root/filter/list.go:78.3,79.17 2 2
github.com/layer5io/meshery/mesheryctl/internal/cli/root/filter/list.go:79.17,81.4 1 0
github.com/layer5io/meshery/mesheryctl/internal/cli/root/filter/list.go:82.3,85.14 3 2
github.com/layer5io/meshery/mesheryctl/internal/cli/root/filter/list.go:85.14,86.26 1 0
github.com/layer5io/meshery/mesheryctl/internal/cli/root/filter/list.go:86.26,87.40 1 0
github.com/layer5io/meshery/mesheryctl/internal/cli/root/filter/list.go:87.40,93.6 5 0
github.com/layer5io/meshery/mesheryctl/internal/cli/root/filter/list.go:94.5,95.15 2 0
github.com/layer5io/meshery/mesheryctl/internal/cli/root/filter/list.go:98.4,98.39 1 0
github.com/layer5io/meshery/mesheryctl/internal/cli/root/filter/list.go:98.39,101.24 3 0
github.com/layer5io/meshery/mesheryctl/internal/cli/root/filter/list.go:101.24,103.6 1 0
github.com/layer5io/meshery/mesheryctl/internal/cli/root/filter/list.go:103.11,105.6 1 0
github.com/layer5io/meshery/mesheryctl/internal/cli/root/filter/list.go:106.5,109.86 4 0
github.com/layer5io/meshery/mesheryctl/internal/cli/root/filter/list.go:111.4,112.14 2 0
github.com/layer5io/meshery/mesheryctl/internal/cli/root/filter/list.go:116.3,116.25 1 2
github.com/layer5io/meshery/mesheryctl/internal/cli/root/filter/list.go:116.25,117.39 1 0
github.com/layer5io/meshery/mesheryctl/internal/cli/root/filter/list.go:117.39,123.5 5 0
github.com/layer5io/meshery/mesheryctl/internal/cli/root/filter/list.go:124.4,125.14 2 0
github.com/layer5io/meshery/mesheryctl/internal/cli/root/filter/list.go:127.3,127.38 1 2
github.com/layer5io/meshery/mesheryctl/internal/cli/root/filter/list.go:127.38,130.23 3 0
github.com/layer5io/meshery/mesheryctl/internal/cli/root/filter/list.go:130.23,132.5 1 0
github.com/layer5io/meshery/mesheryctl/internal/cli/root/filter/list.go:132.10,134.5 1 0
github.com/layer5io/meshery/mesheryctl/internal/cli/root/filter/list.go:135.4,138.85 4 0
github.com/layer5io/meshery/mesheryctl/internal/cli/root/filter/list.go:140.3,141.13 2 2
github.com/layer5io/meshery/mesheryctl/internal/cli/root/filter/list.go:145.13,147.2 1 1
github.com/layer5io/meshery/mesheryctl/internal/cli/root/filter/view.go:49.54,51.17 2 7
github.com/layer5io/meshery/mesheryctl/internal/cli/root/filter/view.go:51.17,53.4 1 0
github.com/layer5io/meshery/mesheryctl/internal/cli/root/filter/view.go:55.3,58.20 3 7
github.com/layer5io/meshery/mesheryctl/internal/cli/root/filter/view.go:58.20,59.19 1 7
github.com/layer5io/meshery/mesheryctl/internal/cli/root/filter/view.go:59.19,61.5 1 0
github.com/layer5io/meshery/mesheryctl/internal/cli/root/filter/view.go:62.4,63.18 2 7
github.com/layer5io/meshery/mesheryctl/internal/cli/root/filter/view.go:63.18,65.5 1 0
github.com/layer5io/meshery/mesheryctl/internal/cli/root/filter/view.go:68.3,69.23 2 7
github.com/layer5io/meshery/mesheryctl/internal/cli/root/filter/view.go:69.23,70.19 1 0
github.com/layer5io/meshery/mesheryctl/internal/cli/root/filter/view.go:70.19,72.5 1 0
github.com/layer5io/meshery/mesheryctl/internal/cli/root/filter/view.go:72.10,74.5 1 0
github.com/layer5io/meshery/mesheryctl/internal/cli/root/filter/view.go:75.9,75.18 1 7
github.com/layer5io/meshery/mesheryctl/internal/cli/root/filter/view.go:75.18,78.4 1 3
github.com/layer5io/meshery/mesheryctl/internal/cli/root/filter/view.go:78.9,81.4 1 4
github.com/layer5io/meshery/mesheryctl/internal/cli/root/filter/view.go:83.3,84.17 2 7
github.com/layer5io/meshery/mesheryctl/internal/cli/root/filter/view.go:84.17,86.4 1 0
github.com/layer5io/meshery/mesheryctl/internal/cli/root/filter/view.go:87.3,88.17 2 7
github.com/layer5io/meshery/mesheryctl/internal/cli/root/filter/view.go:88.17,90.4 1 0
github.com/layer5io/meshery/mesheryctl/internal/cli/root/filter/view.go:92.3,94.17 3 7
github.com/layer5io/meshery/mesheryctl/internal/cli/root/filter/view.go:94.17,96.4 1 0
github.com/layer5io/meshery/mesheryctl/internal/cli/root/filter/view.go:98.3,99.51 2 7
github.com/layer5io/meshery/mesheryctl/internal/cli/root/filter/view.go:99.51,101.4 1 0
github.com/layer5io/meshery/mesheryctl/internal/cli/root/filter/view.go:103.3,103.11 1 7
github.com/layer5io/meshery/mesheryctl/internal/cli/root/filter/view.go:103.11,104.65 1 3
github.com/layer5io/meshery/mesheryctl/internal/cli/root/filter/view.go:104.65,106.5 1 0
github.com/layer5io/meshery/mesheryctl/internal/cli/root/filter/view.go:107.9,107.25 1 4
github.com/layer5io/meshery/mesheryctl/internal/cli/root/filter/view.go:107.25,109.111 1 0
github.com/layer5io/meshery/mesheryctl/internal/cli/root/filter/view.go:109.111,111.5 1 0
github.com/layer5io/meshery/mesheryctl/internal/cli/root/filter/view.go:112.9,115.21 2 4
github.com/layer5io/meshery/mesheryctl/internal/cli/root/filter/view.go:115.21,118.5 2 2
github.com/layer5io/meshery/mesheryctl/internal/cli/root/filter/view.go:119.4,119.68 1 2
github.com/layer5io/meshery/mesheryctl/internal/cli/root/filter/view.go:119.68,121.5 1 0
github.com/layer5io/meshery/mesheryctl/internal/cli/root/filter/view.go:124.3,124.30 1 5
github.com/layer5io/meshery/mesheryctl/internal/cli/root/filter/view.go:124.30,125.53 1 5
github.com/layer5io/meshery/mesheryctl/internal/cli/root/filter/view.go:125.53,127.5 1 0
github.com/layer5io/meshery/mesheryctl/internal/cli/root/filter/view.go:128.9,128.37 1 0
github.com/layer5io/meshery/mesheryctl/internal/cli/root/filter/view.go:128.37,130.4 1 0
github.com/layer5io/meshery/mesheryctl/internal/cli/root/filter/view.go:131.3,132.13 2 5
github.com/layer5io/meshery/mesheryctl/internal/cli/root/filter/view.go:136.13,139.2 2 1
github.com/layer5io/meshery/mesheryctl/internal/cli/root/app/app.go:45.54,46.21 1 0
github.com/layer5io/meshery/mesheryctl/internal/cli/root/app/app.go:46.21,48.4 1 0
github.com/layer5io/meshery/mesheryctl/internal/cli/root/app/app.go:49.3,49.72 1 0
github.com/layer5io/meshery/mesheryctl/internal/cli/root/app/app.go:49.72,53.59 3 0
github.com/layer5io/meshery/mesheryctl/internal/cli/root/app/app.go:53.59,55.5 1 0
github.com/layer5io/meshery/mesheryctl/internal/cli/root/app/app.go:56.4,56.169 1 0
github.com/layer5io/meshery/mesheryctl/internal/cli/root/app/app.go:58.3,58.13 1 0
github.com/layer5io/meshery/mesheryctl/internal/cli/root/app/app.go:62.13,67.2 3 1
github.com/layer5io/meshery/mesheryctl/internal/cli/root/app/app.go:69.29,71.16 2 2
github.com/layer5io/meshery/mesheryctl/internal/cli/root/app/app.go:71.16,73.3 1 0
github.com/layer5io/meshery/mesheryctl/internal/cli/root/app/app.go:74.2,76.16 3 2
github.com/layer5io/meshery/mesheryctl/internal/cli/root/app/app.go:76.16,78.3 1 0
github.com/layer5io/meshery/mesheryctl/internal/cli/root/app/app.go:80.2,81.16 2 2
github.com/layer5io/meshery/mesheryctl/internal/cli/root/app/app.go:81.16,83.3 1 0
github.com/layer5io/meshery/mesheryctl/internal/cli/root/app/app.go:85.2,90.16 4 2
github.com/layer5io/meshery/mesheryctl/internal/cli/root/app/app.go:90.16,93.3 2 0
github.com/layer5io/meshery/mesheryctl/internal/cli/root/app/app.go:94.2,95.16 2 2
github.com/layer5io/meshery/mesheryctl/internal/cli/root/app/app.go:95.16,98.3 2 0
github.com/layer5io/meshery/mesheryctl/internal/cli/root/app/app.go:100.2,100.39 1 2
github.com/layer5io/meshery/mesheryctl/internal/cli/root/app/app.go:100.39,102.3 1 6
github.com/layer5io/meshery/mesheryctl/internal/cli/root/app/app.go:104.2,104.12 1 2
github.com/layer5io/meshery/mesheryctl/internal/cli/root/app/app.go:107.39,108.45 1 2
github.com/layer5io/meshery/mesheryctl/internal/cli/root/app/app.go:108.45,109.25 1 6
github.com/layer5io/meshery/mesheryctl/internal/cli/root/app/app.go:109.25,111.4 1 2
github.com/layer5io/meshery/mesheryctl/internal/cli/root/app/app.go:114.2,114.14 1 0
github.com/layer5io/meshery/mesheryctl/internal/cli/root/app/import.go:44.52,48.17 2 0
github.com/layer5io/meshery/mesheryctl/internal/cli/root/app/import.go:48.17,51.4 2 0
github.com/layer5io/meshery/mesheryctl/internal/cli/root/app/import.go:53.3,53.13 1 0
github.com/layer5io/meshery/mesheryctl/internal/cli/root/app/import.go:55.57,57.3 1 0
github.com/layer5io/meshery/mesheryctl/internal/cli/root/app/import.go:58.54,62.17 3 0
github.com/layer5io/meshery/mesheryctl/internal/cli/root/app/import.go:62.17,64.4 1 0
github.com/layer5io/meshery/mesheryctl/internal/cli/root/app/import.go:66.3,69.33 2 0
github.com/layer5io/meshery/mesheryctl/internal/cli/root/app/import.go:69.33,71.4 1 0
github.com/layer5io/meshery/mesheryctl/internal/cli/root/app/import.go:73.3,75.17 2 0
github.com/layer5io/meshery/mesheryctl/internal/cli/root/app/import.go:75.17,77.4 1 0
github.com/layer5io/meshery/mesheryctl/internal/cli/root/app/import.go:79.3,81.13 2 0
github.com/layer5io/meshery/mesheryctl/internal/cli/root/app/import.go:85.110,90.52 3 2
github.com/layer5io/meshery/mesheryctl/internal/cli/root/app/import.go:90.52,92.17 2 2
github.com/layer5io/meshery/mesheryctl/internal/cli/root/app/import.go:92.17,94.4 1 0
github.com/layer5io/meshery/mesheryctl/internal/cli/root/app/import.go:95.3,104.17 3 2
github.com/layer5io/meshery/mesheryctl/internal/cli/root/app/import.go:104.17,106.4 1 0
github.com/layer5io/meshery/mesheryctl/internal/cli/root/app/import.go:107.3,108.17 2 2
github.com/layer5io/meshery/mesheryctl/internal/cli/root/app/import.go:108.17,110.4 1 0
github.com/layer5io/meshery/mesheryctl/internal/cli/root/app/import.go:112.3,113.17 2 2
github.com/layer5io/meshery/mesheryctl/internal/cli/root/app/import.go:113.17,115.4 1 0
github.com/layer5io/meshery/mesheryctl/internal/cli/root/app/import.go:116.3,121.17 5 2
github.com/layer5io/meshery/mesheryctl/internal/cli/root/app/import.go:121.17,124.4 2 0
github.com/layer5io/meshery/mesheryctl/internal/cli/root/app/import.go:125.3,126.17 2 2
github.com/layer5io/meshery/mesheryctl/internal/cli/root/app/import.go:126.17,129.4 2 0
github.com/layer5io/meshery/mesheryctl/internal/cli/root/app/import.go:131.3,131.20 1 2
github.com/layer5io/meshery/mesheryctl/internal/cli/root/app/import.go:132.8,135.17 3 0
github.com/layer5io/meshery/mesheryctl/internal/cli/root/app/import.go:135.17,137.4 1 0
github.com/layer5io/meshery/mesheryctl/internal/cli/root/app/import.go:139.3,143.17 3 0
github.com/layer5io/meshery/mesheryctl/internal/cli/root/app/import.go:143.17,149.4 1 0
github.com/layer5io/meshery/mesheryctl/internal/cli/root/app/import.go:149.9,154.4 1 0
github.com/layer5io/meshery/mesheryctl/internal/cli/root/app/import.go:156.3,157.17 2 0
github.com/layer5io/meshery/mesheryctl/internal/cli/root/app/import.go:157.17,159.4 1 0
github.com/layer5io/meshery/mesheryctl/internal/cli/root/app/import.go:161.3,162.17 2 0
github.com/layer5io/meshery/mesheryctl/internal/cli/root/app/import.go:162.17,164.4 1 0
github.com/layer5io/meshery/mesheryctl/internal/cli/root/app/import.go:165.3,170.17 5 0
github.com/layer5io/meshery/mesheryctl/internal/cli/root/app/import.go:170.17,173.4 2 0
github.com/layer5io/meshery/mesheryctl/internal/cli/root/app/import.go:174.3,175.17 2 0
github.com/layer5io/meshery/mesheryctl/internal/cli/root/app/import.go:175.17,178.4 2 0
github.com/layer5io/meshery/mesheryctl/internal/cli/root/app/import.go:181.3,181.20 1 0
github.com/layer5io/meshery/mesheryctl/internal/cli/root/app/import.go:184.2,184.17 1 2
github.com/layer5io/meshery/mesheryctl/internal/cli/root/app/import.go:187.13,190.2 2 1
github.com/layer5io/meshery/mesheryctl/internal/cli/root/app/list.go:51.54,53.17 2 1
github.com/layer5io/meshery/mesheryctl/internal/cli/root/app/list.go:53.17,55.4 1 0
github.com/layer5io/meshery/mesheryctl/internal/cli/root/app/list.go:57.3,59.17 3 1
github.com/layer5io/meshery/mesheryctl/internal/cli/root/app/list.go:59.17,61.4 1 0
github.com/layer5io/meshery/mesheryctl/internal/cli/root/app/list.go:63.3,64.17 2 1
github.com/layer5io/meshery/mesheryctl/internal/cli/root/app/list.go:64.17,66.4 1 0
github.com/layer5io/meshery/mesheryctl/internal/cli/root/app/list.go:67.3,69.17 3 1
github.com/layer5io/meshery/mesheryctl/internal/cli/root/app/list.go:69.17,71.4 1 0
github.com/layer5io/meshery/mesheryctl/internal/cli/root/app/list.go:72.3,73.17 2 1
github.com/layer5io/meshery/mesheryctl/internal/cli/root/app/list.go:73.17,75.4 1 0
github.com/layer5io/meshery/mesheryctl/internal/cli/root/app/list.go:76.3,77.17 2 1
github.com/layer5io/meshery/mesheryctl/internal/cli/root/app/list.go:77.17,79.4 1 0
github.com/layer5io/meshery/mesheryctl/internal/cli/root/app/list.go:80.3,83.14 3 1
github.com/layer5io/meshery/mesheryctl/internal/cli/root/app/list.go:83.14,84.26 1 0
github.com/layer5io/meshery/mesheryctl/internal/cli/root/app/list.go:84.26,85.45 1 0
github.com/layer5io/meshery/mesheryctl/internal/cli/root/app/list.go:85.45,91.6 5 0
github.com/layer5io/meshery/mesheryctl/internal/cli/root/app/list.go:92.5,93.15 2 0
github.com/layer5io/meshery/mesheryctl/internal/cli/root/app/list.go:96.4,96.44 1 0
github.com/layer5io/meshery/mesheryctl/internal/cli/root/app/list.go:96.44,99.24 3 0
github.com/layer5io/meshery/mesheryctl/internal/cli/root/app/list.go:99.24,101.6 1 0
github.com/layer5io/meshery/mesheryctl/internal/cli/root/app/list.go:101.11,103.6 1 0
github.com/layer5io/meshery/mesheryctl/internal/cli/root/app/list.go:104.5,107.80 4 0
github.com/layer5io/meshery/mesheryctl/internal/cli/root/app/list.go:109.4,111.14 2 0
github.com/layer5io/meshery/mesheryctl/internal/cli/root/app/list.go:115.3,115.25 1 1
github.com/layer5io/meshery/mesheryctl/internal/cli/root/app/list.go:115.25,116.44 1 0
github.com/layer5io/meshery/mesheryctl/internal/cli/root/app/list.go:116.44,122.5 5 0
github.com/layer5io/meshery/mesheryctl/internal/cli/root/app/list.go:123.4,124.14 2 0
github.com/layer5io/meshery/mesheryctl/internal/cli/root/app/list.go:126.3,126.43 1 1
github.com/layer5io/meshery/mesheryctl/internal/cli/root/app/list.go:126.43,129.23 3 3
github.com/layer5io/meshery/mesheryctl/internal/cli/root/app/list.go:129.23,131.5 1 0
github.com/layer5io/meshery/mesheryctl/internal/cli/root/app/list.go:131.10,133.5 1 3
github.com/layer5io/meshery/mesheryctl/internal/cli/root/app/list.go:134.4,137.79 4 3
github.com/layer5io/meshery/mesheryctl/internal/cli/root/app/list.go:139.3,141.13 2 1
github.com/layer5io/meshery/mesheryctl/internal/cli/root/app/list.go:146.13,148.2 1 1
github.com/layer5io/meshery/mesheryctl/internal/cli/root/app/offboard.go:43.54,44.48 1 1
github.com/layer5io/meshery/mesheryctl/internal/cli/root/app/offboard.go:44.48,47.4 2 0
github.com/layer5io/meshery/mesheryctl/internal/cli/root/app/offboard.go:48.3,52.17 4 1
github.com/layer5io/meshery/mesheryctl/internal/cli/root/app/offboard.go:52.17,54.4 1 0
github.com/layer5io/meshery/mesheryctl/internal/cli/root/app/offboard.go:56.3,58.20 3 1
github.com/layer5io/meshery/mesheryctl/internal/cli/root/app/offboard.go:58.20,60.18 2 0
github.com/layer5io/meshery/mesheryctl/internal/cli/root/app/offboard.go:60.18,62.5 1 0
github.com/layer5io/meshery/mesheryctl/internal/cli/root/app/offboard.go:66.3,66.11 1 1
github.com/layer5io/meshery/mesheryctl/internal/cli/root/app/offboard.go:66.11,68.18 2 0
github.com/layer5io/meshery/mesheryctl/internal/cli/root/app/offboard.go:68.18,70.5 1 0
github.com/layer5io/meshery/mesheryctl/internal/cli/root/app/offboard.go:71.4,72.14 2 0
github.com/layer5io/meshery/mesheryctl/internal/cli/root/app/offboard.go:75.3,79.31 3 1
github.com/layer5io/meshery/mesheryctl/internal/cli/root/app/offboard.go:79.31,81.18 2 1
github.com/layer5io/meshery/mesheryctl/internal/cli/root/app/offboard.go:81.18,83.5 1 0
github.com/layer5io/meshery/mesheryctl/internal/cli/root/app/offboard.go:85.4,85.29 1 1
github.com/layer5io/meshery/mesheryctl/internal/cli/root/app/offboard.go:86.9,88.4 1 0
github.com/layer5io/meshery/mesheryctl/internal/cli/root/app/offboard.go:91.3,96.17 3 1
github.com/layer5io/meshery/mesheryctl/internal/cli/root/app/offboard.go:96.17,98.4 1 0
github.com/layer5io/meshery/mesheryctl/internal/cli/root/app/offboard.go:100.3,101.17 2 1
github.com/layer5io/meshery/mesheryctl/internal/cli/root/app/offboard.go:101.17,103.4 1 0
github.com/layer5io/meshery/mesheryctl/internal/cli/root/app/offboard.go:104.3,109.17 4 1
github.com/layer5io/meshery/mesheryctl/internal/cli/root/app/offboard.go:109.17,111.4 1 0
github.com/layer5io/meshery/mesheryctl/internal/cli/root/app/offboard.go:113.3,114.17 2 1
github.com/layer5io/meshery/mesheryctl/internal/cli/root/app/offboard.go:114.17,116.4 1 0
github.com/layer5io/meshery/mesheryctl/internal/cli/root/app/offboard.go:118.3,123.17 4 1
github.com/layer5io/meshery/mesheryctl/internal/cli/root/app/offboard.go:123.17,125.4 1 0
github.com/layer5io/meshery/mesheryctl/internal/cli/root/app/offboard.go:127.3,128.17 2 1
github.com/layer5io/meshery/mesheryctl/internal/cli/root/app/offboard.go:128.17,130.4 1 0
github.com/layer5io/meshery/mesheryctl/internal/cli/root/app/offboard.go:132.3,134.17 3 1
github.com/layer5io/meshery/mesheryctl/internal/cli/root/app/offboard.go:134.17,136.4 1 0
github.com/layer5io/meshery/mesheryctl/internal/cli/root/app/offboard.go:138.3,138.28 1 1
github.com/layer5io/meshery/mesheryctl/internal/cli/root/app/offboard.go:138.28,140.4 1 1
github.com/layer5io/meshery/mesheryctl/internal/cli/root/app/offboard.go:141.3,143.13 2 1
github.com/layer5io/meshery/mesheryctl/internal/cli/root/app/offboard.go:147.13,149.2 1 1
github.com/layer5io/meshery/mesheryctl/internal/cli/root/app/onboard.go:57.52,62.35 2 2
github.com/layer5io/meshery/mesheryctl/internal/cli/root/app/onboard.go:62.35,64.4 1 0
github.com/layer5io/meshery/mesheryctl/internal/cli/root/app/onboard.go:65.3,65.13 1 2
github.com/layer5io/meshery/mesheryctl/internal/cli/root/app/onboard.go:67.57,69.3 1 2
github.com/layer5io/meshery/mesheryctl/internal/cli/root/app/onboard.go:70.54,75.17 4 2
github.com/layer5io/meshery/mesheryctl/internal/cli/root/app/onboard.go:75.17,77.4 1 0
github.com/layer5io/meshery/mesheryctl/internal/cli/root/app/onboard.go:79.3,83.20 3 2
github.com/layer5io/meshery/mesheryctl/internal/cli/root/app/onboard.go:83.20,91.18 4 0
github.com/layer5io/meshery/mesheryctl/internal/cli/root/app/onboard.go:91.18,93.5 1 0
github.com/layer5io/meshery/mesheryctl/internal/cli/root/app/onboard.go:95.4,96.18 2 0
github.com/layer5io/meshery/mesheryctl/internal/cli/root/app/onboard.go:96.18,98.5 1 0
github.com/layer5io/meshery/mesheryctl/internal/cli/root/app/onboard.go:100.4,103.18 4 0
github.com/layer5io/meshery/mesheryctl/internal/cli/root/app/onboard.go:103.18,106.5 2 0
github.com/layer5io/meshery/mesheryctl/internal/cli/root/app/onboard.go:107.4,108.18 2 0
github.com/layer5io/meshery/mesheryctl/internal/cli/root/app/onboard.go:108.18,111.5 2 0
github.com/layer5io/meshery/mesheryctl/internal/cli/root/app/onboard.go:113.4,114.39 2 0
github.com/layer5io/meshery/mesheryctl/internal/cli/root/app/onboard.go:114.39,116.5 1 0
github.com/layer5io/meshery/mesheryctl/internal/cli/root/app/onboard.go:116.10,116.46 1 0
github.com/layer5io/meshery/mesheryctl/internal/cli/root/app/onboard.go:116.46,118.5 1 0
github.com/layer5io/meshery/mesheryctl/internal/cli/root/app/onboard.go:118.10,122.5 2 0
github.com/layer5io/meshery/mesheryctl/internal/cli/root/app/onboard.go:123.9,125.34 1 2
github.com/layer5io/meshery/mesheryctl/internal/cli/root/app/onboard.go:125.34,127.5 1 0
github.com/layer5io/meshery/mesheryctl/internal/cli/root/app/onboard.go:128.4,129.18 2 2
github.com/layer5io/meshery/mesheryctl/internal/cli/root/app/onboard.go:129.18,131.5 1 0
github.com/layer5io/meshery/mesheryctl/internal/cli/root/app/onboard.go:133.4,133.33 1 2
github.com/layer5io/meshery/mesheryctl/internal/cli/root/app/onboard.go:136.3,137.17 2 2
github.com/layer5io/meshery/mesheryctl/internal/cli/root/app/onboard.go:137.17,139.4 1 0
github.com/layer5io/meshery/mesheryctl/internal/cli/root/app/onboard.go:141.3,142.17 2 2
github.com/layer5io/meshery/mesheryctl/internal/cli/root/app/onboard.go:142.17,144.4 1 0
github.com/layer5io/meshery/mesheryctl/internal/cli/root/app/onboard.go:146.3,148.17 3 2
github.com/layer5io/meshery/mesheryctl/internal/cli/root/app/onboard.go:148.17,150.4 1 0
github.com/layer5io/meshery/mesheryctl/internal/cli/root/app/onboard.go:152.3,152.28 1 2
github.com/layer5io/meshery/mesheryctl/internal/cli/root/app/onboard.go:152.28,154.4 1 2
github.com/layer5io/meshery/mesheryctl/internal/cli/root/app/onboard.go:155.3,156.13 2 2
github.com/layer5io/meshery/mesheryctl/internal/cli/root/app/onboard.go:160.81,163.33 2 0
github.com/layer5io/meshery/mesheryctl/internal/cli/root/app/onboard.go:163.33,170.3 6 0
github.com/layer5io/meshery/mesheryctl/internal/cli/root/app/onboard.go:172.2,172.6 1 0
github.com/layer5io/meshery/mesheryctl/internal/cli/root/app/onboard.go:172.6,175.17 3 0
github.com/layer5io/meshery/mesheryctl/internal/cli/root/app/onboard.go:175.17,177.4 1 0
github.com/layer5io/meshery/mesheryctl/internal/cli/root/app/onboard.go:178.3,180.17 3 0
github.com/layer5io/meshery/mesheryctl/internal/cli/root/app/onboard.go:180.17,182.4 1 0
github.com/layer5io/meshery/mesheryctl/internal/cli/root/app/onboard.go:183.3,183.42 1 0
github.com/layer5io/meshery/mesheryctl/internal/cli/root/app/onboard.go:183.42,185.4 1 0
github.com/layer5io/meshery/mesheryctl/internal/cli/root/app/onboard.go:185.9,187.4 1 0
github.com/layer5io/meshery/mesheryctl/internal/cli/root/app/onboard.go:191.13,195.2 3 1
github.com/layer5io/meshery/mesheryctl/internal/cli/root/app/view.go:58.54,60.17 2 4
github.com/layer5io/meshery/mesheryctl/internal/cli/root/app/view.go:60.17,62.4 1 0
github.com/layer5io/meshery/mesheryctl/internal/cli/root/app/view.go:64.3,68.20 4 4
github.com/layer5io/meshery/mesheryctl/internal/cli/root/app/view.go:68.20,69.19 1 3
github.com/layer5io/meshery/mesheryctl/internal/cli/root/app/view.go:69.19,71.5 1 0
github.com/layer5io/meshery/mesheryctl/internal/cli/root/app/view.go:72.4,73.18 2 3
github.com/layer5io/meshery/mesheryctl/internal/cli/root/app/view.go:73.18,75.5 1 0
github.com/layer5io/meshery/mesheryctl/internal/cli/root/app/view.go:77.3,82.28 5 4
github.com/layer5io/meshery/mesheryctl/internal/cli/root/app/view.go:82.28,83.19 1 1
github.com/layer5io/meshery/mesheryctl/internal/cli/root/app/view.go:83.19,85.5 1 1
github.com/layer5io/meshery/mesheryctl/internal/cli/root/app/view.go:85.10,87.5 1 0
github.com/layer5io/meshery/mesheryctl/internal/cli/root/app/view.go:88.9,88.18 1 3
github.com/layer5io/meshery/mesheryctl/internal/cli/root/app/view.go:88.18,91.4 1 1
github.com/layer5io/meshery/mesheryctl/internal/cli/root/app/view.go:91.9,94.4 1 2
github.com/layer5io/meshery/mesheryctl/internal/cli/root/app/view.go:96.3,97.17 2 4
github.com/layer5io/meshery/mesheryctl/internal/cli/root/app/view.go:97.17,99.4 1 0
github.com/layer5io/meshery/mesheryctl/internal/cli/root/app/view.go:101.3,102.17 2 4
github.com/layer5io/meshery/mesheryctl/internal/cli/root/app/view.go:102.17,104.4 1 0
github.com/layer5io/meshery/mesheryctl/internal/cli/root/app/view.go:106.3,108.17 3 4
github.com/layer5io/meshery/mesheryctl/internal/cli/root/app/view.go:108.17,110.4 1 0
github.com/layer5io/meshery/mesheryctl/internal/cli/root/app/view.go:112.3,113.51 2 4
github.com/layer5io/meshery/mesheryctl/internal/cli/root/app/view.go:113.51,115.4 1 0
github.com/layer5io/meshery/mesheryctl/internal/cli/root/app/view.go:116.3,116.11 1 4
github.com/layer5io/meshery/mesheryctl/internal/cli/root/app/view.go:116.11,117.65 1 1
github.com/layer5io/meshery/mesheryctl/internal/cli/root/app/view.go:117.65,119.5 1 0
github.com/layer5io/meshery/mesheryctl/internal/cli/root/app/view.go:120.9,120.25 1 3
github.com/layer5io/meshery/mesheryctl/internal/cli/root/app/view.go:120.25,121.121 1 1
github.com/layer5io/meshery/mesheryctl/internal/cli/root/app/view.go:121.121,123.5 1 0
github.com/layer5io/meshery/mesheryctl/internal/cli/root/app/view.go:124.9,125.57 1 2
github.com/layer5io/meshery/mesheryctl/internal/cli/root/app/view.go:125.57,127.5 1 0
github.com/layer5io/meshery/mesheryctl/internal/cli/root/app/view.go:128.4,128.32 1 2
github.com/layer5io/meshery/mesheryctl/internal/cli/root/app/view.go:128.32,130.5 1 1
github.com/layer5io/meshery/mesheryctl/internal/cli/root/app/view.go:132.4,132.46 1 1
github.com/layer5io/meshery/mesheryctl/internal/cli/root/app/view.go:132.46,133.37 1 3
github.com/layer5io/meshery/mesheryctl/internal/cli/root/app/view.go:133.37,135.6 1 0
github.com/layer5io/meshery/mesheryctl/internal/cli/root/app/view.go:136.5,137.19 2 3
github.com/layer5io/meshery/mesheryctl/internal/cli/root/app/view.go:137.19,139.6 1 0
github.com/layer5io/meshery/mesheryctl/internal/cli/root/app/view.go:140.5,140.32 1 3
github.com/layer5io/meshery/mesheryctl/internal/cli/root/app/view.go:140.32,142.14 2 0
github.com/layer5io/meshery/mesheryctl/internal/cli/root/app/view.go:144.5,144.32 1 3
github.com/layer5io/meshery/mesheryctl/internal/cli/root/app/view.go:144.32,145.55 1 3
github.com/layer5io/meshery/mesheryctl/internal/cli/root/app/view.go:145.55,147.7 1 0
github.com/layer5io/meshery/mesheryctl/internal/cli/root/app/view.go:148.6,149.14 2 3
github.com/layer5io/meshery/mesheryctl/internal/cli/root/app/view.go:154.3,154.30 1 3
github.com/layer5io/meshery/mesheryctl/internal/cli/root/app/view.go:154.30,155.53 1 3
github.com/layer5io/meshery/mesheryctl/internal/cli/root/app/view.go:155.53,157.5 1 0
github.com/layer5io/meshery/mesheryctl/internal/cli/root/app/view.go:158.9,158.37 1 0
github.com/layer5io/meshery/mesheryctl/internal/cli/root/app/view.go:158.37,160.4 1 0
github.com/layer5io/meshery/mesheryctl/internal/cli/root/app/view.go:161.3,161.26 1 3
github.com/layer5io/meshery/mesheryctl/internal/cli/root/app/view.go:161.26,163.4 1 2
github.com/layer5io/meshery/mesheryctl/internal/cli/root/app/view.go:164.3,164.13 1 3
github.com/layer5io/meshery/mesheryctl/internal/cli/root/app/view.go:168.13,171.2 2 1
github.com/layer5io/meshery/mesheryctl/internal/cli/root/pattern/apply.go:61.54,66.17 4 3
github.com/layer5io/meshery/mesheryctl/internal/cli/root/pattern/apply.go:66.17,68.4 1 0
github.com/layer5io/meshery/mesheryctl/internal/cli/root/pattern/apply.go:70.3,74.20 3 3
github.com/layer5io/meshery/mesheryctl/internal/cli/root/pattern/apply.go:74.20,82.18 4 0
github.com/layer5io/meshery/mesheryctl/internal/cli/root/pattern/apply.go:82.18,84.5 1 0
github.com/layer5io/meshery/mesheryctl/internal/cli/root/pattern/apply.go:86.4,87.18 2 0
github.com/layer5io/meshery/mesheryctl/internal/cli/root/pattern/apply.go:87.18,89.5 1 0
github.com/layer5io/meshery/mesheryctl/internal/cli/root/pattern/apply.go:91.4,94.18 4 0
github.com/layer5io/meshery/mesheryctl/internal/cli/root/pattern/apply.go:94.18,96.5 1 0
github.com/layer5io/meshery/mesheryctl/internal/cli/root/pattern/apply.go:97.4,98.18 2 0
github.com/layer5io/meshery/mesheryctl/internal/cli/root/pattern/apply.go:98.18,100.5 1 0
github.com/layer5io/meshery/mesheryctl/internal/cli/root/pattern/apply.go:102.4,103.35 2 0
github.com/layer5io/meshery/mesheryctl/internal/cli/root/pattern/apply.go:103.35,105.5 1 0
github.com/layer5io/meshery/mesheryctl/internal/cli/root/pattern/apply.go:105.10,105.42 1 0
github.com/layer5io/meshery/mesheryctl/internal/cli/root/pattern/apply.go:105.42,107.5 1 0
github.com/layer5io/meshery/mesheryctl/internal/cli/root/pattern/apply.go:107.10,111.5 2 0
github.com/layer5io/meshery/mesheryctl/internal/cli/root/pattern/apply.go:112.9,115.17 2 3
github.com/layer5io/meshery/mesheryctl/internal/cli/root/pattern/apply.go:115.17,117.19 2 3
github.com/layer5io/meshery/mesheryctl/internal/cli/root/pattern/apply.go:117.19,119.6 1 0
github.com/layer5io/meshery/mesheryctl/internal/cli/root/pattern/apply.go:120.5,123.18 2 3
github.com/layer5io/meshery/mesheryctl/internal/cli/root/pattern/apply.go:123.18,131.20 2 1
github.com/layer5io/meshery/mesheryctl/internal/cli/root/pattern/apply.go:131.20,133.7 1 0
github.com/layer5io/meshery/mesheryctl/internal/cli/root/pattern/apply.go:134.6,135.20 2 1
github.com/layer5io/meshery/mesheryctl/internal/cli/root/pattern/apply.go:135.20,137.7 1 0
github.com/layer5io/meshery/mesheryctl/internal/cli/root/pattern/apply.go:139.6,140.20 2 1
github.com/layer5io/meshery/mesheryctl/internal/cli/root/pattern/apply.go:140.20,142.7 1 0
github.com/layer5io/meshery/mesheryctl/internal/cli/root/pattern/apply.go:143.6,148.20 5 1
github.com/layer5io/meshery/mesheryctl/internal/cli/root/pattern/apply.go:148.20,150.7 1 0
github.com/layer5io/meshery/mesheryctl/internal/cli/root/pattern/apply.go:151.6,152.20 2 1
github.com/layer5io/meshery/mesheryctl/internal/cli/root/pattern/apply.go:152.20,154.7 1 0
github.com/layer5io/meshery/mesheryctl/internal/cli/root/pattern/apply.go:158.5,158.23 1 3
github.com/layer5io/meshery/mesheryctl/internal/cli/root/pattern/apply.go:159.10,162.19 3 0
github.com/layer5io/meshery/mesheryctl/internal/cli/root/pattern/apply.go:162.19,164.6 1 0
github.com/layer5io/meshery/mesheryctl/internal/cli/root/pattern/apply.go:166.5,170.18 3 0
github.com/layer5io/meshery/mesheryctl/internal/cli/root/pattern/apply.go:170.18,171.20 1 0
github.com/layer5io/meshery/mesheryctl/internal/cli/root/pattern/apply.go:171.20,177.7 1 0
github.com/layer5io/meshery/mesheryctl/internal/cli/root/pattern/apply.go:177.12,182.7 1 0
github.com/layer5io/meshery/mesheryctl/internal/cli/root/pattern/apply.go:183.11,184.20 1 0
github.com/layer5io/meshery/mesheryctl/internal/cli/root/pattern/apply.go:184.20,190.7 1 0
github.com/layer5io/meshery/mesheryctl/internal/cli/root/pattern/apply.go:190.12,195.7 1 0
github.com/layer5io/meshery/mesheryctl/internal/cli/root/pattern/apply.go:197.5,198.19 2 0
github.com/layer5io/meshery/mesheryctl/internal/cli/root/pattern/apply.go:198.19,200.6 1 0
github.com/layer5io/meshery/mesheryctl/internal/cli/root/pattern/apply.go:202.5,203.19 2 0
github.com/layer5io/meshery/mesheryctl/internal/cli/root/pattern/apply.go:203.19,205.6 1 0
github.com/layer5io/meshery/mesheryctl/internal/cli/root/pattern/apply.go:206.5,211.19 5 0
github.com/layer5io/meshery/mesheryctl/internal/cli/root/pattern/apply.go:211.19,213.6 1 0
github.com/layer5io/meshery/mesheryctl/internal/cli/root/pattern/apply.go:214.5,215.19 2 0
github.com/layer5io/meshery/mesheryctl/internal/cli/root/pattern/apply.go:215.19,217.6 1 0
github.com/layer5io/meshery/mesheryctl/internal/cli/root/pattern/apply.go:220.5,220.42 1 0
github.com/layer5io/meshery/mesheryctl/internal/cli/root/pattern/apply.go:224.3,225.17 2 3
github.com/layer5io/meshery/mesheryctl/internal/cli/root/pattern/apply.go:225.17,227.4 1 0
github.com/layer5io/meshery/mesheryctl/internal/cli/root/pattern/apply.go:229.3,230.17 2 3
github.com/layer5io/meshery/mesheryctl/internal/cli/root/pattern/apply.go:230.17,232.4 1 0
github.com/layer5io/meshery/mesheryctl/internal/cli/root/pattern/apply.go:234.3,237.17 4 3
github.com/layer5io/meshery/mesheryctl/internal/cli/root/pattern/apply.go:237.17,239.4 1 0
github.com/layer5io/meshery/mesheryctl/internal/cli/root/pattern/apply.go:241.3,244.17 4 3
github.com/layer5io/meshery/mesheryctl/internal/cli/root/pattern/apply.go:244.17,246.4 1 0
github.com/layer5io/meshery/mesheryctl/internal/cli/root/pattern/apply.go:248.3,248.28 1 3
github.com/layer5io/meshery/mesheryctl/internal/cli/root/pattern/apply.go:248.28,250.4 1 3
github.com/layer5io/meshery/mesheryctl/internal/cli/root/pattern/apply.go:251.3,252.13 2 3
github.com/layer5io/meshery/mesheryctl/internal/cli/root/pattern/apply.go:256.73,259.33 2 0
github.com/layer5io/meshery/mesheryctl/internal/cli/root/pattern/apply.go:259.33,266.3 6 0
github.com/layer5io/meshery/mesheryctl/internal/cli/root/pattern/apply.go:268.2,268.6 1 0
github.com/layer5io/meshery/mesheryctl/internal/cli/root/pattern/apply.go:268.6,271.17 3 0
github.com/layer5io/meshery/mesheryctl/internal/cli/root/pattern/apply.go:271.17,273.4 1 0
github.com/layer5io/meshery/mesheryctl/internal/cli/root/pattern/apply.go:274.3,276.17 3 0
github.com/layer5io/meshery/mesheryctl/internal/cli/root/pattern/apply.go:276.17,278.4 1 0
github.com/layer5io/meshery/mesheryctl/internal/cli/root/pattern/apply.go:279.3,279.42 1 0
github.com/layer5io/meshery/mesheryctl/internal/cli/root/pattern/apply.go:279.42,281.4 1 0
github.com/layer5io/meshery/mesheryctl/internal/cli/root/pattern/apply.go:281.9,283.4 1 0
github.com/layer5io/meshery/mesheryctl/internal/cli/root/pattern/apply.go:287.13,290.2 2 1
github.com/layer5io/meshery/mesheryctl/internal/cli/root/pattern/delete.go:43.54,47.17 3 3
github.com/layer5io/meshery/mesheryctl/internal/cli/root/pattern/delete.go:47.17,49.4 1 0
github.com/layer5io/meshery/mesheryctl/internal/cli/root/pattern/delete.go:51.3,53.20 3 3
github.com/layer5io/meshery/mesheryctl/internal/cli/root/pattern/delete.go:53.20,55.18 2 0
github.com/layer5io/meshery/mesheryctl/internal/cli/root/pattern/delete.go:55.18,57.5 1 0
github.com/layer5io/meshery/mesheryctl/internal/cli/root/pattern/delete.go:61.3,61.11 1 3
github.com/layer5io/meshery/mesheryctl/internal/cli/root/pattern/delete.go:61.11,63.18 2 0
github.com/layer5io/meshery/mesheryctl/internal/cli/root/pattern/delete.go:63.18,65.5 1 0
github.com/layer5io/meshery/mesheryctl/internal/cli/root/pattern/delete.go:66.4,67.14 2 0
github.com/layer5io/meshery/mesheryctl/internal/cli/root/pattern/delete.go:69.3,73.31 3 3
github.com/layer5io/meshery/mesheryctl/internal/cli/root/pattern/delete.go:73.31,75.18 2 3
github.com/layer5io/meshery/mesheryctl/internal/cli/root/pattern/delete.go:75.18,77.5 1 1
github.com/layer5io/meshery/mesheryctl/internal/cli/root/pattern/delete.go:79.4,79.33 1 2
github.com/layer5io/meshery/mesheryctl/internal/cli/root/pattern/delete.go:80.9,83.18 2 0
github.com/layer5io/meshery/mesheryctl/internal/cli/root/pattern/delete.go:83.18,85.5 1 0
github.com/layer5io/meshery/mesheryctl/internal/cli/root/pattern/delete.go:87.4,94.18 4 0
github.com/layer5io/meshery/mesheryctl/internal/cli/root/pattern/delete.go:94.18,100.5 1 0
github.com/layer5io/meshery/mesheryctl/internal/cli/root/pattern/delete.go:100.10,105.5 1 0
github.com/layer5io/meshery/mesheryctl/internal/cli/root/pattern/delete.go:107.4,108.18 2 0
github.com/layer5io/meshery/mesheryctl/internal/cli/root/pattern/delete.go:108.18,110.5 1 0
github.com/layer5io/meshery/mesheryctl/internal/cli/root/pattern/delete.go:112.4,113.18 2 0
github.com/layer5io/meshery/mesheryctl/internal/cli/root/pattern/delete.go:113.18,115.5 1 0
github.com/layer5io/meshery/mesheryctl/internal/cli/root/pattern/delete.go:116.4,121.18 5 0
github.com/layer5io/meshery/mesheryctl/internal/cli/root/pattern/delete.go:121.18,123.5 1 0
github.com/layer5io/meshery/mesheryctl/internal/cli/root/pattern/delete.go:125.4,126.18 2 0
github.com/layer5io/meshery/mesheryctl/internal/cli/root/pattern/delete.go:126.18,128.5 1 0
github.com/layer5io/meshery/mesheryctl/internal/cli/root/pattern/delete.go:130.4,130.41 1 0
github.com/layer5io/meshery/mesheryctl/internal/cli/root/pattern/delete.go:133.3,134.17 2 2
github.com/layer5io/meshery/mesheryctl/internal/cli/root/pattern/delete.go:134.17,136.4 1 0
github.com/layer5io/meshery/mesheryctl/internal/cli/root/pattern/delete.go:138.3,139.17 2 2
github.com/layer5io/meshery/mesheryctl/internal/cli/root/pattern/delete.go:139.17,141.4 1 0
github.com/layer5io/meshery/mesheryctl/internal/cli/root/pattern/delete.go:143.3,145.17 3 2
github.com/layer5io/meshery/mesheryctl/internal/cli/root/pattern/delete.go:145.17,147.4 1 0
github.com/layer5io/meshery/mesheryctl/internal/cli/root/pattern/delete.go:149.3,151.13 2 2
github.com/layer5io/meshery/mesheryctl/internal/cli/root/pattern/delete.go:155.13,157.2 1 1
github.com/layer5io/meshery/mesheryctl/internal/cli/root/pattern/list.go:51.54,53.17 2 3
github.com/layer5io/meshery/mesheryctl/internal/cli/root/pattern/list.go:53.17,55.4 1 0
github.com/layer5io/meshery/mesheryctl/internal/cli/root/pattern/list.go:57.3,59.17 3 3
github.com/layer5io/meshery/mesheryctl/internal/cli/root/pattern/list.go:59.17,61.4 1 0
github.com/layer5io/meshery/mesheryctl/internal/cli/root/pattern/list.go:63.3,64.17 2 3
github.com/layer5io/meshery/mesheryctl/internal/cli/root/pattern/list.go:64.17,66.4 1 0
github.com/layer5io/meshery/mesheryctl/internal/cli/root/pattern/list.go:67.3,69.17 3 3
github.com/layer5io/meshery/mesheryctl/internal/cli/root/pattern/list.go:69.17,71.4 1 0
github.com/layer5io/meshery/mesheryctl/internal/cli/root/pattern/list.go:72.3,74.17 2 3
github.com/layer5io/meshery/mesheryctl/internal/cli/root/pattern/list.go:74.17,76.4 1 0
github.com/layer5io/meshery/mesheryctl/internal/cli/root/pattern/list.go:77.3,78.17 2 3
github.com/layer5io/meshery/mesheryctl/internal/cli/root/pattern/list.go:78.17,80.4 1 0
github.com/layer5io/meshery/mesheryctl/internal/cli/root/pattern/list.go:81.3,84.14 3 3
github.com/layer5io/meshery/mesheryctl/internal/cli/root/pattern/list.go:84.14,85.26 1 0
github.com/layer5io/meshery/mesheryctl/internal/cli/root/pattern/list.go:85.26,86.41 1 0
github.com/layer5io/meshery/mesheryctl/internal/cli/root/pattern/list.go:86.41,92.6 5 0
github.com/layer5io/meshery/mesheryctl/internal/cli/root/pattern/list.go:93.5,94.15 2 0
github.com/layer5io/meshery/mesheryctl/internal/cli/root/pattern/list.go:97.4,97.40 1 0
github.com/layer5io/meshery/mesheryctl/internal/cli/root/pattern/list.go:97.40,100.24 3 0
github.com/layer5io/meshery/mesheryctl/internal/cli/root/pattern/list.go:100.24,102.6 1 0
github.com/layer5io/meshery/mesheryctl/internal/cli/root/pattern/list.go:102.11,104.6 1 0
github.com/layer5io/meshery/mesheryctl/internal/cli/root/pattern/list.go:105.5,108.87 4 0
github.com/layer5io/meshery/mesheryctl/internal/cli/root/pattern/list.go:110.4,112.14 2 0
github.com/layer5io/meshery/mesheryctl/internal/cli/root/pattern/list.go:116.3,116.25 1 3
github.com/layer5io/meshery/mesheryctl/internal/cli/root/pattern/list.go:116.25,117.40 1 1
github.com/layer5io/meshery/mesheryctl/internal/cli/root/pattern/list.go:117.40,123.5 5 1
github.com/layer5io/meshery/mesheryctl/internal/cli/root/pattern/list.go:124.4,125.14 2 1
github.com/layer5io/meshery/mesheryctl/internal/cli/root/pattern/list.go:127.3,127.39 1 2
github.com/layer5io/meshery/mesheryctl/internal/cli/root/pattern/list.go:127.39,130.23 3 28
github.com/layer5io/meshery/mesheryctl/internal/cli/root/pattern/list.go:130.23,132.5 1 28
github.com/layer5io/meshery/mesheryctl/internal/cli/root/pattern/list.go:132.10,134.5 1 0
github.com/layer5io/meshery/mesheryctl/internal/cli/root/pattern/list.go:135.4,138.86 4 28
github.com/layer5io/meshery/mesheryctl/internal/cli/root/pattern/list.go:140.3,142.13 2 2
github.com/layer5io/meshery/mesheryctl/internal/cli/root/pattern/list.go:147.13,149.2 1 1
github.com/layer5io/meshery/mesheryctl/internal/cli/root/pattern/pattern.go:48.54,49.21 1 0
github.com/layer5io/meshery/mesheryctl/internal/cli/root/pattern/pattern.go:49.21,51.4 1 0
github.com/layer5io/meshery/mesheryctl/internal/cli/root/pattern/pattern.go:52.3,52.72 1 0
github.com/layer5io/meshery/mesheryctl/internal/cli/root/pattern/pattern.go:52.72,54.4 1 0
github.com/layer5io/meshery/mesheryctl/internal/cli/root/pattern/pattern.go:55.3,55.13 1 0
github.com/layer5io/meshery/mesheryctl/internal/cli/root/pattern/pattern.go:59.13,64.2 3 1
github.com/layer5io/meshery/mesheryctl/internal/cli/root/pattern/view.go:50.54,52.17 2 4
github.com/layer5io/meshery/mesheryctl/internal/cli/root/pattern/view.go:52.17,54.4 1 0
github.com/layer5io/meshery/mesheryctl/internal/cli/root/pattern/view.go:55.3,58.20 3 4
github.com/layer5io/meshery/mesheryctl/internal/cli/root/pattern/view.go:58.20,59.19 1 4
github.com/layer5io/meshery/mesheryctl/internal/cli/root/pattern/view.go:59.19,61.5 1 0
github.com/layer5io/meshery/mesheryctl/internal/cli/root/pattern/view.go:62.4,63.18 2 4
github.com/layer5io/meshery/mesheryctl/internal/cli/root/pattern/view.go:63.18,65.5 1 0
github.com/layer5io/meshery/mesheryctl/internal/cli/root/pattern/view.go:67.3,68.24 2 4
github.com/layer5io/meshery/mesheryctl/internal/cli/root/pattern/view.go:68.24,69.19 1 0
github.com/layer5io/meshery/mesheryctl/internal/cli/root/pattern/view.go:69.19,71.5 1 0
github.com/layer5io/meshery/mesheryctl/internal/cli/root/pattern/view.go:71.10,73.5 1 0
github.com/layer5io/meshery/mesheryctl/internal/cli/root/pattern/view.go:74.9,74.18 1 4
github.com/layer5io/meshery/mesheryctl/internal/cli/root/pattern/view.go:74.18,77.4 1 0
github.com/layer5io/meshery/mesheryctl/internal/cli/root/pattern/view.go:77.9,80.4 1 4
github.com/layer5io/meshery/mesheryctl/internal/cli/root/pattern/view.go:82.3,83.17 2 4
github.com/layer5io/meshery/mesheryctl/internal/cli/root/pattern/view.go:83.17,85.4 1 0
github.com/layer5io/meshery/mesheryctl/internal/cli/root/pattern/view.go:87.3,88.17 2 4
github.com/layer5io/meshery/mesheryctl/internal/cli/root/pattern/view.go:88.17,90.4 1 0
github.com/layer5io/meshery/mesheryctl/internal/cli/root/pattern/view.go:92.3,94.17 3 4
github.com/layer5io/meshery/mesheryctl/internal/cli/root/pattern/view.go:94.17,96.4 1 0
github.com/layer5io/meshery/mesheryctl/internal/cli/root/pattern/view.go:98.3,99.51 2 4
github.com/layer5io/meshery/mesheryctl/internal/cli/root/pattern/view.go:99.51,101.4 1 0
github.com/layer5io/meshery/mesheryctl/internal/cli/root/pattern/view.go:103.3,103.11 1 4
github.com/layer5io/meshery/mesheryctl/internal/cli/root/pattern/view.go:103.11,104.65 1 0
github.com/layer5io/meshery/mesheryctl/internal/cli/root/pattern/view.go:104.65,106.5 1 0
github.com/layer5io/meshery/mesheryctl/internal/cli/root/pattern/view.go:107.9,107.25 1 4
github.com/layer5io/meshery/mesheryctl/internal/cli/root/pattern/view.go:107.25,109.113 1 0
github.com/layer5io/meshery/mesheryctl/internal/cli/root/pattern/view.go:109.113,111.5 1 0
github.com/layer5io/meshery/mesheryctl/internal/cli/root/pattern/view.go:112.9,115.21 2 4
github.com/layer5io/meshery/mesheryctl/internal/cli/root/pattern/view.go:115.21,118.5 2 0
github.com/layer5io/meshery/mesheryctl/internal/cli/root/pattern/view.go:119.4,119.68 1 4
github.com/layer5io/meshery/mesheryctl/internal/cli/root/pattern/view.go:119.68,121.5 1 0
github.com/layer5io/meshery/mesheryctl/internal/cli/root/pattern/view.go:124.3,124.30 1 4
github.com/layer5io/meshery/mesheryctl/internal/cli/root/pattern/view.go:124.30,125.53 1 4
github.com/layer5io/meshery/mesheryctl/internal/cli/root/pattern/view.go:125.53,127.5 1 0
github.com/layer5io/meshery/mesheryctl/internal/cli/root/pattern/view.go:128.9,128.37 1 0
github.com/layer5io/meshery/mesheryctl/internal/cli/root/pattern/view.go:128.37,130.4 1 0
github.com/layer5io/meshery/mesheryctl/internal/cli/root/pattern/view.go:131.3,132.13 2 4
github.com/layer5io/meshery/mesheryctl/internal/cli/root/pattern/view.go:136.13,139.2 2 1
github.com/layer5io/meshery/server/internal/sql/map.go:17.38,19.2 1 0
github.com/layer5io/meshery/server/internal/sql/map.go:23.43,26.25 2 1
github.com/layer5io/meshery/server/internal/sql/map.go:27.14,28.8 1 1
github.com/layer5io/meshery/server/internal/sql/map.go:29.14,30.16 1 0
github.com/layer5io/meshery/server/internal/sql/map.go:31.10,32.73 1 0
github.com/layer5io/meshery/server/internal/sql/map.go:35.2,35.29 1 1
github.com/layer5io/meshery/server/internal/sql/map.go:40.44,42.16 2 1
github.com/layer5io/meshery/server/internal/sql/map.go:42.16,44.3 1 0
github.com/layer5io/meshery/server/internal/sql/map.go:46.2,46.23 1 1
github.com/layer5io/meshery/server/internal/sql/map.go:51.45,54.50 2 2
github.com/layer5io/meshery/server/internal/sql/map.go:54.50,56.3 1 0
github.com/layer5io/meshery/server/internal/sql/map.go:58.2,58.15 1 2
github.com/layer5io/meshery/server/internal/sql/map.go:58.15,60.3 1 0
github.com/layer5io/meshery/server/internal/sql/map.go:62.2,62.32 1 2
github.com/layer5io/meshery/server/internal/sql/map.go:62.32,64.3 1 2
github.com/layer5io/meshery/server/internal/sql/map.go:66.2,66.12 1 2
github.com/layer5io/meshery/server/internal/sql/map.go:71.47,73.2 1 0
github.com/layer5io/meshery/server/internal/sql/time.go:19.42,24.23 4 0
github.com/layer5io/meshery/server/internal/sql/time.go:25.14,27.17 2 0
github.com/layer5io/meshery/server/internal/sql/time.go:27.17,29.4 1 0
github.com/layer5io/meshery/server/internal/sql/time.go:30.14,32.17 2 0
github.com/layer5io/meshery/server/internal/sql/time.go:32.17,34.4 1 0
github.com/layer5io/meshery/server/internal/sql/time.go:35.17,36.9 1 0
github.com/layer5io/meshery/server/internal/sql/time.go:37.10,38.89 1 0
github.com/layer5io/meshery/server/internal/sql/time.go:41.2,45.12 2 0
github.com/layer5io/meshery/server/internal/sql/time.go:49.45,51.2 1 0
github.com/layer5io/meshery/server/internal/sql/time.go:55.46,57.2 1 0
github.com/layer5io/meshery/server/internal/sql/time.go:61.49,63.2 1 0
github.com/layer5io/meshery/server/internal/sql/time.go:67.46,69.2 1 0
github.com/layer5io/meshery/server/internal/sql/time.go:73.46,75.2 1 0
github.com/layer5io/meshery/server/internal/channels/broker.go:15.57,17.2 1 0
github.com/layer5io/meshery/server/internal/channels/broker.go:21.41,23.2 1 0
github.com/layer5io/meshery/server/internal/channels/broker.go:25.53,27.2 1 0
github.com/layer5io/meshery/server/internal/channels/broker.go:31.39,33.2 1 0
github.com/layer5io/meshery/server/internal/channels/meshsync.go:7.43,9.2 1 0
github.com/layer5io/meshery/server/internal/channels/meshsync.go:13.34,15.2 1 0
github.com/layer5io/meshery/server/internal/store/store.go:21.19,22.24 1 3
github.com/layer5io/meshery/server/internal/store/store.go:22.24,24.3 1 0
github.com/layer5io/meshery/server/internal/store/store.go:32.35,38.35 4 11
github.com/layer5io/meshery/server/internal/store/store.go:38.35,40.3 1 6
github.com/layer5io/meshery/server/internal/store/store.go:42.2,43.8 2 11
github.com/layer5io/meshery/server/internal/store/store.go:43.8,45.3 1 2
github.com/layer5io/meshery/server/internal/store/store.go:47.2,49.38 2 9
github.com/layer5io/meshery/server/internal/store/store.go:53.38,60.2 4 0
github.com/layer5io/meshery/server/internal/store/store.go:63.33,70.9 5 3
github.com/layer5io/meshery/server/internal/store/store.go:70.9,72.3 1 1
github.com/layer5io/meshery/server/internal/store/store.go:74.2,74.24 1 2
github.com/layer5io/meshery/server/internal/store/store.go:74.24,76.3 1 3
github.com/layer5io/meshery/server/internal/store/store.go:78.2,78.12 1 2
github.com/layer5io/meshery/server/internal/store/store.go:82.44,86.38 3 1
github.com/layer5io/meshery/server/internal/store/store.go:86.38,87.32 1 2
github.com/layer5io/meshery/server/internal/store/store.go:87.32,88.25 1 2
github.com/layer5io/meshery/server/internal/store/store.go:88.25,90.5 1 4
github.com/layer5io/meshery/server/internal/store/store.go:94.2,94.8 1 1
github.com/layer5io/meshery/server/internal/store/store.go:98.39,102.38 3 0
github.com/layer5io/meshery/server/internal/store/store.go:102.38,103.24 1 0
github.com/layer5io/meshery/server/internal/store/store.go:103.24,104.24 1 0
github.com/layer5io/meshery/server/internal/store/store.go:104.24,106.5 1 0
github.com/layer5io/meshery/server/internal/store/store.go:110.2,110.19 1 0
github.com/layer5io/meshery/server/internal/store/store.go:114.38,118.2 2 18
github.com/layer5io/meshery/server/internal/store/store.go:125.39,127.16 2 18
github.com/layer5io/meshery/server/internal/store/store.go:127.16,129.3 1 0
github.com/layer5io/meshery/server/internal/store/store.go:131.2,131.12 1 18
github.com/layer5io/meshery/server/internal/store/thread_safe_store.go:22.44,26.2 1 3
github.com/layer5io/meshery/server/meshes/client.go:17.83,28.16 4 0
github.com/layer5io/meshery/server/meshes/client.go:28.16,30.3 1 0
github.com/layer5io/meshery/server/meshes/client.go:32.2,37.8 2 0
github.com/layer5io/meshery/server/meshes/client.go:41.36,42.19 1 0
github.com/layer5io/meshery/server/meshes/client.go:42.19,44.3 1 0
github.com/layer5io/meshery/server/meshes/client.go:45.2,45.12 1 0
github.com/layer5io/meshery/server/meshes/meshops.pb.go:51.40,55.2 3 0
github.com/layer5io/meshery/server/meshes/meshops.pb.go:57.37,59.2 1 0
github.com/layer5io/meshery/server/meshes/meshops.pb.go:61.60,63.2 1 0
github.com/layer5io/meshery/server/meshes/meshops.pb.go:65.48,67.2 1 0
github.com/layer5io/meshery/server/meshes/meshops.pb.go:69.54,71.2 1 0
github.com/layer5io/meshery/server/meshes/meshops.pb.go:74.52,76.2 1 0
github.com/layer5io/meshery/server/meshes/meshops.pb.go:100.38,104.2 3 0
github.com/layer5io/meshery/server/meshes/meshops.pb.go:106.36,108.2 1 0
github.com/layer5io/meshery/server/meshes/meshops.pb.go:110.59,112.2 1 0
github.com/layer5io/meshery/server/meshes/meshops.pb.go:114.47,116.2 1 0
[...]
github.com/layer5io/meshery/server/models/pattern/stages/filler.go:167.24,168.29 1 7
github.com/layer5io/meshery/server/models/pattern/stages/filler.go:169.16,171.19 2 3
github.com/layer5io/meshery/server/models/pattern/stages/filler.go:171.19,173.6 1 0
github.com/layer5io/meshery/server/models/pattern/stages/filler.go:175.5,175.12 1 3
github.com/layer5io/meshery/server/models/pattern/stages/filler.go:175.12,176.14 1 1
github.com/layer5io/meshery/server/models/pattern/stages/filler.go:179.5,179.16 1 2
github.com/layer5io/meshery/server/models/pattern/stages/filler.go:180.23,181.30 1 2
github.com/layer5io/meshery/server/models/pattern/stages/filler.go:181.30,182.33 1 2
github.com/layer5io/meshery/server/models/pattern/stages/filler.go:183.18,185.21 2 0
github.com/layer5io/meshery/server/models/pattern/stages/filler.go:185.21,187.8 1 0
github.com/layer5io/meshery/server/models/pattern/stages/filler.go:189.7,189.14 1 0
github.com/layer5io/meshery/server/models/pattern/stages/filler.go:189.14,190.16 1 0
github.com/layer5io/meshery/server/models/pattern/stages/filler.go:193.7,193.37 1 0
github.com/layer5io/meshery/server/models/pattern/stages/filler.go:194.34,196.21 2 2
github.com/layer5io/meshery/server/models/pattern/stages/filler.go:196.21,198.8 1 0
github.com/layer5io/meshery/server/models/pattern/stages/filler.go:200.7,200.37 1 2
github.com/layer5io/meshery/server/models/pattern/stages/filler.go:203.32,206.19 3 1
github.com/layer5io/meshery/server/models/pattern/stages/filler.go:206.19,208.6 1 0
github.com/layer5io/meshery/server/models/pattern/stages/filler.go:212.3,212.17 1 9
github.com/layer5io/meshery/server/models/pattern/stages/filler.go:215.2,215.21 1 6
github.com/layer5io/meshery/server/models/pattern/stages/filler.go:218.86,220.9 2 3
github.com/layer5io/meshery/server/models/pattern/stages/filler.go:220.9,222.3 1 1
github.com/layer5io/meshery/server/models/pattern/stages/filler.go:224.2,225.12 2 2
github.com/layer5io/meshery/server/models/pattern/stages/filler.go:225.12,227.3 1 0
github.com/layer5io/meshery/server/models/pattern/stages/filler.go:229.2,230.9 2 2
github.com/layer5io/meshery/server/models/pattern/stages/filler.go:230.9,232.3 1 0
github.com/layer5io/meshery/server/models/pattern/stages/filler.go:234.2,234.24 1 2
github.com/layer5io/meshery/server/models/pattern/stages/filler.go:240.46,242.15 2 14
github.com/layer5io/meshery/server/models/pattern/stages/filler.go:242.15,244.3 1 10
github.com/layer5io/meshery/server/models/pattern/stages/filler.go:246.2,246.74 1 4
github.com/layer5io/meshery/server/models/pattern/stages/import.go:35.49,37.2 1 0
github.com/layer5io/meshery/server/models/pattern/stages/import.go:38.51,39.18 1 0
github.com/layer5io/meshery/server/models/pattern/stages/import.go:39.18,41.3 1 0
github.com/layer5io/meshery/server/models/pattern/stages/import.go:42.2,44.12 3 0
github.com/layer5io/meshery/server/models/pattern/stages/import.go:46.40,48.2 1 0
github.com/layer5io/meshery/server/models/pattern/stages/import.go:49.64,50.27 1 0
github.com/layer5io/meshery/server/models/pattern/stages/import.go:50.27,52.3 1 0
github.com/layer5io/meshery/server/models/pattern/stages/import.go:54.82,55.66 1 0
github.com/layer5io/meshery/server/models/pattern/stages/import.go:55.66,56.17 1 0
github.com/layer5io/meshery/server/models/pattern/stages/import.go:56.17,59.4 2 0
github.com/layer5io/meshery/server/models/pattern/stages/import.go:60.3,62.45 2 0
github.com/layer5io/meshery/server/models/pattern/stages/import.go:62.45,63.49 1 0
github.com/layer5io/meshery/server/models/pattern/stages/import.go:63.49,67.47 4 0
github.com/layer5io/meshery/server/models/pattern/stages/import.go:67.47,74.6 1 0
github.com/layer5io/meshery/server/models/pattern/stages/import.go:76.5,77.19 2 0
github.com/layer5io/meshery/server/models/pattern/stages/import.go:77.19,80.6 2 0
github.com/layer5io/meshery/server/models/pattern/stages/import.go:81.5,84.19 4 0
github.com/layer5io/meshery/server/models/pattern/stages/import.go:84.19,85.20 1 0
github.com/layer5io/meshery/server/models/pattern/stages/import.go:85.20,88.7 2 0
github.com/layer5io/meshery/server/models/pattern/stages/import.go:90.5,91.19 2 0
github.com/layer5io/meshery/server/models/pattern/stages/import.go:91.19,94.6 2 0
github.com/layer5io/meshery/server/models/pattern/stages/import.go:95.5,95.10 1 0
github.com/layer5io/meshery/server/models/pattern/stages/import.go:98.3,99.18 2 0
github.com/layer5io/meshery/server/models/pattern/stages/import.go:99.18,101.4 1 0
github.com/layer5io/meshery/server/models/pattern/stages/import.go:105.75,107.17 2 0
github.com/layer5io/meshery/server/models/pattern/stages/import.go:107.17,109.3 1 0
github.com/layer5io/meshery/server/models/pattern/stages/import.go:110.2,110.32 1 0
github.com/layer5io/meshery/server/models/pattern/stages/import.go:110.32,112.3 1 0
github.com/layer5io/meshery/server/models/pattern/stages/import.go:113.2,113.8 1 0
github.com/layer5io/meshery/server/models/pattern/stages/import.go:115.90,116.21 1 0
github.com/layer5io/meshery/server/models/pattern/stages/import.go:116.21,119.10 3 0
github.com/layer5io/meshery/server/models/pattern/stages/import.go:119.10,121.12 2 0
github.com/layer5io/meshery/server/models/pattern/stages/import.go:123.3,124.17 2 0
github.com/layer5io/meshery/server/models/pattern/stages/import.go:124.17,126.4 1 0
github.com/layer5io/meshery/server/models/pattern/stages/import.go:127.3,129.37 3 0
github.com/layer5io/meshery/server/models/pattern/stages/import.go:129.37,132.36 3 0
github.com/layer5io/meshery/server/models/pattern/stages/import.go:132.36,134.5 1 0
github.com/layer5io/meshery/server/models/pattern/stages/import.go:135.4,141.31 7 0
github.com/layer5io/meshery/server/models/pattern/stages/import.go:143.3,143.34 1 0
github.com/layer5io/meshery/server/models/pattern/stages/import.go:143.34,145.18 2 0
github.com/layer5io/meshery/server/models/pattern/stages/import.go:145.18,147.5 1 0
github.com/layer5io/meshery/server/models/pattern/stages/import.go:149.3,149.37 1 0
github.com/layer5io/meshery/server/models/pattern/stages/import.go:149.37,152.18 3 0
github.com/layer5io/meshery/server/models/pattern/stages/import.go:152.18,154.5 1 0
github.com/layer5io/meshery/server/models/pattern/stages/import.go:155.4,155.23 1 0
github.com/layer5io/meshery/server/models/pattern/stages/import.go:157.3,157.37 1 0
github.com/layer5io/meshery/server/models/pattern/stages/import.go:160.2,160.12 1 0
github.com/layer5io/meshery/server/models/pattern/stages/import.go:163.83,164.29 1 0
github.com/layer5io/meshery/server/models/pattern/stages/import.go:164.29,167.17 3 0
github.com/layer5io/meshery/server/models/pattern/stages/import.go:167.17,169.4 1 0
github.com/layer5io/meshery/server/models/pattern/stages/import.go:170.3,174.17 5 0
github.com/layer5io/meshery/server/models/pattern/stages/import.go:174.17,176.4 1 0
github.com/layer5io/meshery/server/models/pattern/stages/import.go:177.3,177.24 1 0
github.com/layer5io/meshery/server/models/pattern/stages/import.go:179.2,179.12 1 0
github.com/layer5io/meshery/server/models/pattern/stages/import.go:181.78,182.29 1 0
github.com/layer5io/meshery/server/models/pattern/stages/import.go:182.29,185.17 3 0
github.com/layer5io/meshery/server/models/pattern/stages/import.go:185.17,187.4 1 0
github.com/layer5io/meshery/server/models/pattern/stages/import.go:188.3,192.17 5 0
github.com/layer5io/meshery/server/models/pattern/stages/import.go:192.17,194.4 1 0
github.com/layer5io/meshery/server/models/pattern/stages/import.go:195.3,195.24 1 0
github.com/layer5io/meshery/server/models/pattern/stages/import.go:197.2,197.12 1 0
github.com/layer5io/meshery/server/models/pattern/stages/import.go:199.86,200.23 1 0
github.com/layer5io/meshery/server/models/pattern/stages/import.go:200.23,201.43 1 0
github.com/layer5io/meshery/server/models/pattern/stages/import.go:201.43,203.4 1 0
github.com/layer5io/meshery/server/models/pattern/stages/import.go:204.3,204.46 1 0
github.com/layer5io/meshery/server/models/pattern/stages/import.go:204.46,206.4 1 0
github.com/layer5io/meshery/server/models/pattern/stages/import.go:209.2,209.23 1 0
github.com/layer5io/meshery/server/models/pattern/stages/import.go:209.23,210.43 1 0
github.com/layer5io/meshery/server/models/pattern/stages/import.go:210.43,212.4 1 0
github.com/layer5io/meshery/server/models/pattern/stages/import.go:213.3,213.46 1 0
github.com/layer5io/meshery/server/models/pattern/stages/import.go:213.46,215.4 1 0
github.com/layer5io/meshery/server/models/pattern/stages/import.go:217.2,217.23 1 0
github.com/layer5io/meshery/server/models/pattern/stages/import.go:217.23,218.51 1 0
github.com/layer5io/meshery/server/models/pattern/stages/import.go:218.51,220.12 2 0
github.com/layer5io/meshery/server/models/pattern/stages/import.go:222.3,222.15 1 0
github.com/layer5io/meshery/server/models/pattern/stages/import.go:225.59,226.24 1 0
github.com/layer5io/meshery/server/models/pattern/stages/import.go:226.24,227.15 1 0
github.com/layer5io/meshery/server/models/pattern/stages/import.go:227.15,229.4 1 0
github.com/layer5io/meshery/server/models/pattern/stages/import.go:232.63,233.24 1 0
github.com/layer5io/meshery/server/models/pattern/stages/import.go:233.24,234.15 1 0
github.com/layer5io/meshery/server/models/pattern/stages/import.go:234.15,236.4 1 0
github.com/layer5io/meshery/server/models/pattern/stages/import.go:239.50,240.24 1 0
github.com/layer5io/meshery/server/models/pattern/stages/import.go:240.24,241.15 1 0
github.com/layer5io/meshery/server/models/pattern/stages/import.go:241.15,243.4 1 0
github.com/layer5io/meshery/server/models/pattern/stages/import.go:247.69,248.40 1 0
github.com/layer5io/meshery/server/models/pattern/stages/import.go:248.40,250.17 2 0
github.com/layer5io/meshery/server/models/pattern/stages/import.go:250.17,252.4 1 0
github.com/layer5io/meshery/server/models/pattern/stages/import.go:253.3,253.39 1 0
github.com/layer5io/meshery/server/models/pattern/stages/import.go:253.39,255.4 1 0
github.com/layer5io/meshery/server/models/pattern/stages/import.go:256.3,257.17 2 0
github.com/layer5io/meshery/server/models/pattern/stages/import.go:257.17,259.4 1 0
github.com/layer5io/meshery/server/models/pattern/stages/import.go:260.3,260.34 1 0
github.com/layer5io/meshery/server/models/pattern/stages/import.go:262.2,262.15 1 0
github.com/layer5io/meshery/server/models/pattern/stages/import.go:265.47,272.2 6 0
github.com/layer5io/meshery/server/models/pattern/stages/import.go:274.47,281.2 6 0
github.com/layer5io/meshery/server/models/pattern/stages/import.go:286.52,288.15 2 0
github.com/layer5io/meshery/server/models/pattern/stages/import.go:288.15,290.3 1 0
github.com/layer5io/meshery/server/models/pattern/stages/import.go:292.2,292.92 1 0
github.com/layer5io/meshery/server/models/pattern/stages/import.go:295.13,298.16 3 1
github.com/layer5io/meshery/server/models/pattern/stages/import.go:298.16,300.3 1 0
github.com/layer5io/meshery/server/models/pattern/stages/persist.go:10.83,11.66 1 0
github.com/layer5io/meshery/server/models/pattern/stages/persist.go:11.66,12.17 1 0
github.com/layer5io/meshery/server/models/pattern/stages/persist.go:12.17,15.4 2 0
github.com/layer5io/meshery/server/models/pattern/stages/persist.go:17.3,18.29 2 0
github.com/layer5io/meshery/server/models/pattern/stages/persist.go:18.29,20.48 1 0
github.com/layer5io/meshery/server/models/pattern/stages/persist.go:20.48,24.73 3 0
github.com/layer5io/meshery/server/models/pattern/stages/persist.go:24.73,27.6 1 0
github.com/layer5io/meshery/server/models/pattern/stages/persist.go:30.3,32.18 2 0
github.com/layer5io/meshery/server/models/pattern/stages/persist.go:32.18,34.4 1 0
github.com/layer5io/meshery/server/models/pattern/stages/provision.go:23.88,24.66 1 0
github.com/layer5io/meshery/server/models/pattern/stages/provision.go:24.66,25.17 1 0
github.com/layer5io/meshery/server/models/pattern/stages/provision.go:25.17,28.4 2 0
github.com/layer5io/meshery/server/models/pattern/stages/provision.go:30.3,34.17 3 0
github.com/layer5io/meshery/server/models/pattern/stages/provision.go:34.17,37.4 2 0
github.com/layer5io/meshery/server/models/pattern/stages/provision.go:40.3,40.25 1 0
github.com/layer5io/meshery/server/models/pattern/stages/provision.go:40.25,43.4 2 0
github.com/layer5io/meshery/server/models/pattern/stages/provision.go:45.3,46.17 2 0
github.com/layer5io/meshery/server/models/pattern/stages/provision.go:46.17,49.4 2 0
github.com/layer5io/meshery/server/models/pattern/stages/provision.go:51.3,54.61 2 0
github.com/layer5io/meshery/server/models/pattern/stages/provision.go:54.61,59.18 3 0
github.com/layer5io/meshery/server/models/pattern/stages/provision.go:59.18,61.5 1 0
github.com/layer5io/meshery/server/models/pattern/stages/provision.go:64.4,74.19 3 0
github.com/layer5io/meshery/server/models/pattern/stages/provision.go:74.19,76.5 1 0
github.com/layer5io/meshery/server/models/pattern/stages/provision.go:77.4,79.27 2 0
github.com/layer5io/meshery/server/models/pattern/stages/provision.go:79.27,81.5 1 0
github.com/layer5io/meshery/server/models/pattern/stages/provision.go:83.4,84.18 2 0
github.com/layer5io/meshery/server/models/pattern/stages/provision.go:84.18,87.5 2 0
github.com/layer5io/meshery/server/models/pattern/stages/provision.go:88.4,93.15 4 0
github.com/layer5io/meshery/server/models/pattern/stages/provision.go:96.3,96.18 1 0
github.com/layer5io/meshery/server/models/pattern/stages/provision.go:96.18,98.4 1 0
github.com/layer5io/meshery/server/models/pattern/stages/provision.go:102.48,103.42 1 0
github.com/layer5io/meshery/server/models/pattern/stages/provision.go:103.42,104.23 1 0
github.com/layer5io/meshery/server/models/pattern/stages/provision.go:104.23,106.4 1 0
github.com/layer5io/meshery/server/models/pattern/stages/provision.go:111.144,120.2 4 0
github.com/layer5io/meshery/server/models/pattern/stages/provision.go:122.38,123.20 1 1
github.com/layer5io/meshery/server/models/pattern/stages/provision.go:123.20,125.3 1 1
github.com/layer5io/meshery/server/models/pattern/stages/provision.go:127.2,128.27 2 0
github.com/layer5io/meshery/server/models/pattern/stages/provision.go:128.27,130.3 1 0
github.com/layer5io/meshery/server/models/pattern/stages/provision.go:132.2,132.47 1 0
github.com/layer5io/meshery/server/models/pattern/stages/service_identifier.go:12.106,13.66 1 0
github.com/layer5io/meshery/server/models/pattern/stages/service_identifier.go:13.66,15.51 1 0
github.com/layer5io/meshery/server/models/pattern/stages/service_identifier.go:15.51,23.31 2 0
github.com/layer5io/meshery/server/models/pattern/stages/service_identifier.go:23.31,26.19 2 0
github.com/layer5io/meshery/server/models/pattern/stages/service_identifier.go:26.19,29.6 2 0
github.com/layer5io/meshery/server/models/pattern/stages/service_identifier.go:31.5,32.13 2 0
github.com/layer5io/meshery/server/models/pattern/stages/service_identifier.go:36.4,39.22 4 0
github.com/layer5io/meshery/server/models/pattern/stages/service_identifier.go:41.3,42.18 2 0
github.com/layer5io/meshery/server/models/pattern/stages/service_identifier.go:42.18,44.4 1 0
github.com/layer5io/meshery/server/models/pattern/stages/validate.go:20.80,21.17 1 0
github.com/layer5io/meshery/server/models/pattern/stages/validate.go:21.17,23.3 1 0
github.com/layer5io/meshery/server/models/pattern/stages/validate.go:25.2,27.18 2 0
github.com/layer5io/meshery/server/models/pattern/stages/validate.go:28.21,30.10 2 0
github.com/layer5io/meshery/server/models/pattern/stages/validate.go:30.10,32.4 1 0
github.com/layer5io/meshery/server/models/pattern/stages/validate.go:33.3,33.36 1 0
github.com/layer5io/meshery/server/models/pattern/stages/validate.go:33.36,35.10 2 0
github.com/layer5io/meshery/server/models/pattern/stages/validate.go:35.10,37.12 2 0
github.com/layer5io/meshery/server/models/pattern/stages/validate.go:37.12,39.6 1 0
github.com/layer5io/meshery/server/models/pattern/stages/validate.go:40.5,41.19 2 0
github.com/layer5io/meshery/server/models/pattern/stages/validate.go:41.19,43.6 1 0
github.com/layer5io/meshery/server/models/pattern/stages/validate.go:46.20,48.17 2 0
github.com/layer5io/meshery/server/models/pattern/stages/validate.go:48.17,50.4 1 0
github.com/layer5io/meshery/server/models/pattern/stages/validate.go:52.2,52.12 1 0
github.com/layer5io/meshery/server/models/pattern/stages/validate.go:55.65,61.2 5 0
github.com/layer5io/meshery/server/models/pattern/stages/validate.go:63.109,66.66 2 0
github.com/layer5io/meshery/server/models/pattern/stages/validate.go:66.66,67.17 1 0
github.com/layer5io/meshery/server/models/pattern/stages/validate.go:67.17,70.4 2 0
github.com/layer5io/meshery/server/models/pattern/stages/validate.go:72.3,75.51 3 0
github.com/layer5io/meshery/server/models/pattern/stages/validate.go:75.51,77.18 2 0
github.com/layer5io/meshery/server/models/pattern/stages/validate.go:77.18,80.5 2 0
github.com/layer5io/meshery/server/models/pattern/stages/validate.go:81.4,82.19 2 0
github.com/layer5io/meshery/server/models/pattern/stages/validate.go:82.19,84.5 1 0
github.com/layer5io/meshery/server/models/pattern/stages/validate.go:86.4,86.23 1 0
github.com/layer5io/meshery/server/models/pattern/stages/validate.go:86.23,87.62 1 0
github.com/layer5io/meshery/server/models/pattern/stages/validate.go:87.62,90.6 2 0
github.com/layer5io/meshery/server/models/pattern/stages/validate.go:93.4,93.43 1 0
github.com/layer5io/meshery/server/models/pattern/stages/validate.go:93.43,95.19 2 0
github.com/layer5io/meshery/server/models/pattern/stages/validate.go:95.19,98.6 2 0
github.com/layer5io/meshery/server/models/pattern/stages/validate.go:102.4,104.72 2 0
github.com/layer5io/meshery/server/models/pattern/stages/validate.go:125.3,125.18 1 0
github.com/layer5io/meshery/server/models/pattern/stages/validate.go:125.18,127.4 1 0
github.com/layer5io/meshery/server/models/pattern/stages/validate.go:131.92,135.54 3 0
github.com/layer5io/meshery/server/models/pattern/stages/validate.go:135.54,137.3 1 0
github.com/layer5io/meshery/server/models/pattern/stages/validate.go:140.2,141.16 2 0
github.com/layer5io/meshery/server/models/pattern/stages/validate.go:141.16,143.3 1 0
github.com/layer5io/meshery/server/models/pattern/stages/validate.go:146.2,147.16 2 0
github.com/layer5io/meshery/server/models/pattern/stages/validate.go:147.16,149.3 1 0
github.com/layer5io/meshery/server/models/pattern/stages/validate.go:150.2,150.19 1 0
github.com/layer5io/meshery/server/models/pattern/stages/validate.go:150.19,152.3 1 0
github.com/layer5io/meshery/server/models/pattern/stages/validate.go:154.2,154.12 1 0
github.com/layer5io/meshery/server/router/server.go:22.113,269.115 116 0
github.com/layer5io/meshery/server/router/server.go:269.115,272.10 3 0
github.com/layer5io/meshery/server/router/server.go:272.10,275.4 2 0
github.com/layer5io/meshery/server/router/server.go:276.3,276.36 1 0
github.com/layer5io/meshery/server/router/server.go:278.2,278.114 1 0
github.com/layer5io/meshery/server/router/server.go:278.114,281.10 3 0
github.com/layer5io/meshery/server/router/server.go:281.10,284.4 2 0
github.com/layer5io/meshery/server/router/server.go:285.3,285.42 1 0
github.com/layer5io/meshery/server/router/server.go:287.2,287.118 1 0
github.com/layer5io/meshery/server/router/server.go:287.118,290.10 3 0
github.com/layer5io/meshery/server/router/server.go:290.10,293.4 2 0
github.com/layer5io/meshery/server/router/server.go:294.3,294.42 1 0
github.com/layer5io/meshery/server/router/server.go:296.2,297.114 1 0
github.com/layer5io/meshery/server/router/server.go:297.114,299.4 1 0
github.com/layer5io/meshery/server/router/server.go:302.2,302.92 1 0
github.com/layer5io/meshery/server/router/server.go:302.92,305.3 2 0
github.com/layer5io/meshery/server/router/server.go:308.2,341.111 17 0
github.com/layer5io/meshery/server/router/server.go:341.111,343.4 1 0
github.com/layer5io/meshery/server/router/server.go:346.2,349.3 1 0
github.com/layer5io/meshery/server/router/server.go:353.30,364.2 1 0
