mode: atomic
github.com/layer5io/meshery/mesheryctl/internal/cli/root/config/config.go:49.63,53.16 3 0
github.com/layer5io/meshery/mesheryctl/internal/cli/root/config/config.go:56.2,56.15 1 0
github.com/layer5io/meshery/mesheryctl/internal/cli/root/config/config.go:53.16,55.3 1 0
github.com/layer5io/meshery/mesheryctl/internal/cli/root/config/config.go:60.81,63.16 3 10
github.com/layer5io/meshery/mesheryctl/internal/cli/root/config/config.go:67.2,67.12 1 0
github.com/layer5io/meshery/mesheryctl/internal/cli/root/config/config.go:63.16,65.3 1 10
github.com/layer5io/meshery/mesheryctl/internal/cli/root/config/config.go:71.78,72.29 1 0
github.com/layer5io/meshery/mesheryctl/internal/cli/root/config/config.go:76.2,77.12 2 0
github.com/layer5io/meshery/mesheryctl/internal/cli/root/config/config.go:81.2,81.91 1 0
github.com/layer5io/meshery/mesheryctl/internal/cli/root/config/config.go:72.29,74.3 1 0
github.com/layer5io/meshery/mesheryctl/internal/cli/root/config/config.go:77.12,79.3 1 0
github.com/layer5io/meshery/mesheryctl/internal/cli/root/config/config.go:83.87,85.12 2 0
github.com/layer5io/meshery/mesheryctl/internal/cli/root/config/config.go:89.2,89.70 1 0
github.com/layer5io/meshery/mesheryctl/internal/cli/root/config/config.go:85.12,87.3 1 0
github.com/layer5io/meshery/mesheryctl/internal/cli/root/config/config.go:93.56,95.16 2 0
github.com/layer5io/meshery/mesheryctl/internal/cli/root/config/config.go:99.2,99.32 1 0
github.com/layer5io/meshery/mesheryctl/internal/cli/root/config/config.go:95.16,97.3 1 0
github.com/layer5io/meshery/mesheryctl/internal/cli/root/config/config.go:102.60,104.2 1 20
github.com/layer5io/meshery/mesheryctl/internal/cli/root/config/config.go:107.67,109.16 2 0
github.com/layer5io/meshery/mesheryctl/internal/cli/root/config/config.go:113.2,113.28 1 0
github.com/layer5io/meshery/mesheryctl/internal/cli/root/config/config.go:109.16,111.3 1 0
github.com/layer5io/meshery/mesheryctl/internal/cli/root/config/config.go:117.71,119.16 2 0
github.com/layer5io/meshery/mesheryctl/internal/cli/root/config/config.go:123.2,123.21 1 0
github.com/layer5io/meshery/mesheryctl/internal/cli/root/config/config.go:119.16,121.3 1 0
github.com/layer5io/meshery/mesheryctl/internal/cli/root/config/config.go:127.73,128.23 1 0
github.com/layer5io/meshery/mesheryctl/internal/cli/root/config/config.go:131.2,132.16 2 0
github.com/layer5io/meshery/mesheryctl/internal/cli/root/config/config.go:136.2,136.12 1 0
github.com/layer5io/meshery/mesheryctl/internal/cli/root/config/config.go:128.23,130.3 1 0
github.com/layer5io/meshery/mesheryctl/internal/cli/root/config/config.go:132.16,134.3 1 0
github.com/layer5io/meshery/mesheryctl/internal/cli/root/config/config.go:141.83,143.9 2 0
github.com/layer5io/meshery/mesheryctl/internal/cli/root/config/config.go:147.2,147.30 1 0
github.com/layer5io/meshery/mesheryctl/internal/cli/root/config/config.go:153.2,153.83 1 0
github.com/layer5io/meshery/mesheryctl/internal/cli/root/config/config.go:143.9,145.3 1 0
github.com/layer5io/meshery/mesheryctl/internal/cli/root/config/config.go:147.30,148.26 1 0
github.com/layer5io/meshery/mesheryctl/internal/cli/root/config/config.go:148.26,150.4 1 0
github.com/layer5io/meshery/mesheryctl/internal/cli/root/config/config.go:157.50,159.2 1 0
github.com/layer5io/meshery/mesheryctl/internal/cli/root/config/config.go:162.42,164.2 1 20
github.com/layer5io/meshery/mesheryctl/internal/cli/root/config/config.go:167.50,169.2 1 20
github.com/layer5io/meshery/mesheryctl/internal/cli/root/config/config.go:172.39,174.2 1 20
github.com/layer5io/meshery/mesheryctl/internal/cli/root/config/config.go:177.44,179.2 1 20
github.com/layer5io/meshery/mesheryctl/internal/cli/root/config/config.go:182.42,184.2 1 20
github.com/layer5io/meshery/mesheryctl/internal/cli/root/config/config.go:187.50,189.2 1 20
github.com/layer5io/meshery/mesheryctl/internal/cli/root/config/config.go:192.46,194.2 1 2
github.com/layer5io/meshery/mesheryctl/internal/cli/root/config/config.go:197.41,199.2 1 20
github.com/layer5io/meshery/mesheryctl/internal/cli/root/config/config.go:202.48,204.2 1 20
github.com/layer5io/meshery/mesheryctl/internal/cli/root/config/config.go:207.41,209.2 1 20
github.com/layer5io/meshery/mesheryctl/internal/cli/root/config/config.go:212.48,214.2 1 20
github.com/layer5io/meshery/mesheryctl/internal/cli/root/config/config.go:217.45,218.23 1 0
github.com/layer5io/meshery/mesheryctl/internal/cli/root/config/config.go:223.2,223.29 1 0
github.com/layer5io/meshery/mesheryctl/internal/cli/root/config/config.go:227.2,229.16 3 0
github.com/layer5io/meshery/mesheryctl/internal/cli/root/config/config.go:232.2,234.16 3 0
github.com/layer5io/meshery/mesheryctl/internal/cli/root/config/config.go:238.2,238.15 1 0
github.com/layer5io/meshery/mesheryctl/internal/cli/root/config/config.go:244.2,244.28 1 0
github.com/layer5io/meshery/mesheryctl/internal/cli/root/config/config.go:248.2,248.38 1 0
github.com/layer5io/meshery/mesheryctl/internal/cli/root/config/config.go:252.2,252.16 1 0
github.com/layer5io/meshery/mesheryctl/internal/cli/root/config/config.go:256.2,256.12 1 0
github.com/layer5io/meshery/mesheryctl/internal/cli/root/config/config.go:218.23,221.3 2 0
github.com/layer5io/meshery/mesheryctl/internal/cli/root/config/config.go:223.29,225.3 1 0
github.com/layer5io/meshery/mesheryctl/internal/cli/root/config/config.go:229.16,231.3 1 0
github.com/layer5io/meshery/mesheryctl/internal/cli/root/config/config.go:234.16,236.3 1 0
github.com/layer5io/meshery/mesheryctl/internal/cli/root/config/config.go:238.15,239.45 1 0
github.com/layer5io/meshery/mesheryctl/internal/cli/root/config/config.go:239.45,241.4 1 0
github.com/layer5io/meshery/mesheryctl/internal/cli/root/config/config.go:244.28,246.3 1 0
github.com/layer5io/meshery/mesheryctl/internal/cli/root/config/config.go:248.38,250.3 1 0
github.com/layer5io/meshery/mesheryctl/internal/cli/root/config/config.go:252.16,254.3 1 0
github.com/layer5io/meshery/mesheryctl/internal/cli/root/config/config.go:260.34,262.2 1 0
github.com/layer5io/meshery/mesheryctl/internal/cli/root/config/config.go:265.38,266.32 1 10
github.com/layer5io/meshery/mesheryctl/internal/cli/root/config/config.go:271.2,271.41 1 10
github.com/layer5io/meshery/mesheryctl/internal/cli/root/config/config.go:281.2,282.16 2 10
github.com/layer5io/meshery/mesheryctl/internal/cli/root/config/config.go:286.2,286.52 1 10
github.com/layer5io/meshery/mesheryctl/internal/cli/root/config/config.go:266.32,268.3 1 0
github.com/layer5io/meshery/mesheryctl/internal/cli/root/config/config.go:271.41,273.17 2 0
github.com/layer5io/meshery/mesheryctl/internal/cli/root/config/config.go:276.3,276.44 1 0
github.com/layer5io/meshery/mesheryctl/internal/cli/root/config/config.go:273.17,275.4 1 0
github.com/layer5io/meshery/mesheryctl/internal/cli/root/config/config.go:282.16,284.3 1 0
github.com/layer5io/meshery/mesheryctl/internal/cli/root/config/config.go:290.38,292.2 1 10
github.com/layer5io/meshery/mesheryctl/internal/cli/root/config/config.go:295.46,297.2 1 10
github.com/layer5io/meshery/mesheryctl/internal/cli/root/config/config.go:300.37,302.2 1 10
github.com/layer5io/meshery/mesheryctl/internal/cli/root/config/config.go:305.41,307.2 1 10
github.com/layer5io/meshery/mesheryctl/internal/cli/root/config/config.go:310.61,311.55 1 0
github.com/layer5io/meshery/mesheryctl/internal/cli/root/config/config.go:315.2,317.16 3 0
github.com/layer5io/meshery/mesheryctl/internal/cli/root/config/config.go:321.2,322.16 2 0
github.com/layer5io/meshery/mesheryctl/internal/cli/root/config/config.go:326.2,326.27 1 0
github.com/layer5io/meshery/mesheryctl/internal/cli/root/config/config.go:330.2,330.32 1 0
github.com/layer5io/meshery/mesheryctl/internal/cli/root/config/config.go:336.2,343.16 6 0
github.com/layer5io/meshery/mesheryctl/internal/cli/root/config/config.go:347.2,347.12 1 0
github.com/layer5io/meshery/mesheryctl/internal/cli/root/config/config.go:311.55,313.3 1 0
github.com/layer5io/meshery/mesheryctl/internal/cli/root/config/config.go:317.16,319.3 1 0
github.com/layer5io/meshery/mesheryctl/internal/cli/root/config/config.go:322.16,324.3 1 0
github.com/layer5io/meshery/mesheryctl/internal/cli/root/config/config.go:326.27,328.3 1 0
github.com/layer5io/meshery/mesheryctl/internal/cli/root/config/config.go:330.32,331.43 1 0
github.com/layer5io/meshery/mesheryctl/internal/cli/root/config/config.go:331.43,333.4 1 0
github.com/layer5io/meshery/mesheryctl/internal/cli/root/config/config.go:343.16,345.3 1 0
github.com/layer5io/meshery/mesheryctl/internal/cli/root/config/config.go:351.71,352.55 1 0
github.com/layer5io/meshery/mesheryctl/internal/cli/root/config/config.go:356.2,358.16 3 0
github.com/layer5io/meshery/mesheryctl/internal/cli/root/config/config.go:362.2,363.16 2 0
github.com/layer5io/meshery/mesheryctl/internal/cli/root/config/config.go:367.2,367.27 1 0
github.com/layer5io/meshery/mesheryctl/internal/cli/root/config/config.go:371.2,371.32 1 0
github.com/layer5io/meshery/mesheryctl/internal/cli/root/config/config.go:385.2,385.43 1 0
github.com/layer5io/meshery/mesheryctl/internal/cli/root/config/config.go:352.55,354.3 1 0
github.com/layer5io/meshery/mesheryctl/internal/cli/root/config/config.go:358.16,360.3 1 0
github.com/layer5io/meshery/mesheryctl/internal/cli/root/config/config.go:363.16,365.3 1 0
github.com/layer5io/meshery/mesheryctl/internal/cli/root/config/config.go:367.27,369.3 1 0
github.com/layer5io/meshery/mesheryctl/internal/cli/root/config/config.go:371.32,372.42 1 0
github.com/layer5io/meshery/mesheryctl/internal/cli/root/config/config.go:372.42,378.18 6 0
github.com/layer5io/meshery/mesheryctl/internal/cli/root/config/config.go:381.4,381.14 1 0
github.com/layer5io/meshery/mesheryctl/internal/cli/root/config/config.go:378.18,380.5 1 0
github.com/layer5io/meshery/mesheryctl/internal/cli/root/config/config.go:388.82,389.55 1 0
github.com/layer5io/meshery/mesheryctl/internal/cli/root/config/config.go:393.2,395.16 3 0
github.com/layer5io/meshery/mesheryctl/internal/cli/root/config/config.go:399.2,400.16 2 0
github.com/layer5io/meshery/mesheryctl/internal/cli/root/config/config.go:403.2,404.16 2 0
github.com/layer5io/meshery/mesheryctl/internal/cli/root/config/config.go:407.2,409.16 3 0
github.com/layer5io/meshery/mesheryctl/internal/cli/root/config/config.go:412.2,412.12 1 0
github.com/layer5io/meshery/mesheryctl/internal/cli/root/config/config.go:389.55,391.3 1 0
github.com/layer5io/meshery/mesheryctl/internal/cli/root/config/config.go:395.16,397.3 1 0
github.com/layer5io/meshery/mesheryctl/internal/cli/root/config/config.go:400.16,402.3 1 0
github.com/layer5io/meshery/mesheryctl/internal/cli/root/config/config.go:404.16,406.3 1 0
github.com/layer5io/meshery/mesheryctl/internal/cli/root/config/config.go:409.16,411.3 1 0
github.com/layer5io/meshery/mesheryctl/internal/cli/root/config/config.go:417.113,418.55 1 0
github.com/layer5io/meshery/mesheryctl/internal/cli/root/config/config.go:422.2,424.16 3 0
github.com/layer5io/meshery/mesheryctl/internal/cli/root/config/config.go:428.2,429.16 2 0
github.com/layer5io/meshery/mesheryctl/internal/cli/root/config/config.go:433.2,433.29 1 0
github.com/layer5io/meshery/mesheryctl/internal/cli/root/config/config.go:437.2,438.26 2 0
github.com/layer5io/meshery/mesheryctl/internal/cli/root/config/config.go:442.2,443.9 2 0
github.com/layer5io/meshery/mesheryctl/internal/cli/root/config/config.go:447.2,452.16 5 0
github.com/layer5io/meshery/mesheryctl/internal/cli/root/config/config.go:456.2,456.12 1 0
github.com/layer5io/meshery/mesheryctl/internal/cli/root/config/config.go:418.55,420.3 1 0
github.com/layer5io/meshery/mesheryctl/internal/cli/root/config/config.go:424.16,426.3 1 0
github.com/layer5io/meshery/mesheryctl/internal/cli/root/config/config.go:429.16,431.3 1 0
github.com/layer5io/meshery/mesheryctl/internal/cli/root/config/config.go:433.29,435.3 1 0
github.com/layer5io/meshery/mesheryctl/internal/cli/root/config/config.go:438.26,440.3 1 0
github.com/layer5io/meshery/mesheryctl/internal/cli/root/config/config.go:443.9,445.3 1 0
github.com/layer5io/meshery/mesheryctl/internal/cli/root/config/config.go:452.16,454.3 1 0
github.com/layer5io/meshery/server/internal/channels/broker.go:15.57,17.2 1 0
github.com/layer5io/meshery/server/internal/channels/broker.go:21.41,23.2 1 0
github.com/layer5io/meshery/server/internal/channels/broker.go:25.53,27.2 1 0
github.com/layer5io/meshery/server/internal/channels/broker.go:31.39,33.2 1 0
github.com/layer5io/meshery/server/internal/channels/meshsync.go:7.43,9.2 1 0
github.com/layer5io/meshery/server/internal/channels/meshsync.go:13.34,15.2 1 0
github.com/layer5io/meshery/server/internal/sql/map.go:17.38,19.2 1 0
github.com/layer5io/meshery/server/internal/sql/map.go:23.43,26.25 2 0
github.com/layer5io/meshery/server/internal/sql/map.go:35.2,35.29 1 0
github.com/layer5io/meshery/server/internal/sql/map.go:27.14,28.8 1 0
github.com/layer5io/meshery/server/internal/sql/map.go:29.14,30.16 1 0
github.com/layer5io/meshery/server/internal/sql/map.go:31.10,32.73 1 0
github.com/layer5io/meshery/server/internal/sql/map.go:40.44,42.16 2 0
github.com/layer5io/meshery/server/internal/sql/map.go:46.2,46.23 1 0
github.com/layer5io/meshery/server/internal/sql/map.go:42.16,44.3 1 0
github.com/layer5io/meshery/server/internal/sql/map.go:51.45,54.50 2 0
github.com/layer5io/meshery/server/internal/sql/map.go:58.2,58.15 1 0
github.com/layer5io/meshery/server/internal/sql/map.go:62.2,62.32 1 0
github.com/layer5io/meshery/server/internal/sql/map.go:66.2,66.12 1 0
github.com/layer5io/meshery/server/internal/sql/map.go:54.50,56.3 1 0
github.com/layer5io/meshery/server/internal/sql/map.go:58.15,60.3 1 0
github.com/layer5io/meshery/server/internal/sql/map.go:62.32,64.3 1 0
github.com/layer5io/meshery/server/internal/sql/map.go:71.47,73.2 1 0
github.com/layer5io/meshery/server/internal/sql/time.go:19.42,24.23 4 0
github.com/layer5io/meshery/server/internal/sql/time.go:41.2,45.12 2 0
github.com/layer5io/meshery/server/internal/sql/time.go:25.14,27.17 2 0
github.com/layer5io/meshery/server/internal/sql/time.go:30.14,32.17 2 0
github.com/layer5io/meshery/server/internal/sql/time.go:35.17,36.9 1 0
github.com/layer5io/meshery/server/internal/sql/time.go:37.10,38.89 1 0
github.com/layer5io/meshery/server/internal/sql/time.go:27.17,29.4 1 0
github.com/layer5io/meshery/server/internal/sql/time.go:32.17,34.4 1 0
github.com/layer5io/meshery/server/internal/sql/time.go:49.45,51.2 1 0
github.com/layer5io/meshery/server/internal/sql/time.go:55.46,57.2 1 0
github.com/layer5io/meshery/server/internal/sql/time.go:61.49,63.2 1 0
github.com/layer5io/meshery/server/internal/sql/time.go:67.46,69.2 1 0
github.com/layer5io/meshery/server/internal/sql/time.go:73.46,75.2 1 0
github.com/layer5io/meshery/server/internal/store/store.go:21.19,22.24 1 3
github.com/layer5io/meshery/server/internal/store/store.go:22.24,24.3 1 0
github.com/layer5io/meshery/server/internal/store/store.go:32.35,38.35 4 11
github.com/layer5io/meshery/server/internal/store/store.go:42.2,43.8 2 11
github.com/layer5io/meshery/server/internal/store/store.go:47.2,49.38 2 9
github.com/layer5io/meshery/server/internal/store/store.go:38.35,40.3 1 6
github.com/layer5io/meshery/server/internal/store/store.go:43.8,45.3 1 2
github.com/layer5io/meshery/server/internal/store/store.go:53.38,60.2 4 0
github.com/layer5io/meshery/server/internal/store/store.go:63.33,70.9 5 3
github.com/layer5io/meshery/server/internal/store/store.go:74.2,74.24 1 2
github.com/layer5io/meshery/server/internal/store/store.go:78.2,78.12 1 2
github.com/layer5io/meshery/server/internal/store/store.go:70.9,72.3 1 1
github.com/layer5io/meshery/server/internal/store/store.go:74.24,76.3 1 3
github.com/layer5io/meshery/server/internal/store/store.go:82.44,86.38 3 1
github.com/layer5io/meshery/server/internal/store/store.go:94.2,94.8 1 1
github.com/layer5io/meshery/server/internal/store/store.go:86.38,87.32 1 2
github.com/layer5io/meshery/server/internal/store/store.go:87.32,88.25 1 2
github.com/layer5io/meshery/server/internal/store/store.go:88.25,90.5 1 4
github.com/layer5io/meshery/server/internal/store/store.go:98.39,102.38 3 0
github.com/layer5io/meshery/server/internal/store/store.go:110.2,110.19 1 0
github.com/layer5io/meshery/server/internal/store/store.go:102.38,103.24 1 0
github.com/layer5io/meshery/server/internal/store/store.go:103.24,104.24 1 0
github.com/layer5io/meshery/server/internal/store/store.go:104.24,106.5 1 0
github.com/layer5io/meshery/server/internal/store/store.go:114.38,118.2 2 18
github.com/layer5io/meshery/server/internal/store/store.go:125.39,127.16 2 18
github.com/layer5io/meshery/server/internal/store/store.go:131.2,131.12 1 18
github.com/layer5io/meshery/server/internal/store/store.go:127.16,129.3 1 0
github.com/layer5io/meshery/server/internal/store/thread_safe_store.go:22.44,26.2 1 3
github.com/layer5io/meshery/server/meshes/client.go:18.85,29.16 4 0
github.com/layer5io/meshery/server/meshes/client.go:33.2,38.8 2 0
github.com/layer5io/meshery/server/meshes/client.go:29.16,31.3 1 0
github.com/layer5io/meshery/server/meshes/client.go:42.36,43.19 1 0
github.com/layer5io/meshery/server/meshes/client.go:46.2,46.12 1 0
github.com/layer5io/meshery/server/meshes/client.go:43.19,45.3 1 0
github.com/layer5io/meshery/server/meshes/meshops.pb.go:51.40,55.2 3 0
github.com/layer5io/meshery/server/meshes/meshops.pb.go:57.37,59.2 1 0
github.com/layer5io/meshery/server/meshes/meshops.pb.go:61.60,63.2 1 0
github.com/layer5io/meshery/server/meshes/meshops.pb.go:65.48,67.2 1 0
github.com/layer5io/meshery/server/meshes/meshops.pb.go:69.54,71.2 1 0
github.com/layer5io/meshery/server/meshes/meshops.pb.go:74.52,76.2 1 0
github.com/layer5io/meshery/server/meshes/meshops.pb.go:100.38,104.2 3 0
github.com/layer5io/meshery/server/meshes/meshops.pb.go:106.36,108.2 1 0
github.com/layer5io/meshery/server/meshes/meshops.pb.go:110.59,112.2 1 0
github.com/layer5io/meshery/server/meshes/meshops.pb.go:114.47,116.2 1 0
github.com/layer5io/meshery/server/meshes/meshops.pb.go:118.53,120.2 1 0
github.com/layer5io/meshery/server/meshes/meshops.pb.go:123.51,125.2 1 0
github.com/layer5io/meshery/server/meshes/meshops.pb.go:133.35,135.29 2 0
github.com/layer5io/meshery/server/meshes/meshops.pb.go:135.29,139.3 3 0
github.com/layer5io/meshery/server/meshes/meshops.pb.go:142.43,144.2 1 0
github.com/layer5io/meshery/server/meshes/meshops.pb.go:146.41,146.42 0 0
github.com/layer5io/meshery/server/meshes/meshops.pb.go:148.63,150.41 2 0
github.com/layer5io/meshery/server/meshes/meshops.pb.go:157.2,157.24 1 0
github.com/layer5io/meshery/server/meshes/meshops.pb.go:150.41,152.34 2 0
github.com/layer5io/meshery/server/meshes/meshops.pb.go:155.3,155.12 1 0
github.com/layer5io/meshery/server/meshes/meshops.pb.go:152.34,154.4 1 0
github.com/layer5io/meshery/server/meshes/meshops.pb.go:161.54,163.2 1 0
github.com/layer5io/meshery/server/meshes/meshops.pb.go:173.36,175.29 2 0
github.com/layer5io/meshery/server/meshes/meshops.pb.go:175.29,179.3 3 0
github.com/layer5io/meshery/server/meshes/meshops.pb.go:182.44,184.2 1 0
github.com/layer5io/meshery/server/meshes/meshops.pb.go:186.42,186.43 0 0
github.com/layer5io/meshery/server/meshes/meshops.pb.go:188.64,190.41 2 0
github.com/layer5io/meshery/server/meshes/meshops.pb.go:197.2,197.24 1 0
github.com/layer5io/meshery/server/meshes/meshops.pb.go:190.41,192.34 2 0
github.com/layer5io/meshery/server/meshes/meshops.pb.go:195.3,195.12 1 0
github.com/layer5io/meshery/server/meshes/meshops.pb.go:192.34,194.4 1 0
github.com/layer5io/meshery/server/meshes/meshops.pb.go:201.55,203.2 1 0
github.com/layer5io/meshery/server/meshes/meshops.pb.go:205.45,206.14 1 0
github.com/layer5io/meshery/server/meshes/meshops.pb.go:209.2,209.11 1 0
github.com/layer5io/meshery/server/meshes/meshops.pb.go:206.14,208.3 1 0
github.com/layer5io/meshery/server/meshes/meshops.pb.go:226.36,228.29 2 0
github.com/layer5io/meshery/server/meshes/meshops.pb.go:228.29,232.3 3 0
github.com/layer5io/meshery/server/meshes/meshops.pb.go:235.44,237.2 1 0
github.com/layer5io/meshery/server/meshes/meshops.pb.go:239.42,239.43 0 0
github.com/layer5io/meshery/server/meshes/meshops.pb.go:241.64,243.41 2 0
github.com/layer5io/meshery/server/meshes/meshops.pb.go:250.2,250.24 1 0
github.com/layer5io/meshery/server/meshes/meshops.pb.go:243.41,245.34 2 0
github.com/layer5io/meshery/server/meshes/meshops.pb.go:248.3,248.12 1 0
github.com/layer5io/meshery/server/meshes/meshops.pb.go:245.34,247.4 1 0
github.com/layer5io/meshery/server/meshes/meshops.pb.go:254.55,256.2 1 0
github.com/layer5io/meshery/server/meshes/meshops.pb.go:258.47,259.14 1 0
github.com/layer5io/meshery/server/meshes/meshops.pb.go:262.2,262.11 1 0
github.com/layer5io/meshery/server/meshes/meshops.pb.go:259.14,261.3 1 0
github.com/layer5io/meshery/server/meshes/meshops.pb.go:265.50,266.14 1 0
github.com/layer5io/meshery/server/meshes/meshops.pb.go:269.2,269.11 1 0
github.com/layer5io/meshery/server/meshes/meshops.pb.go:266.14,268.3 1 0
github.com/layer5io/meshery/server/meshes/meshops.pb.go:272.49,273.14 1 0
github.com/layer5io/meshery/server/meshes/meshops.pb.go:276.2,276.11 1 0
github.com/layer5io/meshery/server/meshes/meshops.pb.go:273.14,275.3 1 0
github.com/layer5io/meshery/server/meshes/meshops.pb.go:279.51,280.14 1 0
github.com/layer5io/meshery/server/meshes/meshops.pb.go:283.2,283.11 1 0
github.com/layer5io/meshery/server/meshes/meshops.pb.go:280.14,282.3 1 0
github.com/layer5io/meshery/server/meshes/meshops.pb.go:286.47,287.14 1 0
github.com/layer5io/meshery/server/meshes/meshops.pb.go:290.2,290.14 1 0
github.com/layer5io/meshery/server/meshes/meshops.pb.go:287.14,289.3 1 0
github.com/layer5io/meshery/server/meshes/meshops.pb.go:293.52,294.14 1 0
github.com/layer5io/meshery/server/meshes/meshops.pb.go:297.2,297.11 1 0
github.com/layer5io/meshery/server/meshes/meshops.pb.go:294.14,296.3 1 0
github.com/layer5io/meshery/server/meshes/meshops.pb.go:300.54,301.14 1 0
github.com/layer5io/meshery/server/meshes/meshops.pb.go:304.2,304.12 1 0
github.com/layer5io/meshery/server/meshes/meshops.pb.go:301.14,303.3 1 0
github.com/layer5io/meshery/server/meshes/meshops.pb.go:316.37,318.29 2 0
github.com/layer5io/meshery/server/meshes/meshops.pb.go:318.29,322.3 3 0
github.com/layer5io/meshery/server/meshes/meshops.pb.go:325.45,327.2 1 0
github.com/layer5io/meshery/server/meshes/meshops.pb.go:329.43,329.44 0 0
github.com/layer5io/meshery/server/meshes/meshops.pb.go:331.65,333.41 2 0
github.com/layer5io/meshery/server/meshes/meshops.pb.go:340.2,340.24 1 0
github.com/layer5io/meshery/server/meshes/meshops.pb.go:333.41,335.34 2 0
github.com/layer5io/meshery/server/meshes/meshops.pb.go:338.3,338.12 1 0
github.com/layer5io/meshery/server/meshes/meshops.pb.go:335.34,337.4 1 0
github.com/layer5io/meshery/server/meshes/meshops.pb.go:344.56,346.2 1 0
github.com/layer5io/meshery/server/meshes/meshops.pb.go:348.47,349.14 1 0
github.com/layer5io/meshery/server/meshes/meshops.pb.go:352.2,352.11 1 0
github.com/layer5io/meshery/server/meshes/meshops.pb.go:349.14,351.3 1 0
github.com/layer5io/meshery/server/meshes/meshops.pb.go:355.53,356.14 1 0
github.com/layer5io/meshery/server/meshes/meshops.pb.go:359.2,359.11 1 0
github.com/layer5io/meshery/server/meshes/meshops.pb.go:356.14,358.3 1 0
github.com/layer5io/meshery/server/meshes/meshops.pb.go:368.46,370.29 2 0
github.com/layer5io/meshery/server/meshes/meshops.pb.go:370.29,374.3 3 0
github.com/layer5io/meshery/server/meshes/meshops.pb.go:377.54,379.2 1 0
github.com/layer5io/meshery/server/meshes/meshops.pb.go:381.52,381.53 0 0
github.com/layer5io/meshery/server/meshes/meshops.pb.go:383.74,385.41 2 0
github.com/layer5io/meshery/server/meshes/meshops.pb.go:392.2,392.24 1 0
github.com/layer5io/meshery/server/meshes/meshops.pb.go:385.41,387.34 2 0
github.com/layer5io/meshery/server/meshes/meshops.pb.go:390.3,390.12 1 0
github.com/layer5io/meshery/server/meshes/meshops.pb.go:387.34,389.4 1 0
github.com/layer5io/meshery/server/meshes/meshops.pb.go:396.65,398.2 1 0
github.com/layer5io/meshery/server/meshes/meshops.pb.go:409.47,411.29 2 0
github.com/layer5io/meshery/server/meshes/meshops.pb.go:411.29,415.3 3 0
github.com/layer5io/meshery/server/meshes/meshops.pb.go:418.55,420.2 1 0
github.com/layer5io/meshery/server/meshes/meshops.pb.go:422.53,422.54 0 0
github.com/layer5io/meshery/server/meshes/meshops.pb.go:424.75,426.41 2 0
github.com/layer5io/meshery/server/meshes/meshops.pb.go:433.2,433.24 1 0
github.com/layer5io/meshery/server/meshes/meshops.pb.go:426.41,428.34 2 0
github.com/layer5io/meshery/server/meshes/meshops.pb.go:431.3,431.12 1 0
github.com/layer5io/meshery/server/meshes/meshops.pb.go:428.34,430.4 1 0
github.com/layer5io/meshery/server/meshes/meshops.pb.go:437.66,439.2 1 0
github.com/layer5io/meshery/server/meshes/meshops.pb.go:441.70,442.14 1 0
github.com/layer5io/meshery/server/meshes/meshops.pb.go:445.2,445.12 1 0
github.com/layer5io/meshery/server/meshes/meshops.pb.go:442.14,444.3 1 0
github.com/layer5io/meshery/server/meshes/meshops.pb.go:448.57,449.14 1 0
github.com/layer5io/meshery/server/meshes/meshops.pb.go:452.2,452.11 1 0
github.com/layer5io/meshery/server/meshes/meshops.pb.go:449.14,451.3 1 0
github.com/layer5io/meshery/server/meshes/meshops.pb.go:465.38,467.29 2 0
github.com/layer5io/meshery/server/meshes/meshops.pb.go:467.29,471.3 3 0
github.com/layer5io/meshery/server/meshes/meshops.pb.go:474.46,476.2 1 0
github.com/layer5io/meshery/server/meshes/meshops.pb.go:478.44,478.45 0 0
github.com/layer5io/meshery/server/meshes/meshops.pb.go:480.66,482.41 2 0
github.com/layer5io/meshery/server/meshes/meshops.pb.go:489.2,489.24 1 0
github.com/layer5io/meshery/server/meshes/meshops.pb.go:482.41,484.34 2 0
github.com/layer5io/meshery/server/meshes/meshops.pb.go:487.3,487.12 1 0
github.com/layer5io/meshery/server/meshes/meshops.pb.go:484.34,486.4 1 0
github.com/layer5io/meshery/server/meshes/meshops.pb.go:493.57,495.2 1 0
github.com/layer5io/meshery/server/meshes/meshops.pb.go:497.46,498.14 1 0
github.com/layer5io/meshery/server/meshes/meshops.pb.go:501.2,501.11 1 0
github.com/layer5io/meshery/server/meshes/meshops.pb.go:498.14,500.3 1 0
github.com/layer5io/meshery/server/meshes/meshops.pb.go:504.48,505.14 1 0
github.com/layer5io/meshery/server/meshes/meshops.pb.go:508.2,508.11 1 0
github.com/layer5io/meshery/server/meshes/meshops.pb.go:505.14,507.3 1 0
github.com/layer5io/meshery/server/meshes/meshops.pb.go:511.55,512.14 1 0
github.com/layer5io/meshery/server/meshes/meshops.pb.go:515.2,515.27 1 0
github.com/layer5io/meshery/server/meshes/meshops.pb.go:512.14,514.3 1 0
github.com/layer5io/meshery/server/meshes/meshops.pb.go:524.33,526.29 2 0
github.com/layer5io/meshery/server/meshes/meshops.pb.go:526.29,530.3 3 0
github.com/layer5io/meshery/server/meshes/meshops.pb.go:533.41,535.2 1 0
github.com/layer5io/meshery/server/meshes/meshops.pb.go:537.39,537.40 0 0
github.com/layer5io/meshery/server/meshes/meshops.pb.go:539.61,541.41 2 0
github.com/layer5io/meshery/server/meshes/meshops.pb.go:548.2,548.24 1 0
github.com/layer5io/meshery/server/meshes/meshops.pb.go:541.41,543.34 2 0
github.com/layer5io/meshery/server/meshes/meshops.pb.go:546.3,546.12 1 0
github.com/layer5io/meshery/server/meshes/meshops.pb.go:543.34,545.4 1 0
github.com/layer5io/meshery/server/meshes/meshops.pb.go:552.52,554.2 1 0
github.com/layer5io/meshery/server/meshes/meshops.pb.go:572.34,574.29 2 0
github.com/layer5io/meshery/server/meshes/meshops.pb.go:574.29,578.3 3 0
github.com/layer5io/meshery/server/meshes/meshops.pb.go:581.42,583.2 1 0
github.com/layer5io/meshery/server/meshes/meshops.pb.go:585.40,585.41 0 0
github.com/layer5io/meshery/server/meshes/meshops.pb.go:587.62,589.41 2 0
github.com/layer5io/meshery/server/meshes/meshops.pb.go:596.2,596.24 1 0
github.com/layer5io/meshery/server/meshes/meshops.pb.go:589.41,591.34 2 0
github.com/layer5io/meshery/server/meshes/meshops.pb.go:594.3,594.12 1 0
github.com/layer5io/meshery/server/meshes/meshops.pb.go:591.34,593.4 1 0
github.com/layer5io/meshery/server/meshes/meshops.pb.go:600.53,602.2 1 0
github.com/layer5io/meshery/server/meshes/meshops.pb.go:604.51,605.14 1 0
github.com/layer5io/meshery/server/meshes/meshops.pb.go:608.2,608.23 1 0
github.com/layer5io/meshery/server/meshes/meshops.pb.go:605.14,607.3 1 0
github.com/layer5io/meshery/server/meshes/meshops.pb.go:611.46,612.14 1 0
github.com/layer5io/meshery/server/meshes/meshops.pb.go:615.2,615.11 1 0
github.com/layer5io/meshery/server/meshes/meshops.pb.go:612.14,614.3 1 0
github.com/layer5io/meshery/server/meshes/meshops.pb.go:618.46,619.14 1 0
github.com/layer5io/meshery/server/meshes/meshops.pb.go:622.2,622.11 1 0
github.com/layer5io/meshery/server/meshes/meshops.pb.go:619.14,621.3 1 0
github.com/layer5io/meshery/server/meshes/meshops.pb.go:625.50,626.14 1 0
github.com/layer5io/meshery/server/meshes/meshops.pb.go:629.2,629.11 1 0
github.com/layer5io/meshery/server/meshes/meshops.pb.go:626.14,628.3 1 0
github.com/layer5io/meshery/server/meshes/meshops.pb.go:632.52,633.14 1 0
github.com/layer5io/meshery/server/meshes/meshops.pb.go:636.2,636.11 1 0
github.com/layer5io/meshery/server/meshes/meshops.pb.go:633.14,635.3 1 0
github.com/layer5io/meshery/server/meshes/meshops.pb.go:639.59,640.14 1 0
github.com/layer5io/meshery/server/meshes/meshops.pb.go:643.2,643.11 1 0
github.com/layer5io/meshery/server/meshes/meshops.pb.go:640.14,642.3 1 0
github.com/layer5io/meshery/server/meshes/meshops.pb.go:646.48,647.14 1 0
github.com/layer5io/meshery/server/meshes/meshops.pb.go:650.2,650.11 1 0
github.com/layer5io/meshery/server/meshes/meshops.pb.go:647.14,649.3 1 0
github.com/layer5io/meshery/server/meshes/meshops.pb.go:653.48,654.14 1 0
github.com/layer5io/meshery/server/meshes/meshops.pb.go:657.2,657.11 1 0
github.com/layer5io/meshery/server/meshes/meshops.pb.go:654.14,656.3 1 0
github.com/layer5io/meshery/server/meshes/meshops.pb.go:660.52,661.14 1 0
github.com/layer5io/meshery/server/meshes/meshops.pb.go:664.2,664.11 1 0
github.com/layer5io/meshery/server/meshes/meshops.pb.go:661.14,663.3 1 0
github.com/layer5io/meshery/server/meshes/meshops.pb.go:679.37,681.29 2 0
github.com/layer5io/meshery/server/meshes/meshops.pb.go:681.29,685.3 3 0
github.com/layer5io/meshery/server/meshes/meshops.pb.go:688.45,690.2 1 0
github.com/layer5io/meshery/server/meshes/meshops.pb.go:692.43,692.44 0 0
github.com/layer5io/meshery/server/meshes/meshops.pb.go:694.65,696.41 2 0
github.com/layer5io/meshery/server/meshes/meshops.pb.go:703.2,703.24 1 0
github.com/layer5io/meshery/server/meshes/meshops.pb.go:696.41,698.34 2 0
github.com/layer5io/meshery/server/meshes/meshops.pb.go:701.3,701.12 1 0
github.com/layer5io/meshery/server/meshes/meshops.pb.go:698.34,700.4 1 0
github.com/layer5io/meshery/server/meshes/meshops.pb.go:707.56,709.2 1 0
github.com/layer5io/meshery/server/meshes/meshops.pb.go:711.50,712.14 1 0
github.com/layer5io/meshery/server/meshes/meshops.pb.go:715.2,715.11 1 0
github.com/layer5io/meshery/server/meshes/meshops.pb.go:712.14,714.3 1 0
github.com/layer5io/meshery/server/meshes/meshops.pb.go:718.48,719.14 1 0
github.com/layer5io/meshery/server/meshes/meshops.pb.go:722.2,722.14 1 0
github.com/layer5io/meshery/server/meshes/meshops.pb.go:719.14,721.3 1 0
github.com/layer5io/meshery/server/meshes/meshops.pb.go:725.52,726.14 1 0
github.com/layer5io/meshery/server/meshes/meshops.pb.go:729.2,729.12 1 0
github.com/layer5io/meshery/server/meshes/meshops.pb.go:726.14,728.3 1 0
github.com/layer5io/meshery/server/meshes/meshops.pb.go:732.51,733.14 1 0
github.com/layer5io/meshery/server/meshes/meshops.pb.go:736.2,736.11 1 0
github.com/layer5io/meshery/server/meshes/meshops.pb.go:733.14,735.3 1 0
github.com/layer5io/meshery/server/meshes/meshops.pb.go:739.55,740.14 1 0
github.com/layer5io/meshery/server/meshes/meshops.pb.go:743.2,743.12 1 0
github.com/layer5io/meshery/server/meshes/meshops.pb.go:740.14,742.3 1 0
github.com/layer5io/meshery/server/meshes/meshops.pb.go:754.38,756.29 2 0
github.com/layer5io/meshery/server/meshes/meshops.pb.go:756.29,760.3 3 0
github.com/layer5io/meshery/server/meshes/meshops.pb.go:763.46,765.2 1 0
github.com/layer5io/meshery/server/meshes/meshops.pb.go:767.44,767.45 0 0
github.com/layer5io/meshery/server/meshes/meshops.pb.go:769.66,771.41 2 0
github.com/layer5io/meshery/server/meshes/meshops.pb.go:778.2,778.24 1 0
github.com/layer5io/meshery/server/meshes/meshops.pb.go:771.41,773.34 2 0
github.com/layer5io/meshery/server/meshes/meshops.pb.go:776.3,776.12 1 0
github.com/layer5io/meshery/server/meshes/meshops.pb.go:773.34,775.4 1 0
github.com/layer5io/meshery/server/meshes/meshops.pb.go:782.57,784.2 1 0
github.com/layer5io/meshery/server/meshes/meshops.pb.go:786.50,787.14 1 0
github.com/layer5io/meshery/server/meshes/meshops.pb.go:790.2,790.11 1 0
github.com/layer5io/meshery/server/meshes/meshops.pb.go:787.14,789.3 1 0
github.com/layer5io/meshery/server/meshes/meshops.pb.go:799.39,801.29 2 0
github.com/layer5io/meshery/server/meshes/meshops.pb.go:801.29,805.3 3 0
github.com/layer5io/meshery/server/meshes/meshops.pb.go:808.47,810.2 1 0
github.com/layer5io/meshery/server/meshes/meshops.pb.go:812.45,812.46 0 0
github.com/layer5io/meshery/server/meshes/meshops.pb.go:814.67,816.41 2 0
github.com/layer5io/meshery/server/meshes/meshops.pb.go:823.2,823.24 1 0
github.com/layer5io/meshery/server/meshes/meshops.pb.go:816.41,818.34 2 0
github.com/layer5io/meshery/server/meshes/meshops.pb.go:821.3,821.12 1 0
github.com/layer5io/meshery/server/meshes/meshops.pb.go:818.34,820.4 1 0
github.com/layer5io/meshery/server/meshes/meshops.pb.go:827.58,829.2 1 0
github.com/layer5io/meshery/server/meshes/meshops.pb.go:839.40,841.29 2 0
github.com/layer5io/meshery/server/meshes/meshops.pb.go:841.29,845.3 3 0
github.com/layer5io/meshery/server/meshes/meshops.pb.go:848.48,850.2 1 0
github.com/layer5io/meshery/server/meshes/meshops.pb.go:852.46,852.47 0 0
github.com/layer5io/meshery/server/meshes/meshops.pb.go:854.68,856.41 2 0
github.com/layer5io/meshery/server/meshes/meshops.pb.go:863.2,863.24 1 0
github.com/layer5io/meshery/server/meshes/meshops.pb.go:856.41,858.34 2 0
github.com/layer5io/meshery/server/meshes/meshops.pb.go:861.3,861.12 1 0
github.com/layer5io/meshery/server/meshes/meshops.pb.go:858.34,860.4 1 0
github.com/layer5io/meshery/server/meshes/meshops.pb.go:867.59,869.2 1 0
github.com/layer5io/meshery/server/meshes/meshops.pb.go:871.54,872.14 1 0
github.com/layer5io/meshery/server/meshes/meshops.pb.go:875.2,875.12 1 0
github.com/layer5io/meshery/server/meshes/meshops.pb.go:872.14,874.3 1 0
github.com/layer5io/meshery/server/meshes/meshops.pb.go:885.40,887.29 2 0
github.com/layer5io/meshery/server/meshes/meshops.pb.go:887.29,891.3 3 0
github.com/layer5io/meshery/server/meshes/meshops.pb.go:894.48,896.2 1 0
github.com/layer5io/meshery/server/meshes/meshops.pb.go:898.46,898.47 0 0
github.com/layer5io/meshery/server/meshes/meshops.pb.go:900.68,902.41 2 0
github.com/layer5io/meshery/server/meshes/meshops.pb.go:909.2,909.24 1 0
github.com/layer5io/meshery/server/meshes/meshops.pb.go:902.41,904.34 2 0
github.com/layer5io/meshery/server/meshes/meshops.pb.go:907.3,907.12 1 0
github.com/layer5io/meshery/server/meshes/meshops.pb.go:904.34,906.4 1 0
github.com/layer5io/meshery/server/meshes/meshops.pb.go:913.59,915.2 1 0
github.com/layer5io/meshery/server/meshes/meshops.pb.go:929.41,931.29 2 0
github.com/layer5io/meshery/server/meshes/meshops.pb.go:931.29,935.3 3 0
github.com/layer5io/meshery/server/meshes/meshops.pb.go:938.49,940.2 1 0
github.com/layer5io/meshery/server/meshes/meshops.pb.go:942.47,942.48 0 0
github.com/layer5io/meshery/server/meshes/meshops.pb.go:944.69,946.41 2 0
github.com/layer5io/meshery/server/meshes/meshops.pb.go:953.2,953.24 1 0
github.com/layer5io/meshery/server/meshes/meshops.pb.go:946.41,948.34 2 0
github.com/layer5io/meshery/server/meshes/meshops.pb.go:951.3,951.12 1 0
github.com/layer5io/meshery/server/meshes/meshops.pb.go:948.34,950.4 1 0
github.com/layer5io/meshery/server/meshes/meshops.pb.go:957.60,959.2 1 0
github.com/layer5io/meshery/server/meshes/meshops.pb.go:961.50,962.14 1 0
github.com/layer5io/meshery/server/meshes/meshops.pb.go:965.2,965.11 1 0
github.com/layer5io/meshery/server/meshes/meshops.pb.go:962.14,964.3 1 0
github.com/layer5io/meshery/server/meshes/meshops.pb.go:968.50,969.14 1 0
github.com/layer5io/meshery/server/meshes/meshops.pb.go:972.2,972.11 1 0
github.com/layer5io/meshery/server/meshes/meshops.pb.go:969.14,971.3 1 0
github.com/layer5io/meshery/server/meshes/meshops.pb.go:975.53,976.14 1 0
github.com/layer5io/meshery/server/meshes/meshops.pb.go:979.2,979.11 1 0
github.com/layer5io/meshery/server/meshes/meshops.pb.go:976.14,978.3 1 0
github.com/layer5io/meshery/server/meshes/meshops.pb.go:982.52,983.14 1 0
github.com/layer5io/meshery/server/meshes/meshops.pb.go:986.2,986.11 1 0
github.com/layer5io/meshery/server/meshes/meshops.pb.go:983.14,985.3 1 0
github.com/layer5io/meshery/server/meshes/meshops.pb.go:989.67,990.14 1 0
github.com/layer5io/meshery/server/meshes/meshops.pb.go:993.2,993.12 1 0
github.com/layer5io/meshery/server/meshes/meshops.pb.go:990.14,992.3 1 0
github.com/layer5io/meshery/server/meshes/meshops.pb.go:1151.46,1152.43 1 0
github.com/layer5io/meshery/server/meshes/meshops.pb.go:1155.2,1155.39 1 0
github.com/layer5io/meshery/server/meshes/meshops.pb.go:1152.43,1154.3 1 0
github.com/layer5io/meshery/server/meshes/meshops.pb.go:1206.13,1206.42 1 1
github.com/layer5io/meshery/server/meshes/meshops.pb.go:1207.32,1208.31 1 1
github.com/layer5io/meshery/server/meshes/meshops.pb.go:1211.2,1211.30 1 1
github.com/layer5io/meshery/server/meshes/meshops.pb.go:1393.2,1411.34 6 1
github.com/layer5io/meshery/server/meshes/meshops.pb.go:1208.31,1210.3 1 0
github.com/layer5io/meshery/server/meshes/meshops.pb.go:1211.30,1212.84 1 0
github.com/layer5io/meshery/server/meshes/meshops.pb.go:1224.3,1224.84 1 0
github.com/layer5io/meshery/server/meshes/meshops.pb.go:1236.3,1236.84 1 0
github.com/layer5io/meshery/server/meshes/meshops.pb.go:1248.3,1248.84 1 0
github.com/layer5io/meshery/server/meshes/meshops.pb.go:1260.3,1260.84 1 0
github.com/layer5io/meshery/server/meshes/meshops.pb.go:1272.3,1272.84 1 0
github.com/layer5io/meshery/server/meshes/meshops.pb.go:1284.3,1284.84 1 0
github.com/layer5io/meshery/server/meshes/meshops.pb.go:1296.3,1296.84 1 0
github.com/layer5io/meshery/server/meshes/meshops.pb.go:1308.3,1308.84 1 0
github.com/layer5io/meshery/server/meshes/meshops.pb.go:1320.3,1320.84 1 0
github.com/layer5io/meshery/server/meshes/meshops.pb.go:1332.3,1332.85 1 0
github.com/layer5io/meshery/server/meshes/meshops.pb.go:1344.3,1344.85 1 0
github.com/layer5io/meshery/server/meshes/meshops.pb.go:1356.3,1356.85 1 0
github.com/layer5io/meshery/server/meshes/meshops.pb.go:1368.3,1368.85 1 0
github.com/layer5io/meshery/server/meshes/meshops.pb.go:1380.3,1380.85 1 0
github.com/layer5io/meshery/server/meshes/meshops.pb.go:1212.84,1213.40 1 0
github.com/layer5io/meshery/server/meshes/meshops.pb.go:1214.11,1215.20 1 0
github.com/layer5io/meshery/server/meshes/meshops.pb.go:1216.11,1217.24 1 0
github.com/layer5io/meshery/server/meshes/meshops.pb.go:1218.11,1219.28 1 0
github.com/layer5io/meshery/server/meshes/meshops.pb.go:1220.12,1221.15 1 0
github.com/layer5io/meshery/server/meshes/meshops.pb.go:1224.84,1225.41 1 0
github.com/layer5io/meshery/server/meshes/meshops.pb.go:1226.11,1227.20 1 0
github.com/layer5io/meshery/server/meshes/meshops.pb.go:1228.11,1229.24 1 0
github.com/layer5io/meshery/server/meshes/meshops.pb.go:1230.11,1231.28 1 0
github.com/layer5io/meshery/server/meshes/meshops.pb.go:1232.12,1233.15 1 0
github.com/layer5io/meshery/server/meshes/meshops.pb.go:1236.84,1237.41 1 0
github.com/layer5io/meshery/server/meshes/meshops.pb.go:1238.11,1239.20 1 0
github.com/layer5io/meshery/server/meshes/meshops.pb.go:1240.11,1241.24 1 0
github.com/layer5io/meshery/server/meshes/meshops.pb.go:1242.11,1243.28 1 0
github.com/layer5io/meshery/server/meshes/meshops.pb.go:1244.12,1245.15 1 0
github.com/layer5io/meshery/server/meshes/meshops.pb.go:1248.84,1249.42 1 0
github.com/layer5io/meshery/server/meshes/meshops.pb.go:1250.11,1251.20 1 0
github.com/layer5io/meshery/server/meshes/meshops.pb.go:1252.11,1253.24 1 0
github.com/layer5io/meshery/server/meshes/meshops.pb.go:1254.11,1255.28 1 0
github.com/layer5io/meshery/server/meshes/meshops.pb.go:1256.12,1257.15 1 0
github.com/layer5io/meshery/server/meshes/meshops.pb.go:1260.84,1261.51 1 0
github.com/layer5io/meshery/server/meshes/meshops.pb.go:1262.11,1263.20 1 0
github.com/layer5io/meshery/server/meshes/meshops.pb.go:1264.11,1265.24 1 0
github.com/layer5io/meshery/server/meshes/meshops.pb.go:1266.11,1267.28 1 0
github.com/layer5io/meshery/server/meshes/meshops.pb.go:1268.12,1269.15 1 0
github.com/layer5io/meshery/server/meshes/meshops.pb.go:1272.84,1273.52 1 0
github.com/layer5io/meshery/server/meshes/meshops.pb.go:1274.11,1275.20 1 0
github.com/layer5io/meshery/server/meshes/meshops.pb.go:1276.11,1277.24 1 0
github.com/layer5io/meshery/server/meshes/meshops.pb.go:1278.11,1279.28 1 0
github.com/layer5io/meshery/server/meshes/meshops.pb.go:1280.12,1281.15 1 0
github.com/layer5io/meshery/server/meshes/meshops.pb.go:1284.84,1285.43 1 0
github.com/layer5io/meshery/server/meshes/meshops.pb.go:1286.11,1287.20 1 0
github.com/layer5io/meshery/server/meshes/meshops.pb.go:1288.11,1289.24 1 0
github.com/layer5io/meshery/server/meshes/meshops.pb.go:1290.11,1291.28 1 0
github.com/layer5io/meshery/server/meshes/meshops.pb.go:1292.12,1293.15 1 0
github.com/layer5io/meshery/server/meshes/meshops.pb.go:1296.84,1297.38 1 0
github.com/layer5io/meshery/server/meshes/meshops.pb.go:1298.11,1299.20 1 0
github.com/layer5io/meshery/server/meshes/meshops.pb.go:1300.11,1301.24 1 0
github.com/layer5io/meshery/server/meshes/meshops.pb.go:1302.11,1303.28 1 0
github.com/layer5io/meshery/server/meshes/meshops.pb.go:1304.12,1305.15 1 0
github.com/layer5io/meshery/server/meshes/meshops.pb.go:1308.84,1309.39 1 0
github.com/layer5io/meshery/server/meshes/meshops.pb.go:1310.11,1311.20 1 0
github.com/layer5io/meshery/server/meshes/meshops.pb.go:1312.11,1313.24 1 0
github.com/layer5io/meshery/server/meshes/meshops.pb.go:1314.11,1315.28 1 0
github.com/layer5io/meshery/server/meshes/meshops.pb.go:1316.12,1317.15 1 0
github.com/layer5io/meshery/server/meshes/meshops.pb.go:1320.84,1321.42 1 0
github.com/layer5io/meshery/server/meshes/meshops.pb.go:1322.11,1323.20 1 0
github.com/layer5io/meshery/server/meshes/meshops.pb.go:1324.11,1325.24 1 0
github.com/layer5io/meshery/server/meshes/meshops.pb.go:1326.11,1327.28 1 0
github.com/layer5io/meshery/server/meshes/meshops.pb.go:1328.12,1329.15 1 0
github.com/layer5io/meshery/server/meshes/meshops.pb.go:1332.85,1333.43 1 0
github.com/layer5io/meshery/server/meshes/meshops.pb.go:1334.11,1335.20 1 0
github.com/layer5io/meshery/server/meshes/meshops.pb.go:1336.11,1337.24 1 0
github.com/layer5io/meshery/server/meshes/meshops.pb.go:1338.11,1339.28 1 0
github.com/layer5io/meshery/server/meshes/meshops.pb.go:1340.12,1341.15 1 0
github.com/layer5io/meshery/server/meshes/meshops.pb.go:1344.85,1345.44 1 0
github.com/layer5io/meshery/server/meshes/meshops.pb.go:1346.11,1347.20 1 0
github.com/layer5io/meshery/server/meshes/meshops.pb.go:1348.11,1349.24 1 0
github.com/layer5io/meshery/server/meshes/meshops.pb.go:1350.11,1351.28 1 0
github.com/layer5io/meshery/server/meshes/meshops.pb.go:1352.12,1353.15 1 0
github.com/layer5io/meshery/server/meshes/meshops.pb.go:1356.85,1357.45 1 0
github.com/layer5io/meshery/server/meshes/meshops.pb.go:1358.11,1359.20 1 0
github.com/layer5io/meshery/server/meshes/meshops.pb.go:1360.11,1361.24 1 0
github.com/layer5io/meshery/server/meshes/meshops.pb.go:1362.11,1363.28 1 0
github.com/layer5io/meshery/server/meshes/meshops.pb.go:1364.12,1365.15 1 0
github.com/layer5io/meshery/server/meshes/meshops.pb.go:1368.85,1369.45 1 0
github.com/layer5io/meshery/server/meshes/meshops.pb.go:1370.11,1371.20 1 0
github.com/layer5io/meshery/server/meshes/meshops.pb.go:1372.11,1373.24 1 0
github.com/layer5io/meshery/server/meshes/meshops.pb.go:1374.11,1375.28 1 0
github.com/layer5io/meshery/server/meshes/meshops.pb.go:1376.12,1377.15 1 0
github.com/layer5io/meshery/server/meshes/meshops.pb.go:1380.85,1381.46 1 0
github.com/layer5io/meshery/server/meshes/meshops.pb.go:1382.11,1383.20 1 0
github.com/layer5io/meshery/server/meshes/meshops.pb.go:1384.11,1385.24 1 0
github.com/layer5io/meshery/server/meshes/meshops.pb.go:1386.11,1387.28 1 0
github.com/layer5io/meshery/server/meshes/meshops.pb.go:1388.12,1389.15 1 0
github.com/layer5io/meshery/server/meshes/meshops_grpc.pb.go:38.74,40.2 1 0
github.com/layer5io/meshery/server/meshes/meshops_grpc.pb.go:42.132,45.16 3 0
github.com/layer5io/meshery/server/meshes/meshops_grpc.pb.go:48.2,48.17 1 0
github.com/layer5io/meshery/server/meshes/meshops_grpc.pb.go:45.16,47.3 1 0
github.com/layer5io/meshery/server/meshes/meshops_grpc.pb.go:51.144,54.16 3 0
github.com/layer5io/meshery/server/meshes/meshops_grpc.pb.go:57.2,57.17 1 0
github.com/layer5io/meshery/server/meshes/meshops_grpc.pb.go:54.16,56.3 1 0
github.com/layer5io/meshery/server/meshes/meshops_grpc.pb.go:60.140,63.16 3 0
github.com/layer5io/meshery/server/meshes/meshops_grpc.pb.go:66.2,66.17 1 0
github.com/layer5io/meshery/server/meshes/meshops_grpc.pb.go:63.16,65.3 1 0
github.com/layer5io/meshery/server/meshes/meshops_grpc.pb.go:69.165,72.16 3 0
github.com/layer5io/meshery/server/meshes/meshops_grpc.pb.go:75.2,75.17 1 0
github.com/layer5io/meshery/server/meshes/meshops_grpc.pb.go:72.16,74.3 1 0
github.com/layer5io/meshery/server/meshes/meshops_grpc.pb.go:78.147,80.16 2 0
github.com/layer5io/meshery/server/meshes/meshops_grpc.pb.go:83.2,84.51 2 0
github.com/layer5io/meshery/server/meshes/meshops_grpc.pb.go:87.2,87.51 1 0
github.com/layer5io/meshery/server/meshes/meshops_grpc.pb.go:90.2,90.15 1 0
github.com/layer5io/meshery/server/meshes/meshops_grpc.pb.go:80.16,82.3 1 0
github.com/layer5io/meshery/server/meshes/meshops_grpc.pb.go:84.51,86.3 1 0
github.com/layer5io/meshery/server/meshes/meshops_grpc.pb.go:87.51,89.3 1 0
github.com/layer5io/meshery/server/meshes/meshops_grpc.pb.go:102.73,104.50 2 0
github.com/layer5io/meshery/server/meshes/meshops_grpc.pb.go:107.2,107.15 1 0
github.com/layer5io/meshery/server/meshes/meshops_grpc.pb.go:104.50,106.3 1 0
github.com/layer5io/meshery/server/meshes/meshops_grpc.pb.go:110.138,113.16 3 0
github.com/layer5io/meshery/server/meshes/meshops_grpc.pb.go:116.2,116.17 1 0
github.com/layer5io/meshery/server/meshes/meshops_grpc.pb.go:113.16,115.3 1 0
github.com/layer5io/meshery/server/meshes/meshops_grpc.pb.go:119.147,122.16 3 0
github.com/layer5io/meshery/server/meshes/meshops_grpc.pb.go:125.2,125.17 1 0
github.com/layer5io/meshery/server/meshes/meshops_grpc.pb.go:122.16,124.3 1 0
github.com/layer5io/meshery/server/meshes/meshops_grpc.pb.go:146.110,148.2 1 0
github.com/layer5io/meshery/server/meshes/meshops_grpc.pb.go:149.122,151.2 1 0
github.com/layer5io/meshery/server/meshes/meshops_grpc.pb.go:152.118,154.2 1 0
github.com/layer5io/meshery/server/meshes/meshops_grpc.pb.go:155.143,157.2 1 0
github.com/layer5io/meshery/server/meshes/meshops_grpc.pb.go:158.106,160.2 1 0
github.com/layer5io/meshery/server/meshes/meshops_grpc.pb.go:161.116,163.2 1 0
github.com/layer5io/meshery/server/meshes/meshops_grpc.pb.go:164.125,166.2 1 0
github.com/layer5io/meshery/server/meshes/meshops_grpc.pb.go:167.82,167.83 0 0
github.com/layer5io/meshery/server/meshes/meshops_grpc.pb.go:176.80,178.2 1 0
github.com/layer5io/meshery/server/meshes/meshops_grpc.pb.go:180.165,182.32 2 0
github.com/layer5io/meshery/server/meshes/meshops_grpc.pb.go:185.2,185.24 1 0
github.com/layer5io/meshery/server/meshes/meshops_grpc.pb.go:188.2,192.77 2 0
github.com/layer5io/meshery/server/meshes/meshops_grpc.pb.go:195.2,195.44 1 0
github.com/layer5io/meshery/server/meshes/meshops_grpc.pb.go:182.32,184.3 1 0
github.com/layer5io/meshery/server/meshes/meshops_grpc.pb.go:185.24,187.3 1 0
github.com/layer5io/meshery/server/meshes/meshops_grpc.pb.go:192.77,194.3 1 0
github.com/layer5io/meshery/server/meshes/meshops_grpc.pb.go:198.169,200.32 2 0
github.com/layer5io/meshery/server/meshes/meshops_grpc.pb.go:203.2,203.24 1 0
github.com/layer5io/meshery/server/meshes/meshops_grpc.pb.go:206.2,210.77 2 0
github.com/layer5io/meshery/server/meshes/meshops_grpc.pb.go:213.2,213.44 1 0
github.com/layer5io/meshery/server/meshes/meshops_grpc.pb.go:200.32,202.3 1 0
github.com/layer5io/meshery/server/meshes/meshops_grpc.pb.go:203.24,205.3 1 0
github.com/layer5io/meshery/server/meshes/meshops_grpc.pb.go:210.77,212.3 1 0
github.com/layer5io/meshery/server/meshes/meshops_grpc.pb.go:216.171,218.32 2 0
github.com/layer5io/meshery/server/meshes/meshops_grpc.pb.go:221.2,221.24 1 0
github.com/layer5io/meshery/server/meshes/meshops_grpc.pb.go:224.2,228.77 2 0
github.com/layer5io/meshery/server/meshes/meshops_grpc.pb.go:231.2,231.44 1 0
github.com/layer5io/meshery/server/meshes/meshops_grpc.pb.go:218.32,220.3 1 0
github.com/layer5io/meshery/server/meshes/meshops_grpc.pb.go:221.24,223.3 1 0
github.com/layer5io/meshery/server/meshes/meshops_grpc.pb.go:228.77,230.3 1 0
github.com/layer5io/meshery/server/meshes/meshops_grpc.pb.go:234.176,236.32 2 0
github.com/layer5io/meshery/server/meshes/meshops_grpc.pb.go:239.2,239.24 1 0
github.com/layer5io/meshery/server/meshes/meshops_grpc.pb.go:242.2,246.77 2 0
github.com/layer5io/meshery/server/meshes/meshops_grpc.pb.go:249.2,249.44 1 0
github.com/layer5io/meshery/server/meshes/meshops_grpc.pb.go:236.32,238.3 1 0
github.com/layer5io/meshery/server/meshes/meshops_grpc.pb.go:239.24,241.3 1 0
github.com/layer5io/meshery/server/meshes/meshops_grpc.pb.go:246.77,248.3 1 0
github.com/layer5io/meshery/server/meshes/meshops_grpc.pb.go:252.89,254.42 2 0
github.com/layer5io/meshery/server/meshes/meshops_grpc.pb.go:257.2,257.88 1 0
github.com/layer5io/meshery/server/meshes/meshops_grpc.pb.go:254.42,256.3 1 0
github.com/layer5io/meshery/server/meshes/meshops_grpc.pb.go:269.71,271.2 1 0
github.com/layer5io/meshery/server/meshes/meshops_grpc.pb.go:273.167,275.32 2 0
github.com/layer5io/meshery/server/meshes/meshops_grpc.pb.go:278.2,278.24 1 0
github.com/layer5io/meshery/server/meshes/meshops_grpc.pb.go:281.2,285.77 2 0
github.com/layer5io/meshery/server/meshes/meshops_grpc.pb.go:288.2,288.44 1 0
github.com/layer5io/meshery/server/meshes/meshops_grpc.pb.go:275.32,277.3 1 0
github.com/layer5io/meshery/server/meshes/meshops_grpc.pb.go:278.24,280.3 1 0
github.com/layer5io/meshery/server/meshes/meshops_grpc.pb.go:285.77,287.3 1 0
github.com/layer5io/meshery/server/meshes/meshops_grpc.pb.go:291.170,293.32 2 0
github.com/layer5io/meshery/server/meshes/meshops_grpc.pb.go:296.2,296.24 1 0
github.com/layer5io/meshery/server/meshes/meshops_grpc.pb.go:299.2,303.77 2 0
github.com/layer5io/meshery/server/meshes/meshops_grpc.pb.go:306.2,306.44 1 0
github.com/layer5io/meshery/server/meshes/meshops_grpc.pb.go:293.32,295.3 1 0
github.com/layer5io/meshery/server/meshes/meshops_grpc.pb.go:296.24,298.3 1 0
github.com/layer5io/meshery/server/meshes/meshops_grpc.pb.go:303.77,305.3 1 0
