mode: atomic
github.com/layer5io/meshery/mesheryctl/internal/cli/root/config/config.go:49.63,53.16 3 0
github.com/layer5io/meshery/mesheryctl/internal/cli/root/config/config.go:56.2,56.15 1 0
github.com/layer5io/meshery/mesheryctl/internal/cli/root/config/config.go:53.16,55.3 1 0
github.com/layer5io/meshery/mesheryctl/internal/cli/root/config/config.go:60.81,63.16 3 0
github.com/layer5io/meshery/mesheryctl/internal/cli/root/config/config.go:67.2,67.12 1 0
github.com/layer5io/meshery/mesheryctl/internal/cli/root/config/config.go:63.16,65.3 1 0
github.com/layer5io/meshery/mesheryctl/internal/cli/root/config/config.go:71.78,72.29 1 0
github.com/layer5io/meshery/mesheryctl/internal/cli/root/config/config.go:76.2,77.12 2 0
github.com/layer5io/meshery/mesheryctl/internal/cli/root/config/config.go:81.2,81.91 1 0
github.com/layer5io/meshery/mesheryctl/internal/cli/root/config/config.go:72.29,74.3 1 0
github.com/layer5io/meshery/mesheryctl/internal/cli/root/config/config.go:77.12,79.3 1 0
github.com/layer5io/meshery/mesheryctl/internal/cli/root/config/config.go:83.87,85.12 2 0
github.com/layer5io/meshery/mesheryctl/internal/cli/root/config/config.go:89.2,89.70 1 0
github.com/layer5io/meshery/mesheryctl/internal/cli/root/config/config.go:85.12,87.3 1 0
github.com/layer5io/meshery/mesheryctl/internal/cli/root/config/config.go:93.56,95.16 2 0
github.com/layer5io/meshery/mesheryctl/internal/cli/root/config/config.go:99.2,99.32 1 0
github.com/layer5io/meshery/mesheryctl/internal/cli/root/config/config.go:95.16,97.3 1 0
github.com/layer5io/meshery/mesheryctl/internal/cli/root/config/config.go:102.60,104.2 1 0
github.com/layer5io/meshery/mesheryctl/internal/cli/root/config/config.go:107.67,109.16 2 0
github.com/layer5io/meshery/mesheryctl/internal/cli/root/config/config.go:113.2,113.28 1 0
github.com/layer5io/meshery/mesheryctl/internal/cli/root/config/config.go:109.16,111.3 1 0
github.com/layer5io/meshery/mesheryctl/internal/cli/root/config/config.go:117.71,119.16 2 0
github.com/layer5io/meshery/mesheryctl/internal/cli/root/config/config.go:123.2,123.21 1 0
github.com/layer5io/meshery/mesheryctl/internal/cli/root/config/config.go:119.16,121.3 1 0
github.com/layer5io/meshery/mesheryctl/internal/cli/root/config/config.go:127.73,128.23 1 0
github.com/layer5io/meshery/mesheryctl/internal/cli/root/config/config.go:131.2,132.16 2 0
github.com/layer5io/meshery/mesheryctl/internal/cli/root/config/config.go:136.2,136.12 1 0
github.com/layer5io/meshery/mesheryctl/internal/cli/root/config/config.go:128.23,130.3 1 0
github.com/layer5io/meshery/mesheryctl/internal/cli/root/config/config.go:132.16,134.3 1 0
github.com/layer5io/meshery/mesheryctl/internal/cli/root/config/config.go:141.83,143.9 2 0
github.com/layer5io/meshery/mesheryctl/internal/cli/root/config/config.go:147.2,147.30 1 0
github.com/layer5io/meshery/mesheryctl/internal/cli/root/config/config.go:153.2,153.83 1 0
github.com/layer5io/meshery/mesheryctl/internal/cli/root/config/config.go:143.9,145.3 1 0
github.com/layer5io/meshery/mesheryctl/internal/cli/root/config/config.go:147.30,148.26 1 0
github.com/layer5io/meshery/mesheryctl/internal/cli/root/config/config.go:148.26,150.4 1 0
github.com/layer5io/meshery/mesheryctl/internal/cli/root/config/config.go:157.50,159.2 1 0
github.com/layer5io/meshery/mesheryctl/internal/cli/root/config/config.go:162.42,164.2 1 0
github.com/layer5io/meshery/mesheryctl/internal/cli/root/config/config.go:167.50,169.2 1 0
github.com/layer5io/meshery/mesheryctl/internal/cli/root/config/config.go:172.39,174.2 1 0
github.com/layer5io/meshery/mesheryctl/internal/cli/root/config/config.go:177.44,179.2 1 0
github.com/layer5io/meshery/mesheryctl/internal/cli/root/config/config.go:182.42,184.2 1 0
github.com/layer5io/meshery/mesheryctl/internal/cli/root/config/config.go:187.50,189.2 1 0
github.com/layer5io/meshery/mesheryctl/internal/cli/root/config/config.go:192.46,194.2 1 0
github.com/layer5io/meshery/mesheryctl/internal/cli/root/config/config.go:197.41,199.2 1 0
github.com/layer5io/meshery/mesheryctl/internal/cli/root/config/config.go:202.48,204.2 1 0
github.com/layer5io/meshery/mesheryctl/internal/cli/root/config/config.go:207.41,209.2 1 0
github.com/layer5io/meshery/mesheryctl/internal/cli/root/config/config.go:212.48,214.2 1 0
github.com/layer5io/meshery/mesheryctl/internal/cli/root/config/config.go:217.45,218.23 1 0
github.com/layer5io/meshery/mesheryctl/internal/cli/root/config/config.go:223.2,223.29 1 0
github.com/layer5io/meshery/mesheryctl/internal/cli/root/config/config.go:227.2,229.16 3 0
github.com/layer5io/meshery/mesheryctl/internal/cli/root/config/config.go:232.2,234.16 3 0
github.com/layer5io/meshery/mesheryctl/internal/cli/root/config/config.go:238.2,238.15 1 0
github.com/layer5io/meshery/mesheryctl/internal/cli/root/config/config.go:244.2,244.28 1 0
github.com/layer5io/meshery/mesheryctl/internal/cli/root/config/config.go:248.2,248.38 1 0
github.com/layer5io/meshery/mesheryctl/internal/cli/root/config/config.go:252.2,252.16 1 0
github.com/layer5io/meshery/mesheryctl/internal/cli/root/config/config.go:256.2,256.12 1 0
github.com/layer5io/meshery/mesheryctl/internal/cli/root/config/config.go:218.23,221.3 2 0
github.com/layer5io/meshery/mesheryctl/internal/cli/root/config/config.go:223.29,225.3 1 0
github.com/layer5io/meshery/mesheryctl/internal/cli/root/config/config.go:229.16,231.3 1 0
github.com/layer5io/meshery/mesheryctl/internal/cli/root/config/config.go:234.16,236.3 1 0
github.com/layer5io/meshery/mesheryctl/internal/cli/root/config/config.go:238.15,239.45 1 0
github.com/layer5io/meshery/mesheryctl/internal/cli/root/config/config.go:239.45,241.4 1 0
github.com/layer5io/meshery/mesheryctl/internal/cli/root/config/config.go:244.28,246.3 1 0
github.com/layer5io/meshery/mesheryctl/internal/cli/root/config/config.go:248.38,250.3 1 0
github.com/layer5io/meshery/mesheryctl/internal/cli/root/config/config.go:252.16,254.3 1 0
github.com/layer5io/meshery/mesheryctl/internal/cli/root/config/config.go:260.34,262.2 1 0
github.com/layer5io/meshery/mesheryctl/internal/cli/root/config/config.go:265.38,266.32 1 0
github.com/layer5io/meshery/mesheryctl/internal/cli/root/config/config.go:271.2,271.41 1 0
github.com/layer5io/meshery/mesheryctl/internal/cli/root/config/config.go:281.2,282.16 2 0
github.com/layer5io/meshery/mesheryctl/internal/cli/root/config/config.go:286.2,286.52 1 0
github.com/layer5io/meshery/mesheryctl/internal/cli/root/config/config.go:266.32,268.3 1 0
github.com/layer5io/meshery/mesheryctl/internal/cli/root/config/config.go:271.41,273.17 2 0
github.com/layer5io/meshery/mesheryctl/internal/cli/root/config/config.go:276.3,276.44 1 0
github.com/layer5io/meshery/mesheryctl/internal/cli/root/config/config.go:273.17,275.4 1 0
github.com/layer5io/meshery/mesheryctl/internal/cli/root/config/config.go:282.16,284.3 1 0
github.com/layer5io/meshery/mesheryctl/internal/cli/root/config/config.go:290.38,292.2 1 0
github.com/layer5io/meshery/mesheryctl/internal/cli/root/config/config.go:295.46,297.2 1 0
github.com/layer5io/meshery/mesheryctl/internal/cli/root/config/config.go:300.37,302.2 1 0
github.com/layer5io/meshery/mesheryctl/internal/cli/root/config/config.go:305.41,307.2 1 0
github.com/layer5io/meshery/mesheryctl/internal/cli/root/config/config.go:310.61,311.55 1 0
github.com/layer5io/meshery/mesheryctl/internal/cli/root/config/config.go:315.2,317.16 3 0
github.com/layer5io/meshery/mesheryctl/internal/cli/root/config/config.go:321.2,322.16 2 0
github.com/layer5io/meshery/mesheryctl/internal/cli/root/config/config.go:326.2,326.27 1 0
github.com/layer5io/meshery/mesheryctl/internal/cli/root/config/config.go:330.2,330.32 1 0
github.com/layer5io/meshery/mesheryctl/internal/cli/root/config/config.go:336.2,343.16 6 0
github.com/layer5io/meshery/mesheryctl/internal/cli/root/config/config.go:347.2,347.12 1 0
github.com/layer5io/meshery/mesheryctl/internal/cli/root/config/config.go:311.55,313.3 1 0
github.com/layer5io/meshery/mesheryctl/internal/cli/root/config/config.go:317.16,319.3 1 0
github.com/layer5io/meshery/mesheryctl/internal/cli/root/config/config.go:322.16,324.3 1 0
github.com/layer5io/meshery/mesheryctl/internal/cli/root/config/config.go:326.27,328.3 1 0
github.com/layer5io/meshery/mesheryctl/internal/cli/root/config/config.go:330.32,331.43 1 0
github.com/layer5io/meshery/mesheryctl/internal/cli/root/config/config.go:331.43,333.4 1 0
github.com/layer5io/meshery/mesheryctl/internal/cli/root/config/config.go:343.16,345.3 1 0
github.com/layer5io/meshery/mesheryctl/internal/cli/root/config/config.go:351.71,352.55 1 0
github.com/layer5io/meshery/mesheryctl/internal/cli/root/config/config.go:356.2,358.16 3 0
github.com/layer5io/meshery/mesheryctl/internal/cli/root/config/config.go:362.2,363.16 2 0
github.com/layer5io/meshery/mesheryctl/internal/cli/root/config/config.go:367.2,367.27 1 0
github.com/layer5io/meshery/mesheryctl/internal/cli/root/config/config.go:371.2,371.32 1 0
github.com/layer5io/meshery/mesheryctl/internal/cli/root/config/config.go:385.2,385.43 1 0
github.com/layer5io/meshery/mesheryctl/internal/cli/root/config/config.go:352.55,354.3 1 0
github.com/layer5io/meshery/mesheryctl/internal/cli/root/config/config.go:358.16,360.3 1 0
github.com/layer5io/meshery/mesheryctl/internal/cli/root/config/config.go:363.16,365.3 1 0
github.com/layer5io/meshery/mesheryctl/internal/cli/root/config/config.go:367.27,369.3 1 0
github.com/layer5io/meshery/mesheryctl/internal/cli/root/config/config.go:371.32,372.42 1 0
github.com/layer5io/meshery/mesheryctl/internal/cli/root/config/config.go:372.42,378.18 6 0
github.com/layer5io/meshery/mesheryctl/internal/cli/root/config/config.go:381.4,381.14 1 0
github.com/layer5io/meshery/mesheryctl/internal/cli/root/config/config.go:378.18,380.5 1 0
github.com/layer5io/meshery/mesheryctl/internal/cli/root/config/config.go:388.82,389.55 1 0
github.com/layer5io/meshery/mesheryctl/internal/cli/root/config/config.go:393.2,395.16 3 0
github.com/layer5io/meshery/mesheryctl/internal/cli/root/config/config.go:399.2,400.16 2 0
github.com/layer5io/meshery/mesheryctl/internal/cli/root/config/config.go:403.2,404.16 2 0
github.com/layer5io/meshery/mesheryctl/internal/cli/root/config/config.go:407.2,409.16 3 0
github.com/layer5io/meshery/mesheryctl/internal/cli/root/config/config.go:412.2,412.12 1 0
github.com/layer5io/meshery/mesheryctl/internal/cli/root/config/config.go:389.55,391.3 1 0
github.com/layer5io/meshery/mesheryctl/internal/cli/root/config/config.go:395.16,397.3 1 0
github.com/layer5io/meshery/mesheryctl/internal/cli/root/config/config.go:400.16,402.3 1 0
github.com/layer5io/meshery/mesheryctl/internal/cli/root/config/config.go:404.16,406.3 1 0
github.com/layer5io/meshery/mesheryctl/internal/cli/root/config/config.go:409.16,411.3 1 0
github.com/layer5io/meshery/mesheryctl/internal/cli/root/config/config.go:417.113,418.55 1 0
github.com/layer5io/meshery/mesheryctl/internal/cli/root/config/config.go:422.2,424.16 3 0
github.com/layer5io/meshery/mesheryctl/internal/cli/root/config/config.go:428.2,429.16 2 0
github.com/layer5io/meshery/mesheryctl/internal/cli/root/config/config.go:433.2,433.29 1 0
github.com/layer5io/meshery/mesheryctl/internal/cli/root/config/config.go:437.2,438.26 2 0
github.com/layer5io/meshery/mesheryctl/internal/cli/root/config/config.go:442.2,443.9 2 0
github.com/layer5io/meshery/mesheryctl/internal/cli/root/config/config.go:447.2,452.16 5 0
github.com/layer5io/meshery/mesheryctl/internal/cli/root/config/config.go:456.2,456.12 1 0
github.com/layer5io/meshery/mesheryctl/internal/cli/root/config/config.go:418.55,420.3 1 0
github.com/layer5io/meshery/mesheryctl/internal/cli/root/config/config.go:424.16,426.3 1 0
github.com/layer5io/meshery/mesheryctl/internal/cli/root/config/config.go:429.16,431.3 1 0
github.com/layer5io/meshery/mesheryctl/internal/cli/root/config/config.go:433.29,435.3 1 0
github.com/layer5io/meshery/mesheryctl/internal/cli/root/config/config.go:438.26,440.3 1 0
github.com/layer5io/meshery/mesheryctl/internal/cli/root/config/config.go:443.9,445.3 1 0
github.com/layer5io/meshery/mesheryctl/internal/cli/root/config/config.go:452.16,454.3 1 0
github.com/layer5io/meshery/mesheryctl/internal/cli/root/app/view.go:43.54,45.17 2 0
github.com/layer5io/meshery/mesheryctl/internal/cli/root/app/view.go:49.3,53.20 4 0
github.com/layer5io/meshery/mesheryctl/internal/cli/root/app/view.go:64.3,69.28 5 0
github.com/layer5io/meshery/mesheryctl/internal/cli/root/app/view.go:83.3,85.17 3 0
github.com/layer5io/meshery/mesheryctl/internal/cli/root/app/view.go:89.3,90.17 2 0
github.com/layer5io/meshery/mesheryctl/internal/cli/root/app/view.go:93.3,93.28 1 0
github.com/layer5io/meshery/mesheryctl/internal/cli/root/app/view.go:98.3,100.17 3 0
github.com/layer5io/meshery/mesheryctl/internal/cli/root/app/view.go:104.3,105.51 2 0
github.com/layer5io/meshery/mesheryctl/internal/cli/root/app/view.go:108.3,108.11 1 0
github.com/layer5io/meshery/mesheryctl/internal/cli/root/app/view.go:146.3,146.30 1 0
github.com/layer5io/meshery/mesheryctl/internal/cli/root/app/view.go:153.3,153.26 1 0
github.com/layer5io/meshery/mesheryctl/internal/cli/root/app/view.go:156.3,156.13 1 0
github.com/layer5io/meshery/mesheryctl/internal/cli/root/app/view.go:45.17,47.4 1 0
github.com/layer5io/meshery/mesheryctl/internal/cli/root/app/view.go:53.20,54.19 1 0
github.com/layer5io/meshery/mesheryctl/internal/cli/root/app/view.go:57.4,60.18 3 0
github.com/layer5io/meshery/mesheryctl/internal/cli/root/app/view.go:54.19,56.5 1 0
github.com/layer5io/meshery/mesheryctl/internal/cli/root/app/view.go:60.18,62.5 1 0
github.com/layer5io/meshery/mesheryctl/internal/cli/root/app/view.go:69.28,70.19 1 0
github.com/layer5io/meshery/mesheryctl/internal/cli/root/app/view.go:70.19,72.5 1 0
github.com/layer5io/meshery/mesheryctl/internal/cli/root/app/view.go:72.10,74.5 1 0
github.com/layer5io/meshery/mesheryctl/internal/cli/root/app/view.go:75.9,75.18 1 0
github.com/layer5io/meshery/mesheryctl/internal/cli/root/app/view.go:75.18,78.4 1 0
github.com/layer5io/meshery/mesheryctl/internal/cli/root/app/view.go:78.9,81.4 1 0
github.com/layer5io/meshery/mesheryctl/internal/cli/root/app/view.go:85.17,87.4 1 0
github.com/layer5io/meshery/mesheryctl/internal/cli/root/app/view.go:90.17,92.4 1 0
github.com/layer5io/meshery/mesheryctl/internal/cli/root/app/view.go:93.28,96.4 1 0
github.com/layer5io/meshery/mesheryctl/internal/cli/root/app/view.go:100.17,102.4 1 0
github.com/layer5io/meshery/mesheryctl/internal/cli/root/app/view.go:105.51,107.4 1 0
github.com/layer5io/meshery/mesheryctl/internal/cli/root/app/view.go:108.11,109.65 1 0
github.com/layer5io/meshery/mesheryctl/internal/cli/root/app/view.go:109.65,111.5 1 0
github.com/layer5io/meshery/mesheryctl/internal/cli/root/app/view.go:112.9,112.25 1 0
github.com/layer5io/meshery/mesheryctl/internal/cli/root/app/view.go:112.25,113.121 1 0
github.com/layer5io/meshery/mesheryctl/internal/cli/root/app/view.go:113.121,115.5 1 0
github.com/layer5io/meshery/mesheryctl/internal/cli/root/app/view.go:116.9,117.57 1 0
github.com/layer5io/meshery/mesheryctl/internal/cli/root/app/view.go:120.4,120.32 1 0
github.com/layer5io/meshery/mesheryctl/internal/cli/root/app/view.go:124.4,124.46 1 0
github.com/layer5io/meshery/mesheryctl/internal/cli/root/app/view.go:117.57,119.5 1 0
github.com/layer5io/meshery/mesheryctl/internal/cli/root/app/view.go:120.32,122.5 1 0
github.com/layer5io/meshery/mesheryctl/internal/cli/root/app/view.go:124.46,125.37 1 0
github.com/layer5io/meshery/mesheryctl/internal/cli/root/app/view.go:128.5,129.19 2 0
github.com/layer5io/meshery/mesheryctl/internal/cli/root/app/view.go:132.5,132.32 1 0
github.com/layer5io/meshery/mesheryctl/internal/cli/root/app/view.go:136.5,136.32 1 0
github.com/layer5io/meshery/mesheryctl/internal/cli/root/app/view.go:125.37,127.6 1 0
github.com/layer5io/meshery/mesheryctl/internal/cli/root/app/view.go:129.19,131.6 1 0
github.com/layer5io/meshery/mesheryctl/internal/cli/root/app/view.go:132.32,134.14 2 0
github.com/layer5io/meshery/mesheryctl/internal/cli/root/app/view.go:136.32,137.55 1 0
github.com/layer5io/meshery/mesheryctl/internal/cli/root/app/view.go:140.6,141.14 2 0
github.com/layer5io/meshery/mesheryctl/internal/cli/root/app/view.go:137.55,139.7 1 0
github.com/layer5io/meshery/mesheryctl/internal/cli/root/app/view.go:146.30,147.53 1 0
github.com/layer5io/meshery/mesheryctl/internal/cli/root/app/view.go:147.53,149.5 1 0
github.com/layer5io/meshery/mesheryctl/internal/cli/root/app/view.go:150.9,150.37 1 0
github.com/layer5io/meshery/mesheryctl/internal/cli/root/app/view.go:150.37,152.4 1 0
github.com/layer5io/meshery/mesheryctl/internal/cli/root/app/view.go:153.26,155.4 1 0
github.com/layer5io/meshery/mesheryctl/internal/cli/root/app/view.go:160.13,163.2 2 1
github.com/layer5io/meshery/mesheryctl/internal/cli/root/app/app.go:32.54,33.21 1 0
github.com/layer5io/meshery/mesheryctl/internal/cli/root/app/app.go:36.3,36.72 1 0
github.com/layer5io/meshery/mesheryctl/internal/cli/root/app/app.go:39.3,39.13 1 0
github.com/layer5io/meshery/mesheryctl/internal/cli/root/app/app.go:33.21,35.4 1 0
github.com/layer5io/meshery/mesheryctl/internal/cli/root/app/app.go:36.72,38.4 1 0
github.com/layer5io/meshery/mesheryctl/internal/cli/root/app/app.go:43.13,48.2 3 1
github.com/layer5io/meshery/mesheryctl/internal/cli/root/app/app.go:50.29,52.16 2 0
github.com/layer5io/meshery/mesheryctl/internal/cli/root/app/app.go:55.2,58.16 4 0
github.com/layer5io/meshery/mesheryctl/internal/cli/root/app/app.go:62.2,63.16 2 0
github.com/layer5io/meshery/mesheryctl/internal/cli/root/app/app.go:67.2,67.28 1 0
github.com/layer5io/meshery/mesheryctl/internal/cli/root/app/app.go:70.2,75.16 4 0
github.com/layer5io/meshery/mesheryctl/internal/cli/root/app/app.go:79.2,80.16 2 0
github.com/layer5io/meshery/mesheryctl/internal/cli/root/app/app.go:85.2,85.39 1 0
github.com/layer5io/meshery/mesheryctl/internal/cli/root/app/app.go:89.2,89.12 1 0
github.com/layer5io/meshery/mesheryctl/internal/cli/root/app/app.go:52.16,54.3 1 0
github.com/layer5io/meshery/mesheryctl/internal/cli/root/app/app.go:58.16,60.3 1 0
github.com/layer5io/meshery/mesheryctl/internal/cli/root/app/app.go:63.16,65.3 1 0
github.com/layer5io/meshery/mesheryctl/internal/cli/root/app/app.go:67.28,69.3 1 0
github.com/layer5io/meshery/mesheryctl/internal/cli/root/app/app.go:75.16,78.3 2 0
github.com/layer5io/meshery/mesheryctl/internal/cli/root/app/app.go:80.16,83.3 2 0
github.com/layer5io/meshery/mesheryctl/internal/cli/root/app/app.go:85.39,87.3 1 0
github.com/layer5io/meshery/mesheryctl/internal/cli/root/app/app.go:92.39,93.45 1 0
github.com/layer5io/meshery/mesheryctl/internal/cli/root/app/app.go:99.2,99.14 1 0
github.com/layer5io/meshery/mesheryctl/internal/cli/root/app/app.go:93.45,94.25 1 0
github.com/layer5io/meshery/mesheryctl/internal/cli/root/app/app.go:94.25,96.4 1 0
github.com/layer5io/meshery/mesheryctl/internal/cli/root/app/import.go:30.52,34.17 2 0
github.com/layer5io/meshery/mesheryctl/internal/cli/root/app/import.go:39.3,39.13 1 0
github.com/layer5io/meshery/mesheryctl/internal/cli/root/app/import.go:34.17,37.4 2 0
github.com/layer5io/meshery/mesheryctl/internal/cli/root/app/import.go:41.57,43.3 1 0
github.com/layer5io/meshery/mesheryctl/internal/cli/root/app/import.go:44.54,48.17 3 0
github.com/layer5io/meshery/mesheryctl/internal/cli/root/app/import.go:52.3,55.33 2 0
github.com/layer5io/meshery/mesheryctl/internal/cli/root/app/import.go:59.3,61.17 2 0
github.com/layer5io/meshery/mesheryctl/internal/cli/root/app/import.go:65.3,67.13 2 0
github.com/layer5io/meshery/mesheryctl/internal/cli/root/app/import.go:48.17,50.4 1 0
github.com/layer5io/meshery/mesheryctl/internal/cli/root/app/import.go:55.33,57.4 1 0
github.com/layer5io/meshery/mesheryctl/internal/cli/root/app/import.go:61.17,63.4 1 0
github.com/layer5io/meshery/mesheryctl/internal/cli/root/app/import.go:71.110,78.52 4 0
github.com/layer5io/meshery/mesheryctl/internal/cli/root/app/import.go:180.2,180.17 1 0
github.com/layer5io/meshery/mesheryctl/internal/cli/root/app/import.go:78.52,80.17 2 0
github.com/layer5io/meshery/mesheryctl/internal/cli/root/app/import.go:83.3,92.17 3 0
github.com/layer5io/meshery/mesheryctl/internal/cli/root/app/import.go:95.3,96.17 2 0
github.com/layer5io/meshery/mesheryctl/internal/cli/root/app/import.go:100.3,101.17 2 0
github.com/layer5io/meshery/mesheryctl/internal/cli/root/app/import.go:104.3,107.29 3 0
github.com/layer5io/meshery/mesheryctl/internal/cli/root/app/import.go:110.3,113.17 3 0
github.com/layer5io/meshery/mesheryctl/internal/cli/root/app/import.go:117.3,118.17 2 0
github.com/layer5io/meshery/mesheryctl/internal/cli/root/app/import.go:123.3,123.20 1 0
github.com/layer5io/meshery/mesheryctl/internal/cli/root/app/import.go:80.17,82.4 1 0
github.com/layer5io/meshery/mesheryctl/internal/cli/root/app/import.go:92.17,94.4 1 0
github.com/layer5io/meshery/mesheryctl/internal/cli/root/app/import.go:96.17,98.4 1 0
github.com/layer5io/meshery/mesheryctl/internal/cli/root/app/import.go:101.17,103.4 1 0
github.com/layer5io/meshery/mesheryctl/internal/cli/root/app/import.go:107.29,109.4 1 0
github.com/layer5io/meshery/mesheryctl/internal/cli/root/app/import.go:113.17,116.4 2 0
github.com/layer5io/meshery/mesheryctl/internal/cli/root/app/import.go:118.17,121.4 2 0
github.com/layer5io/meshery/mesheryctl/internal/cli/root/app/import.go:124.8,127.17 3 0
github.com/layer5io/meshery/mesheryctl/internal/cli/root/app/import.go:131.3,135.17 3 0
github.com/layer5io/meshery/mesheryctl/internal/cli/root/app/import.go:148.3,149.17 2 0
github.com/layer5io/meshery/mesheryctl/internal/cli/root/app/import.go:153.3,154.17 2 0
github.com/layer5io/meshery/mesheryctl/internal/cli/root/app/import.go:157.3,160.29 3 0
github.com/layer5io/meshery/mesheryctl/internal/cli/root/app/import.go:163.3,166.17 3 0
github.com/layer5io/meshery/mesheryctl/internal/cli/root/app/import.go:170.3,171.17 2 0
github.com/layer5io/meshery/mesheryctl/internal/cli/root/app/import.go:177.3,177.20 1 0
github.com/layer5io/meshery/mesheryctl/internal/cli/root/app/import.go:127.17,129.4 1 0
github.com/layer5io/meshery/mesheryctl/internal/cli/root/app/import.go:135.17,141.4 1 0
github.com/layer5io/meshery/mesheryctl/internal/cli/root/app/import.go:141.9,146.4 1 0
github.com/layer5io/meshery/mesheryctl/internal/cli/root/app/import.go:149.17,151.4 1 0
github.com/layer5io/meshery/mesheryctl/internal/cli/root/app/import.go:154.17,156.4 1 0
github.com/layer5io/meshery/mesheryctl/internal/cli/root/app/import.go:160.29,162.4 1 0
github.com/layer5io/meshery/mesheryctl/internal/cli/root/app/import.go:166.17,169.4 2 0
github.com/layer5io/meshery/mesheryctl/internal/cli/root/app/import.go:171.17,174.4 2 0
github.com/layer5io/meshery/mesheryctl/internal/cli/root/app/import.go:183.13,186.2 2 1
github.com/layer5io/meshery/mesheryctl/internal/cli/root/app/list.go:36.54,38.17 2 0
github.com/layer5io/meshery/mesheryctl/internal/cli/root/app/list.go:42.3,45.17 4 0
github.com/layer5io/meshery/mesheryctl/internal/cli/root/app/list.go:49.3,50.17 2 0
github.com/layer5io/meshery/mesheryctl/internal/cli/root/app/list.go:53.3,55.17 3 0
github.com/layer5io/meshery/mesheryctl/internal/cli/root/app/list.go:58.3,59.17 2 0
github.com/layer5io/meshery/mesheryctl/internal/cli/root/app/list.go:62.3,63.17 2 0
github.com/layer5io/meshery/mesheryctl/internal/cli/root/app/list.go:66.3,69.14 3 0
github.com/layer5io/meshery/mesheryctl/internal/cli/root/app/list.go:101.3,101.25 1 0
github.com/layer5io/meshery/mesheryctl/internal/cli/root/app/list.go:112.3,112.43 1 0
github.com/layer5io/meshery/mesheryctl/internal/cli/root/app/list.go:125.3,127.13 2 0
github.com/layer5io/meshery/mesheryctl/internal/cli/root/app/list.go:38.17,40.4 1 0
github.com/layer5io/meshery/mesheryctl/internal/cli/root/app/list.go:45.17,47.4 1 0
github.com/layer5io/meshery/mesheryctl/internal/cli/root/app/list.go:50.17,52.4 1 0
github.com/layer5io/meshery/mesheryctl/internal/cli/root/app/list.go:55.17,57.4 1 0
github.com/layer5io/meshery/mesheryctl/internal/cli/root/app/list.go:59.17,61.4 1 0
github.com/layer5io/meshery/mesheryctl/internal/cli/root/app/list.go:63.17,65.4 1 0
github.com/layer5io/meshery/mesheryctl/internal/cli/root/app/list.go:69.14,70.26 1 0
github.com/layer5io/meshery/mesheryctl/internal/cli/root/app/list.go:82.4,82.44 1 0
github.com/layer5io/meshery/mesheryctl/internal/cli/root/app/list.go:95.4,97.14 2 0
github.com/layer5io/meshery/mesheryctl/internal/cli/root/app/list.go:70.26,71.45 1 0
github.com/layer5io/meshery/mesheryctl/internal/cli/root/app/list.go:78.5,79.15 2 0
github.com/layer5io/meshery/mesheryctl/internal/cli/root/app/list.go:71.45,77.6 5 0
github.com/layer5io/meshery/mesheryctl/internal/cli/root/app/list.go:82.44,85.24 3 0
github.com/layer5io/meshery/mesheryctl/internal/cli/root/app/list.go:90.5,93.80 4 0
github.com/layer5io/meshery/mesheryctl/internal/cli/root/app/list.go:85.24,87.6 1 0
github.com/layer5io/meshery/mesheryctl/internal/cli/root/app/list.go:87.11,89.6 1 0
github.com/layer5io/meshery/mesheryctl/internal/cli/root/app/list.go:101.25,102.44 1 0
github.com/layer5io/meshery/mesheryctl/internal/cli/root/app/list.go:109.4,110.14 2 0
github.com/layer5io/meshery/mesheryctl/internal/cli/root/app/list.go:102.44,108.5 5 0
github.com/layer5io/meshery/mesheryctl/internal/cli/root/app/list.go:112.43,115.23 3 0
github.com/layer5io/meshery/mesheryctl/internal/cli/root/app/list.go:120.4,123.79 4 0
github.com/layer5io/meshery/mesheryctl/internal/cli/root/app/list.go:115.23,117.5 1 0
github.com/layer5io/meshery/mesheryctl/internal/cli/root/app/list.go:117.10,119.5 1 0
github.com/layer5io/meshery/mesheryctl/internal/cli/root/app/list.go:132.13,134.2 1 1
github.com/layer5io/meshery/mesheryctl/internal/cli/root/app/offboard.go:29.54,30.17 1 0
github.com/layer5io/meshery/mesheryctl/internal/cli/root/app/offboard.go:34.3,39.17 5 0
github.com/layer5io/meshery/mesheryctl/internal/cli/root/app/offboard.go:43.3,47.31 3 0
github.com/layer5io/meshery/mesheryctl/internal/cli/root/app/offboard.go:59.3,64.17 3 0
github.com/layer5io/meshery/mesheryctl/internal/cli/root/app/offboard.go:68.3,69.17 2 0
github.com/layer5io/meshery/mesheryctl/internal/cli/root/app/offboard.go:72.3,76.29 3 0
github.com/layer5io/meshery/mesheryctl/internal/cli/root/app/offboard.go:80.3,81.17 2 0
github.com/layer5io/meshery/mesheryctl/internal/cli/root/app/offboard.go:85.3,86.17 2 0
github.com/layer5io/meshery/mesheryctl/internal/cli/root/app/offboard.go:90.3,95.17 4 0
github.com/layer5io/meshery/mesheryctl/internal/cli/root/app/offboard.go:99.3,100.17 2 0
github.com/layer5io/meshery/mesheryctl/internal/cli/root/app/offboard.go:104.3,106.17 3 0
github.com/layer5io/meshery/mesheryctl/internal/cli/root/app/offboard.go:110.3,110.28 1 0
github.com/layer5io/meshery/mesheryctl/internal/cli/root/app/offboard.go:113.3,115.13 2 0
github.com/layer5io/meshery/mesheryctl/internal/cli/root/app/offboard.go:30.17,33.4 2 0
github.com/layer5io/meshery/mesheryctl/internal/cli/root/app/offboard.go:39.17,41.4 1 0
github.com/layer5io/meshery/mesheryctl/internal/cli/root/app/offboard.go:47.31,49.18 2 0
github.com/layer5io/meshery/mesheryctl/internal/cli/root/app/offboard.go:53.4,53.29 1 0
github.com/layer5io/meshery/mesheryctl/internal/cli/root/app/offboard.go:49.18,51.5 1 0
github.com/layer5io/meshery/mesheryctl/internal/cli/root/app/offboard.go:54.9,56.4 1 0
github.com/layer5io/meshery/mesheryctl/internal/cli/root/app/offboard.go:64.17,66.4 1 0
github.com/layer5io/meshery/mesheryctl/internal/cli/root/app/offboard.go:69.17,71.4 1 0
github.com/layer5io/meshery/mesheryctl/internal/cli/root/app/offboard.go:76.29,78.4 1 0
github.com/layer5io/meshery/mesheryctl/internal/cli/root/app/offboard.go:81.17,83.4 1 0
github.com/layer5io/meshery/mesheryctl/internal/cli/root/app/offboard.go:86.17,88.4 1 0
github.com/layer5io/meshery/mesheryctl/internal/cli/root/app/offboard.go:95.17,97.4 1 0
github.com/layer5io/meshery/mesheryctl/internal/cli/root/app/offboard.go:100.17,102.4 1 0
github.com/layer5io/meshery/mesheryctl/internal/cli/root/app/offboard.go:106.17,108.4 1 0
github.com/layer5io/meshery/mesheryctl/internal/cli/root/app/offboard.go:110.28,112.4 1 0
github.com/layer5io/meshery/mesheryctl/internal/cli/root/app/offboard.go:119.13,121.2 1 1
github.com/layer5io/meshery/mesheryctl/internal/cli/root/app/onboard.go:43.52,48.35 2 0
github.com/layer5io/meshery/mesheryctl/internal/cli/root/app/onboard.go:51.3,51.13 1 0
github.com/layer5io/meshery/mesheryctl/internal/cli/root/app/onboard.go:48.35,50.4 1 0
github.com/layer5io/meshery/mesheryctl/internal/cli/root/app/onboard.go:53.57,55.3 1 0
github.com/layer5io/meshery/mesheryctl/internal/cli/root/app/onboard.go:56.54,62.17 5 0
github.com/layer5io/meshery/mesheryctl/internal/cli/root/app/onboard.go:66.3,70.20 3 0
github.com/layer5io/meshery/mesheryctl/internal/cli/root/app/onboard.go:127.3,128.17 2 0
github.com/layer5io/meshery/mesheryctl/internal/cli/root/app/onboard.go:132.3,133.17 2 0
github.com/layer5io/meshery/mesheryctl/internal/cli/root/app/onboard.go:137.3,139.17 3 0
github.com/layer5io/meshery/mesheryctl/internal/cli/root/app/onboard.go:143.3,143.28 1 0
github.com/layer5io/meshery/mesheryctl/internal/cli/root/app/onboard.go:146.3,147.13 2 0
github.com/layer5io/meshery/mesheryctl/internal/cli/root/app/onboard.go:62.17,64.4 1 0
github.com/layer5io/meshery/mesheryctl/internal/cli/root/app/onboard.go:70.20,78.18 4 0
github.com/layer5io/meshery/mesheryctl/internal/cli/root/app/onboard.go:82.4,83.18 2 0
github.com/layer5io/meshery/mesheryctl/internal/cli/root/app/onboard.go:87.4,89.30 2 0
github.com/layer5io/meshery/mesheryctl/internal/cli/root/app/onboard.go:92.4,94.18 3 0
github.com/layer5io/meshery/mesheryctl/internal/cli/root/app/onboard.go:98.4,99.18 2 0
github.com/layer5io/meshery/mesheryctl/internal/cli/root/app/onboard.go:104.4,105.39 2 0
github.com/layer5io/meshery/mesheryctl/internal/cli/root/app/onboard.go:78.18,80.5 1 0
github.com/layer5io/meshery/mesheryctl/internal/cli/root/app/onboard.go:83.18,85.5 1 0
github.com/layer5io/meshery/mesheryctl/internal/cli/root/app/onboard.go:89.30,91.5 1 0
github.com/layer5io/meshery/mesheryctl/internal/cli/root/app/onboard.go:94.18,97.5 2 0
github.com/layer5io/meshery/mesheryctl/internal/cli/root/app/onboard.go:99.18,102.5 2 0
github.com/layer5io/meshery/mesheryctl/internal/cli/root/app/onboard.go:105.39,107.5 1 0
github.com/layer5io/meshery/mesheryctl/internal/cli/root/app/onboard.go:107.10,107.46 1 0
github.com/layer5io/meshery/mesheryctl/internal/cli/root/app/onboard.go:107.46,109.5 1 0
github.com/layer5io/meshery/mesheryctl/internal/cli/root/app/onboard.go:109.10,113.5 2 0
github.com/layer5io/meshery/mesheryctl/internal/cli/root/app/onboard.go:114.9,116.34 1 0
github.com/layer5io/meshery/mesheryctl/internal/cli/root/app/onboard.go:119.4,120.18 2 0
github.com/layer5io/meshery/mesheryctl/internal/cli/root/app/onboard.go:124.4,124.33 1 0
github.com/layer5io/meshery/mesheryctl/internal/cli/root/app/onboard.go:116.34,118.5 1 0
github.com/layer5io/meshery/mesheryctl/internal/cli/root/app/onboard.go:120.18,122.5 1 0
github.com/layer5io/meshery/mesheryctl/internal/cli/root/app/onboard.go:128.17,130.4 1 0
github.com/layer5io/meshery/mesheryctl/internal/cli/root/app/onboard.go:133.17,135.4 1 0
github.com/layer5io/meshery/mesheryctl/internal/cli/root/app/onboard.go:139.17,141.4 1 0
github.com/layer5io/meshery/mesheryctl/internal/cli/root/app/onboard.go:143.28,145.4 1 0
github.com/layer5io/meshery/mesheryctl/internal/cli/root/app/onboard.go:151.81,154.33 2 0
github.com/layer5io/meshery/mesheryctl/internal/cli/root/app/onboard.go:163.2,163.6 1 0
github.com/layer5io/meshery/mesheryctl/internal/cli/root/app/onboard.go:154.33,161.3 6 0
github.com/layer5io/meshery/mesheryctl/internal/cli/root/app/onboard.go:163.6,166.17 3 0
github.com/layer5io/meshery/mesheryctl/internal/cli/root/app/onboard.go:169.3,171.17 3 0
github.com/layer5io/meshery/mesheryctl/internal/cli/root/app/onboard.go:174.3,174.42 1 0
github.com/layer5io/meshery/mesheryctl/internal/cli/root/app/onboard.go:166.17,168.4 1 0
github.com/layer5io/meshery/mesheryctl/internal/cli/root/app/onboard.go:171.17,173.4 1 0
github.com/layer5io/meshery/mesheryctl/internal/cli/root/app/onboard.go:174.42,176.4 1 0
github.com/layer5io/meshery/mesheryctl/internal/cli/root/app/onboard.go:176.9,178.4 1 0
github.com/layer5io/meshery/mesheryctl/internal/cli/root/app/onboard.go:182.13,186.2 3 1
github.com/layer5io/meshery/mesheryctl/internal/cli/root/filter/list.go:32.54,34.17 2 0
github.com/layer5io/meshery/mesheryctl/internal/cli/root/filter/list.go:38.3,41.17 4 0
github.com/layer5io/meshery/mesheryctl/internal/cli/root/filter/list.go:45.3,46.17 2 0
github.com/layer5io/meshery/mesheryctl/internal/cli/root/filter/list.go:49.3,51.17 3 0
github.com/layer5io/meshery/mesheryctl/internal/cli/root/filter/list.go:54.3,54.38 1 0
github.com/layer5io/meshery/mesheryctl/internal/cli/root/filter/list.go:57.3,59.17 2 0
github.com/layer5io/meshery/mesheryctl/internal/cli/root/filter/list.go:62.3,63.17 2 0
github.com/layer5io/meshery/mesheryctl/internal/cli/root/filter/list.go:66.3,69.14 3 0
github.com/layer5io/meshery/mesheryctl/internal/cli/root/filter/list.go:100.3,100.25 1 0
github.com/layer5io/meshery/mesheryctl/internal/cli/root/filter/list.go:111.3,111.38 1 0
github.com/layer5io/meshery/mesheryctl/internal/cli/root/filter/list.go:124.3,125.13 2 0
github.com/layer5io/meshery/mesheryctl/internal/cli/root/filter/list.go:34.17,36.4 1 0
github.com/layer5io/meshery/mesheryctl/internal/cli/root/filter/list.go:41.17,43.4 1 0
github.com/layer5io/meshery/mesheryctl/internal/cli/root/filter/list.go:46.17,48.4 1 0
github.com/layer5io/meshery/mesheryctl/internal/cli/root/filter/list.go:51.17,53.4 1 0
github.com/layer5io/meshery/mesheryctl/internal/cli/root/filter/list.go:54.38,56.4 1 0
github.com/layer5io/meshery/mesheryctl/internal/cli/root/filter/list.go:59.17,61.4 1 0
github.com/layer5io/meshery/mesheryctl/internal/cli/root/filter/list.go:63.17,65.4 1 0
github.com/layer5io/meshery/mesheryctl/internal/cli/root/filter/list.go:69.14,70.26 1 0
github.com/layer5io/meshery/mesheryctl/internal/cli/root/filter/list.go:82.4,82.39 1 0
github.com/layer5io/meshery/mesheryctl/internal/cli/root/filter/list.go:95.4,96.14 2 0
github.com/layer5io/meshery/mesheryctl/internal/cli/root/filter/list.go:70.26,71.40 1 0
github.com/layer5io/meshery/mesheryctl/internal/cli/root/filter/list.go:78.5,79.15 2 0
github.com/layer5io/meshery/mesheryctl/internal/cli/root/filter/list.go:71.40,77.6 5 0
github.com/layer5io/meshery/mesheryctl/internal/cli/root/filter/list.go:82.39,85.24 3 0
github.com/layer5io/meshery/mesheryctl/internal/cli/root/filter/list.go:90.5,93.86 4 0
github.com/layer5io/meshery/mesheryctl/internal/cli/root/filter/list.go:85.24,87.6 1 0
github.com/layer5io/meshery/mesheryctl/internal/cli/root/filter/list.go:87.11,89.6 1 0
github.com/layer5io/meshery/mesheryctl/internal/cli/root/filter/list.go:100.25,101.39 1 0
github.com/layer5io/meshery/mesheryctl/internal/cli/root/filter/list.go:108.4,109.14 2 0
github.com/layer5io/meshery/mesheryctl/internal/cli/root/filter/list.go:101.39,107.5 5 0
github.com/layer5io/meshery/mesheryctl/internal/cli/root/filter/list.go:111.38,114.23 3 0
github.com/layer5io/meshery/mesheryctl/internal/cli/root/filter/list.go:119.4,122.85 4 0
github.com/layer5io/meshery/mesheryctl/internal/cli/root/filter/list.go:114.23,116.5 1 0
github.com/layer5io/meshery/mesheryctl/internal/cli/root/filter/list.go:116.10,118.5 1 0
github.com/layer5io/meshery/mesheryctl/internal/cli/root/filter/list.go:129.13,131.2 1 1
github.com/layer5io/meshery/mesheryctl/internal/cli/root/filter/view.go:35.54,37.17 2 0
github.com/layer5io/meshery/mesheryctl/internal/cli/root/filter/view.go:41.3,44.20 3 0
github.com/layer5io/meshery/mesheryctl/internal/cli/root/filter/view.go:55.3,56.23 2 0
github.com/layer5io/meshery/mesheryctl/internal/cli/root/filter/view.go:70.3,72.17 3 0
github.com/layer5io/meshery/mesheryctl/internal/cli/root/filter/view.go:76.3,77.17 2 0
github.com/layer5io/meshery/mesheryctl/internal/cli/root/filter/view.go:80.3,80.28 1 0
github.com/layer5io/meshery/mesheryctl/internal/cli/root/filter/view.go:85.3,87.17 3 0
github.com/layer5io/meshery/mesheryctl/internal/cli/root/filter/view.go:91.3,92.51 2 0
github.com/layer5io/meshery/mesheryctl/internal/cli/root/filter/view.go:96.3,96.11 1 0
github.com/layer5io/meshery/mesheryctl/internal/cli/root/filter/view.go:117.3,117.30 1 0
github.com/layer5io/meshery/mesheryctl/internal/cli/root/filter/view.go:124.3,125.13 2 0
github.com/layer5io/meshery/mesheryctl/internal/cli/root/filter/view.go:37.17,39.4 1 0
github.com/layer5io/meshery/mesheryctl/internal/cli/root/filter/view.go:44.20,45.19 1 0
github.com/layer5io/meshery/mesheryctl/internal/cli/root/filter/view.go:48.4,51.18 3 0
github.com/layer5io/meshery/mesheryctl/internal/cli/root/filter/view.go:45.19,47.5 1 0
github.com/layer5io/meshery/mesheryctl/internal/cli/root/filter/view.go:51.18,53.5 1 0
github.com/layer5io/meshery/mesheryctl/internal/cli/root/filter/view.go:56.23,57.19 1 0
github.com/layer5io/meshery/mesheryctl/internal/cli/root/filter/view.go:57.19,59.5 1 0
github.com/layer5io/meshery/mesheryctl/internal/cli/root/filter/view.go:59.10,61.5 1 0
github.com/layer5io/meshery/mesheryctl/internal/cli/root/filter/view.go:62.9,62.18 1 0
github.com/layer5io/meshery/mesheryctl/internal/cli/root/filter/view.go:62.18,65.4 1 0
github.com/layer5io/meshery/mesheryctl/internal/cli/root/filter/view.go:65.9,68.4 1 0
github.com/layer5io/meshery/mesheryctl/internal/cli/root/filter/view.go:72.17,74.4 1 0
github.com/layer5io/meshery/mesheryctl/internal/cli/root/filter/view.go:77.17,79.4 1 0
github.com/layer5io/meshery/mesheryctl/internal/cli/root/filter/view.go:80.28,83.4 1 0
github.com/layer5io/meshery/mesheryctl/internal/cli/root/filter/view.go:87.17,89.4 1 0
github.com/layer5io/meshery/mesheryctl/internal/cli/root/filter/view.go:92.51,94.4 1 0
github.com/layer5io/meshery/mesheryctl/internal/cli/root/filter/view.go:96.11,97.65 1 0
github.com/layer5io/meshery/mesheryctl/internal/cli/root/filter/view.go:97.65,99.5 1 0
github.com/layer5io/meshery/mesheryctl/internal/cli/root/filter/view.go:100.9,100.25 1 0
github.com/layer5io/meshery/mesheryctl/internal/cli/root/filter/view.go:100.25,102.111 1 0
github.com/layer5io/meshery/mesheryctl/internal/cli/root/filter/view.go:102.111,104.5 1 0
github.com/layer5io/meshery/mesheryctl/internal/cli/root/filter/view.go:105.9,108.21 2 0
github.com/layer5io/meshery/mesheryctl/internal/cli/root/filter/view.go:112.4,112.68 1 0
github.com/layer5io/meshery/mesheryctl/internal/cli/root/filter/view.go:108.21,111.5 2 0
github.com/layer5io/meshery/mesheryctl/internal/cli/root/filter/view.go:112.68,114.5 1 0
github.com/layer5io/meshery/mesheryctl/internal/cli/root/filter/view.go:117.30,118.53 1 0
github.com/layer5io/meshery/mesheryctl/internal/cli/root/filter/view.go:118.53,120.5 1 0
github.com/layer5io/meshery/mesheryctl/internal/cli/root/filter/view.go:121.9,121.37 1 0
github.com/layer5io/meshery/mesheryctl/internal/cli/root/filter/view.go:121.37,123.4 1 0
github.com/layer5io/meshery/mesheryctl/internal/cli/root/filter/view.go:129.13,132.2 2 1
github.com/layer5io/meshery/mesheryctl/internal/cli/root/filter/apply.go:41.54,47.17 5 0
github.com/layer5io/meshery/mesheryctl/internal/cli/root/filter/apply.go:51.3,55.20 3 0
github.com/layer5io/meshery/mesheryctl/internal/cli/root/filter/apply.go:214.3,215.17 2 0
github.com/layer5io/meshery/mesheryctl/internal/cli/root/filter/apply.go:219.3,220.17 2 0
github.com/layer5io/meshery/mesheryctl/internal/cli/root/filter/apply.go:224.3,226.17 3 0
github.com/layer5io/meshery/mesheryctl/internal/cli/root/filter/apply.go:230.3,230.28 1 0
github.com/layer5io/meshery/mesheryctl/internal/cli/root/filter/apply.go:233.3,234.13 2 0
github.com/layer5io/meshery/mesheryctl/internal/cli/root/filter/apply.go:47.17,49.4 1 0
github.com/layer5io/meshery/mesheryctl/internal/cli/root/filter/apply.go:55.20,63.18 4 0
github.com/layer5io/meshery/mesheryctl/internal/cli/root/filter/apply.go:67.4,68.18 2 0
github.com/layer5io/meshery/mesheryctl/internal/cli/root/filter/apply.go:72.4,74.30 2 0
github.com/layer5io/meshery/mesheryctl/internal/cli/root/filter/apply.go:77.4,79.18 3 0
github.com/layer5io/meshery/mesheryctl/internal/cli/root/filter/apply.go:82.4,83.18 2 0
github.com/layer5io/meshery/mesheryctl/internal/cli/root/filter/apply.go:87.4,88.34 2 0
github.com/layer5io/meshery/mesheryctl/internal/cli/root/filter/apply.go:63.18,65.5 1 0
github.com/layer5io/meshery/mesheryctl/internal/cli/root/filter/apply.go:68.18,70.5 1 0
github.com/layer5io/meshery/mesheryctl/internal/cli/root/filter/apply.go:74.30,76.5 1 0
github.com/layer5io/meshery/mesheryctl/internal/cli/root/filter/apply.go:79.18,81.5 1 0
github.com/layer5io/meshery/mesheryctl/internal/cli/root/filter/apply.go:83.18,85.5 1 0
github.com/layer5io/meshery/mesheryctl/internal/cli/root/filter/apply.go:88.34,90.5 1 0
github.com/layer5io/meshery/mesheryctl/internal/cli/root/filter/apply.go:90.10,90.41 1 0
github.com/layer5io/meshery/mesheryctl/internal/cli/root/filter/apply.go:90.41,92.5 1 0
github.com/layer5io/meshery/mesheryctl/internal/cli/root/filter/apply.go:92.10,96.5 2 0
github.com/layer5io/meshery/mesheryctl/internal/cli/root/filter/apply.go:97.9,99.54 1 0
github.com/layer5io/meshery/mesheryctl/internal/cli/root/filter/apply.go:99.54,101.19 2 0
github.com/layer5io/meshery/mesheryctl/internal/cli/root/filter/apply.go:104.5,107.18 2 0
github.com/layer5io/meshery/mesheryctl/internal/cli/root/filter/apply.go:144.5,144.22 1 0
github.com/layer5io/meshery/mesheryctl/internal/cli/root/filter/apply.go:101.19,103.6 1 0
github.com/layer5io/meshery/mesheryctl/internal/cli/root/filter/apply.go:107.18,114.20 2 0
github.com/layer5io/meshery/mesheryctl/internal/cli/root/filter/apply.go:117.6,118.20 2 0
github.com/layer5io/meshery/mesheryctl/internal/cli/root/filter/apply.go:121.6,122.20 2 0
github.com/layer5io/meshery/mesheryctl/internal/cli/root/filter/apply.go:125.6,128.32 3 0
github.com/layer5io/meshery/mesheryctl/internal/cli/root/filter/apply.go:131.6,134.20 3 0
github.com/layer5io/meshery/mesheryctl/internal/cli/root/filter/apply.go:137.6,138.20 2 0
github.com/layer5io/meshery/mesheryctl/internal/cli/root/filter/apply.go:114.20,116.7 1 0
github.com/layer5io/meshery/mesheryctl/internal/cli/root/filter/apply.go:118.20,120.7 1 0
github.com/layer5io/meshery/mesheryctl/internal/cli/root/filter/apply.go:122.20,124.7 1 0
github.com/layer5io/meshery/mesheryctl/internal/cli/root/filter/apply.go:128.32,130.7 1 0
github.com/layer5io/meshery/mesheryctl/internal/cli/root/filter/apply.go:134.20,136.7 1 0
github.com/layer5io/meshery/mesheryctl/internal/cli/root/filter/apply.go:138.20,140.7 1 0
github.com/layer5io/meshery/mesheryctl/internal/cli/root/filter/apply.go:145.10,148.19 3 0
github.com/layer5io/meshery/mesheryctl/internal/cli/root/filter/apply.go:152.5,156.18 3 0
github.com/layer5io/meshery/mesheryctl/internal/cli/root/filter/apply.go:183.5,184.19 2 0
github.com/layer5io/meshery/mesheryctl/internal/cli/root/filter/apply.go:188.5,189.19 2 0
github.com/layer5io/meshery/mesheryctl/internal/cli/root/filter/apply.go:192.5,195.31 3 0
github.com/layer5io/meshery/mesheryctl/internal/cli/root/filter/apply.go:198.5,201.19 3 0
github.com/layer5io/meshery/mesheryctl/internal/cli/root/filter/apply.go:204.5,205.19 2 0
github.com/layer5io/meshery/mesheryctl/internal/cli/root/filter/apply.go:210.5,210.40 1 0
github.com/layer5io/meshery/mesheryctl/internal/cli/root/filter/apply.go:148.19,150.6 1 0
github.com/layer5io/meshery/mesheryctl/internal/cli/root/filter/apply.go:156.18,157.20 1 0
github.com/layer5io/meshery/mesheryctl/internal/cli/root/filter/apply.go:157.20,163.7 1 0
github.com/layer5io/meshery/mesheryctl/internal/cli/root/filter/apply.go:163.12,168.7 1 0
github.com/layer5io/meshery/mesheryctl/internal/cli/root/filter/apply.go:169.11,170.20 1 0
github.com/layer5io/meshery/mesheryctl/internal/cli/root/filter/apply.go:170.20,176.7 1 0
github.com/layer5io/meshery/mesheryctl/internal/cli/root/filter/apply.go:176.12,181.7 1 0
github.com/layer5io/meshery/mesheryctl/internal/cli/root/filter/apply.go:184.19,186.6 1 0
github.com/layer5io/meshery/mesheryctl/internal/cli/root/filter/apply.go:189.19,191.6 1 0
github.com/layer5io/meshery/mesheryctl/internal/cli/root/filter/apply.go:195.31,197.6 1 0
github.com/layer5io/meshery/mesheryctl/internal/cli/root/filter/apply.go:201.19,203.6 1 0
github.com/layer5io/meshery/mesheryctl/internal/cli/root/filter/apply.go:205.19,207.6 1 0
github.com/layer5io/meshery/mesheryctl/internal/cli/root/filter/apply.go:215.17,217.4 1 0
github.com/layer5io/meshery/mesheryctl/internal/cli/root/filter/apply.go:220.17,222.4 1 0
github.com/layer5io/meshery/mesheryctl/internal/cli/root/filter/apply.go:226.17,228.4 1 0
github.com/layer5io/meshery/mesheryctl/internal/cli/root/filter/apply.go:230.28,232.4 1 0
github.com/layer5io/meshery/mesheryctl/internal/cli/root/filter/apply.go:238.71,241.33 2 0
github.com/layer5io/meshery/mesheryctl/internal/cli/root/filter/apply.go:250.2,250.6 1 0
github.com/layer5io/meshery/mesheryctl/internal/cli/root/filter/apply.go:241.33,248.3 6 0
github.com/layer5io/meshery/mesheryctl/internal/cli/root/filter/apply.go:250.6,253.17 3 0
github.com/layer5io/meshery/mesheryctl/internal/cli/root/filter/apply.go:256.3,258.17 3 0
github.com/layer5io/meshery/mesheryctl/internal/cli/root/filter/apply.go:261.3,261.42 1 0
github.com/layer5io/meshery/mesheryctl/internal/cli/root/filter/apply.go:253.17,255.4 1 0
github.com/layer5io/meshery/mesheryctl/internal/cli/root/filter/apply.go:258.17,260.4 1 0
github.com/layer5io/meshery/mesheryctl/internal/cli/root/filter/apply.go:261.42,263.4 1 0
github.com/layer5io/meshery/mesheryctl/internal/cli/root/filter/apply.go:263.9,265.4 1 0
github.com/layer5io/meshery/mesheryctl/internal/cli/root/filter/apply.go:269.13,272.2 2 1
github.com/layer5io/meshery/mesheryctl/internal/cli/root/filter/delete.go:28.54,30.17 2 0
github.com/layer5io/meshery/mesheryctl/internal/cli/root/filter/delete.go:35.3,36.17 2 0
github.com/layer5io/meshery/mesheryctl/internal/cli/root/filter/delete.go:40.3,42.17 3 0
github.com/layer5io/meshery/mesheryctl/internal/cli/root/filter/delete.go:46.3,47.17 2 0
github.com/layer5io/meshery/mesheryctl/internal/cli/root/filter/delete.go:51.3,53.17 3 0
github.com/layer5io/meshery/mesheryctl/internal/cli/root/filter/delete.go:57.3,59.13 2 0
github.com/layer5io/meshery/mesheryctl/internal/cli/root/filter/delete.go:30.17,32.4 1 0
github.com/layer5io/meshery/mesheryctl/internal/cli/root/filter/delete.go:36.17,38.4 1 0
github.com/layer5io/meshery/mesheryctl/internal/cli/root/filter/delete.go:42.17,44.4 1 0
github.com/layer5io/meshery/mesheryctl/internal/cli/root/filter/delete.go:47.17,49.4 1 0
github.com/layer5io/meshery/mesheryctl/internal/cli/root/filter/delete.go:53.17,55.4 1 0
github.com/layer5io/meshery/mesheryctl/internal/cli/root/filter/error.go:16.34,18.2 1 0
github.com/layer5io/meshery/mesheryctl/internal/cli/root/filter/error.go:20.46,22.2 1 0
github.com/layer5io/meshery/mesheryctl/internal/cli/root/filter/error.go:24.42,26.2 1 0
github.com/layer5io/meshery/mesheryctl/internal/cli/root/filter/error.go:28.36,30.2 1 0
github.com/layer5io/meshery/mesheryctl/internal/cli/root/filter/filter.go:25.54,26.21 1 0
github.com/layer5io/meshery/mesheryctl/internal/cli/root/filter/filter.go:29.3,29.72 1 0
github.com/layer5io/meshery/mesheryctl/internal/cli/root/filter/filter.go:32.3,32.13 1 0
github.com/layer5io/meshery/mesheryctl/internal/cli/root/filter/filter.go:26.21,28.4 1 0
github.com/layer5io/meshery/mesheryctl/internal/cli/root/filter/filter.go:29.72,31.4 1 0
github.com/layer5io/meshery/mesheryctl/internal/cli/root/filter/filter.go:36.13,41.2 3 1
github.com/layer5io/meshery/mesheryctl/internal/cli/root/pattern/list.go:36.54,38.17 2 0
github.com/layer5io/meshery/mesheryctl/internal/cli/root/pattern/list.go:42.3,45.17 4 0
github.com/layer5io/meshery/mesheryctl/internal/cli/root/pattern/list.go:49.3,50.17 2 0
github.com/layer5io/meshery/mesheryctl/internal/cli/root/pattern/list.go:53.3,55.17 3 0
github.com/layer5io/meshery/mesheryctl/internal/cli/root/pattern/list.go:58.3,60.17 2 0
github.com/layer5io/meshery/mesheryctl/internal/cli/root/pattern/list.go:63.3,64.17 2 0
github.com/layer5io/meshery/mesheryctl/internal/cli/root/pattern/list.go:67.3,70.14 3 0
github.com/layer5io/meshery/mesheryctl/internal/cli/root/pattern/list.go:102.3,102.25 1 0
github.com/layer5io/meshery/mesheryctl/internal/cli/root/pattern/list.go:113.3,113.39 1 0
github.com/layer5io/meshery/mesheryctl/internal/cli/root/pattern/list.go:126.3,128.13 2 0
github.com/layer5io/meshery/mesheryctl/internal/cli/root/pattern/list.go:38.17,40.4 1 0
github.com/layer5io/meshery/mesheryctl/internal/cli/root/pattern/list.go:45.17,47.4 1 0
github.com/layer5io/meshery/mesheryctl/internal/cli/root/pattern/list.go:50.17,52.4 1 0
github.com/layer5io/meshery/mesheryctl/internal/cli/root/pattern/list.go:55.17,57.4 1 0
github.com/layer5io/meshery/mesheryctl/internal/cli/root/pattern/list.go:60.17,62.4 1 0
github.com/layer5io/meshery/mesheryctl/internal/cli/root/pattern/list.go:64.17,66.4 1 0
github.com/layer5io/meshery/mesheryctl/internal/cli/root/pattern/list.go:70.14,71.26 1 0
github.com/layer5io/meshery/mesheryctl/internal/cli/root/pattern/list.go:83.4,83.40 1 0
github.com/layer5io/meshery/mesheryctl/internal/cli/root/pattern/list.go:96.4,98.14 2 0
github.com/layer5io/meshery/mesheryctl/internal/cli/root/pattern/list.go:71.26,72.41 1 0
github.com/layer5io/meshery/mesheryctl/internal/cli/root/pattern/list.go:79.5,80.15 2 0
github.com/layer5io/meshery/mesheryctl/internal/cli/root/pattern/list.go:72.41,78.6 5 0
github.com/layer5io/meshery/mesheryctl/internal/cli/root/pattern/list.go:83.40,86.24 3 0
github.com/layer5io/meshery/mesheryctl/internal/cli/root/pattern/list.go:91.5,94.87 4 0
github.com/layer5io/meshery/mesheryctl/internal/cli/root/pattern/list.go:86.24,88.6 1 0
github.com/layer5io/meshery/mesheryctl/internal/cli/root/pattern/list.go:88.11,90.6 1 0
github.com/layer5io/meshery/mesheryctl/internal/cli/root/pattern/list.go:102.25,103.40 1 0
github.com/layer5io/meshery/mesheryctl/internal/cli/root/pattern/list.go:110.4,111.14 2 0
github.com/layer5io/meshery/mesheryctl/internal/cli/root/pattern/list.go:103.40,109.5 5 0
github.com/layer5io/meshery/mesheryctl/internal/cli/root/pattern/list.go:113.39,116.23 3 0
github.com/layer5io/meshery/mesheryctl/internal/cli/root/pattern/list.go:121.4,124.86 4 0
github.com/layer5io/meshery/mesheryctl/internal/cli/root/pattern/list.go:116.23,118.5 1 0
github.com/layer5io/meshery/mesheryctl/internal/cli/root/pattern/list.go:118.10,120.5 1 0
github.com/layer5io/meshery/mesheryctl/internal/cli/root/pattern/list.go:133.13,135.2 1 1
github.com/layer5io/meshery/mesheryctl/internal/cli/root/pattern/pattern.go:34.54,35.21 1 0
github.com/layer5io/meshery/mesheryctl/internal/cli/root/pattern/pattern.go:38.3,38.72 1 0
github.com/layer5io/meshery/mesheryctl/internal/cli/root/pattern/pattern.go:41.3,41.13 1 0
github.com/layer5io/meshery/mesheryctl/internal/cli/root/pattern/pattern.go:35.21,37.4 1 0
github.com/layer5io/meshery/mesheryctl/internal/cli/root/pattern/pattern.go:38.72,40.4 1 0
github.com/layer5io/meshery/mesheryctl/internal/cli/root/pattern/pattern.go:45.13,50.2 3 1
github.com/layer5io/meshery/mesheryctl/internal/cli/root/pattern/view.go:36.54,38.17 2 0
github.com/layer5io/meshery/mesheryctl/internal/cli/root/pattern/view.go:41.3,44.20 3 0
github.com/layer5io/meshery/mesheryctl/internal/cli/root/pattern/view.go:55.3,56.24 2 0
github.com/layer5io/meshery/mesheryctl/internal/cli/root/pattern/view.go:70.3,72.17 3 0
github.com/layer5io/meshery/mesheryctl/internal/cli/root/pattern/view.go:76.3,77.17 2 0
github.com/layer5io/meshery/mesheryctl/internal/cli/root/pattern/view.go:80.3,80.28 1 0
github.com/layer5io/meshery/mesheryctl/internal/cli/root/pattern/view.go:85.3,87.17 3 0
github.com/layer5io/meshery/mesheryctl/internal/cli/root/pattern/view.go:91.3,92.51 2 0
github.com/layer5io/meshery/mesheryctl/internal/cli/root/pattern/view.go:96.3,96.11 1 0
github.com/layer5io/meshery/mesheryctl/internal/cli/root/pattern/view.go:117.3,117.30 1 0
github.com/layer5io/meshery/mesheryctl/internal/cli/root/pattern/view.go:124.3,125.13 2 0
github.com/layer5io/meshery/mesheryctl/internal/cli/root/pattern/view.go:38.17,40.4 1 0
github.com/layer5io/meshery/mesheryctl/internal/cli/root/pattern/view.go:44.20,45.19 1 0
github.com/layer5io/meshery/mesheryctl/internal/cli/root/pattern/view.go:48.4,51.18 3 0
github.com/layer5io/meshery/mesheryctl/internal/cli/root/pattern/view.go:45.19,47.5 1 0
github.com/layer5io/meshery/mesheryctl/internal/cli/root/pattern/view.go:51.18,53.5 1 0
github.com/layer5io/meshery/mesheryctl/internal/cli/root/pattern/view.go:56.24,57.19 1 0
github.com/layer5io/meshery/mesheryctl/internal/cli/root/pattern/view.go:57.19,59.5 1 0
github.com/layer5io/meshery/mesheryctl/internal/cli/root/pattern/view.go:59.10,61.5 1 0
github.com/layer5io/meshery/mesheryctl/internal/cli/root/pattern/view.go:62.9,62.18 1 0
github.com/layer5io/meshery/mesheryctl/internal/cli/root/pattern/view.go:62.18,65.4 1 0
github.com/layer5io/meshery/mesheryctl/internal/cli/root/pattern/view.go:65.9,68.4 1 0
github.com/layer5io/meshery/mesheryctl/internal/cli/root/pattern/view.go:72.17,74.4 1 0
github.com/layer5io/meshery/mesheryctl/internal/cli/root/pattern/view.go:77.17,79.4 1 0
github.com/layer5io/meshery/mesheryctl/internal/cli/root/pattern/view.go:80.28,83.4 1 0
github.com/layer5io/meshery/mesheryctl/internal/cli/root/pattern/view.go:87.17,89.4 1 0
github.com/layer5io/meshery/mesheryctl/internal/cli/root/pattern/view.go:92.51,94.4 1 0
github.com/layer5io/meshery/mesheryctl/internal/cli/root/pattern/view.go:96.11,97.65 1 0
github.com/layer5io/meshery/mesheryctl/internal/cli/root/pattern/view.go:97.65,99.5 1 0
github.com/layer5io/meshery/mesheryctl/internal/cli/root/pattern/view.go:100.9,100.25 1 0
github.com/layer5io/meshery/mesheryctl/internal/cli/root/pattern/view.go:100.25,102.113 1 0
github.com/layer5io/meshery/mesheryctl/internal/cli/root/pattern/view.go:102.113,104.5 1 0
github.com/layer5io/meshery/mesheryctl/internal/cli/root/pattern/view.go:105.9,108.21 2 0
github.com/layer5io/meshery/mesheryctl/internal/cli/root/pattern/view.go:112.4,112.68 1 0
github.com/layer5io/meshery/mesheryctl/internal/cli/root/pattern/view.go:108.21,111.5 2 0
github.com/layer5io/meshery/mesheryctl/internal/cli/root/pattern/view.go:112.68,114.5 1 0
github.com/layer5io/meshery/mesheryctl/internal/cli/root/pattern/view.go:117.30,118.53 1 0
github.com/layer5io/meshery/mesheryctl/internal/cli/root/pattern/view.go:118.53,120.5 1 0
github.com/layer5io/meshery/mesheryctl/internal/cli/root/pattern/view.go:121.9,121.37 1 0
github.com/layer5io/meshery/mesheryctl/internal/cli/root/pattern/view.go:121.37,123.4 1 0
github.com/layer5io/meshery/mesheryctl/internal/cli/root/pattern/view.go:129.13,132.2 2 1
github.com/layer5io/meshery/mesheryctl/internal/cli/root/pattern/apply.go:46.54,52.17 5 0
github.com/layer5io/meshery/mesheryctl/internal/cli/root/pattern/apply.go:56.3,60.20 3 0
github.com/layer5io/meshery/mesheryctl/internal/cli/root/pattern/apply.go:221.3,222.17 2 0
github.com/layer5io/meshery/mesheryctl/internal/cli/root/pattern/apply.go:226.3,227.17 2 0
github.com/layer5io/meshery/mesheryctl/internal/cli/root/pattern/apply.go:231.3,234.17 4 0
github.com/layer5io/meshery/mesheryctl/internal/cli/root/pattern/apply.go:238.3,241.17 4 0
github.com/layer5io/meshery/mesheryctl/internal/cli/root/pattern/apply.go:245.3,245.28 1 0
github.com/layer5io/meshery/mesheryctl/internal/cli/root/pattern/apply.go:248.3,249.13 2 0
github.com/layer5io/meshery/mesheryctl/internal/cli/root/pattern/apply.go:52.17,54.4 1 0
github.com/layer5io/meshery/mesheryctl/internal/cli/root/pattern/apply.go:60.20,68.18 4 0
github.com/layer5io/meshery/mesheryctl/internal/cli/root/pattern/apply.go:72.4,73.18 2 0
github.com/layer5io/meshery/mesheryctl/internal/cli/root/pattern/apply.go:77.4,79.30 2 0
github.com/layer5io/meshery/mesheryctl/internal/cli/root/pattern/apply.go:82.4,84.18 3 0
github.com/layer5io/meshery/mesheryctl/internal/cli/root/pattern/apply.go:87.4,88.18 2 0
github.com/layer5io/meshery/mesheryctl/internal/cli/root/pattern/apply.go:92.4,93.35 2 0
github.com/layer5io/meshery/mesheryctl/internal/cli/root/pattern/apply.go:68.18,70.5 1 0
github.com/layer5io/meshery/mesheryctl/internal/cli/root/pattern/apply.go:73.18,75.5 1 0
github.com/layer5io/meshery/mesheryctl/internal/cli/root/pattern/apply.go:79.30,81.5 1 0
github.com/layer5io/meshery/mesheryctl/internal/cli/root/pattern/apply.go:84.18,86.5 1 0
github.com/layer5io/meshery/mesheryctl/internal/cli/root/pattern/apply.go:88.18,90.5 1 0
github.com/layer5io/meshery/mesheryctl/internal/cli/root/pattern/apply.go:93.35,95.5 1 0
github.com/layer5io/meshery/mesheryctl/internal/cli/root/pattern/apply.go:95.10,95.42 1 0
github.com/layer5io/meshery/mesheryctl/internal/cli/root/pattern/apply.go:95.42,97.5 1 0
github.com/layer5io/meshery/mesheryctl/internal/cli/root/pattern/apply.go:97.10,101.5 2 0
github.com/layer5io/meshery/mesheryctl/internal/cli/root/pattern/apply.go:102.9,104.54 1 0
github.com/layer5io/meshery/mesheryctl/internal/cli/root/pattern/apply.go:104.54,106.19 2 0
github.com/layer5io/meshery/mesheryctl/internal/cli/root/pattern/apply.go:109.5,112.18 2 0
github.com/layer5io/meshery/mesheryctl/internal/cli/root/pattern/apply.go:151.5,151.23 1 0
github.com/layer5io/meshery/mesheryctl/internal/cli/root/pattern/apply.go:106.19,108.6 1 0
github.com/layer5io/meshery/mesheryctl/internal/cli/root/pattern/apply.go:112.18,120.20 2 0
github.com/layer5io/meshery/mesheryctl/internal/cli/root/pattern/apply.go:123.6,124.20 2 0
github.com/layer5io/meshery/mesheryctl/internal/cli/root/pattern/apply.go:128.6,129.20 2 0
github.com/layer5io/meshery/mesheryctl/internal/cli/root/pattern/apply.go:132.6,135.32 3 0
github.com/layer5io/meshery/mesheryctl/internal/cli/root/pattern/apply.go:138.6,141.20 3 0
github.com/layer5io/meshery/mesheryctl/internal/cli/root/pattern/apply.go:144.6,145.20 2 0
github.com/layer5io/meshery/mesheryctl/internal/cli/root/pattern/apply.go:120.20,122.7 1 0
github.com/layer5io/meshery/mesheryctl/internal/cli/root/pattern/apply.go:124.20,126.7 1 0
github.com/layer5io/meshery/mesheryctl/internal/cli/root/pattern/apply.go:129.20,131.7 1 0
github.com/layer5io/meshery/mesheryctl/internal/cli/root/pattern/apply.go:135.32,137.7 1 0
github.com/layer5io/meshery/mesheryctl/internal/cli/root/pattern/apply.go:141.20,143.7 1 0
github.com/layer5io/meshery/mesheryctl/internal/cli/root/pattern/apply.go:145.20,147.7 1 0
github.com/layer5io/meshery/mesheryctl/internal/cli/root/pattern/apply.go:152.10,155.19 3 0
github.com/layer5io/meshery/mesheryctl/internal/cli/root/pattern/apply.go:159.5,163.18 3 0
github.com/layer5io/meshery/mesheryctl/internal/cli/root/pattern/apply.go:190.5,191.19 2 0
github.com/layer5io/meshery/mesheryctl/internal/cli/root/pattern/apply.go:195.5,196.19 2 0
github.com/layer5io/meshery/mesheryctl/internal/cli/root/pattern/apply.go:199.5,202.31 3 0
github.com/layer5io/meshery/mesheryctl/internal/cli/root/pattern/apply.go:205.5,208.19 3 0
github.com/layer5io/meshery/mesheryctl/internal/cli/root/pattern/apply.go:211.5,212.19 2 0
github.com/layer5io/meshery/mesheryctl/internal/cli/root/pattern/apply.go:217.5,217.42 1 0
github.com/layer5io/meshery/mesheryctl/internal/cli/root/pattern/apply.go:155.19,157.6 1 0
github.com/layer5io/meshery/mesheryctl/internal/cli/root/pattern/apply.go:163.18,164.20 1 0
github.com/layer5io/meshery/mesheryctl/internal/cli/root/pattern/apply.go:164.20,170.7 1 0
github.com/layer5io/meshery/mesheryctl/internal/cli/root/pattern/apply.go:170.12,175.7 1 0
github.com/layer5io/meshery/mesheryctl/internal/cli/root/pattern/apply.go:176.11,177.20 1 0
github.com/layer5io/meshery/mesheryctl/internal/cli/root/pattern/apply.go:177.20,183.7 1 0
github.com/layer5io/meshery/mesheryctl/internal/cli/root/pattern/apply.go:183.12,188.7 1 0
github.com/layer5io/meshery/mesheryctl/internal/cli/root/pattern/apply.go:191.19,193.6 1 0
github.com/layer5io/meshery/mesheryctl/internal/cli/root/pattern/apply.go:196.19,198.6 1 0
github.com/layer5io/meshery/mesheryctl/internal/cli/root/pattern/apply.go:202.31,204.6 1 0
github.com/layer5io/meshery/mesheryctl/internal/cli/root/pattern/apply.go:208.19,210.6 1 0
github.com/layer5io/meshery/mesheryctl/internal/cli/root/pattern/apply.go:212.19,214.6 1 0
github.com/layer5io/meshery/mesheryctl/internal/cli/root/pattern/apply.go:222.17,224.4 1 0
github.com/layer5io/meshery/mesheryctl/internal/cli/root/pattern/apply.go:227.17,229.4 1 0
github.com/layer5io/meshery/mesheryctl/internal/cli/root/pattern/apply.go:234.17,236.4 1 0
github.com/layer5io/meshery/mesheryctl/internal/cli/root/pattern/apply.go:241.17,243.4 1 0
github.com/layer5io/meshery/mesheryctl/internal/cli/root/pattern/apply.go:245.28,247.4 1 0
github.com/layer5io/meshery/mesheryctl/internal/cli/root/pattern/apply.go:253.73,256.33 2 0
github.com/layer5io/meshery/mesheryctl/internal/cli/root/pattern/apply.go:265.2,265.6 1 0
github.com/layer5io/meshery/mesheryctl/internal/cli/root/pattern/apply.go:256.33,263.3 6 0
github.com/layer5io/meshery/mesheryctl/internal/cli/root/pattern/apply.go:265.6,268.17 3 0
github.com/layer5io/meshery/mesheryctl/internal/cli/root/pattern/apply.go:271.3,273.17 3 0
github.com/layer5io/meshery/mesheryctl/internal/cli/root/pattern/apply.go:276.3,276.42 1 0
github.com/layer5io/meshery/mesheryctl/internal/cli/root/pattern/apply.go:268.17,270.4 1 0
github.com/layer5io/meshery/mesheryctl/internal/cli/root/pattern/apply.go:273.17,275.4 1 0
github.com/layer5io/meshery/mesheryctl/internal/cli/root/pattern/apply.go:276.42,278.4 1 0
github.com/layer5io/meshery/mesheryctl/internal/cli/root/pattern/apply.go:278.9,280.4 1 0
github.com/layer5io/meshery/mesheryctl/internal/cli/root/pattern/apply.go:284.13,287.2 2 1
github.com/layer5io/meshery/mesheryctl/internal/cli/root/pattern/delete.go:29.54,34.17 4 0
github.com/layer5io/meshery/mesheryctl/internal/cli/root/pattern/delete.go:38.3,42.31 3 0
github.com/layer5io/meshery/mesheryctl/internal/cli/root/pattern/delete.go:106.3,107.17 2 0
github.com/layer5io/meshery/mesheryctl/internal/cli/root/pattern/delete.go:111.3,112.17 2 0
github.com/layer5io/meshery/mesheryctl/internal/cli/root/pattern/delete.go:116.3,118.17 3 0
github.com/layer5io/meshery/mesheryctl/internal/cli/root/pattern/delete.go:122.3,124.13 2 0
github.com/layer5io/meshery/mesheryctl/internal/cli/root/pattern/delete.go:34.17,36.4 1 0
github.com/layer5io/meshery/mesheryctl/internal/cli/root/pattern/delete.go:42.31,44.18 2 0
github.com/layer5io/meshery/mesheryctl/internal/cli/root/pattern/delete.go:48.4,48.33 1 0
github.com/layer5io/meshery/mesheryctl/internal/cli/root/pattern/delete.go:44.18,46.5 1 0
github.com/layer5io/meshery/mesheryctl/internal/cli/root/pattern/delete.go:49.9,52.18 2 0
github.com/layer5io/meshery/mesheryctl/internal/cli/root/pattern/delete.go:56.4,63.18 4 0
github.com/layer5io/meshery/mesheryctl/internal/cli/root/pattern/delete.go:76.4,77.18 2 0
github.com/layer5io/meshery/mesheryctl/internal/cli/root/pattern/delete.go:81.4,82.18 2 0
github.com/layer5io/meshery/mesheryctl/internal/cli/root/pattern/delete.go:85.4,88.30 3 0
github.com/layer5io/meshery/mesheryctl/internal/cli/root/pattern/delete.go:91.4,94.18 3 0
github.com/layer5io/meshery/mesheryctl/internal/cli/root/pattern/delete.go:98.4,99.18 2 0
github.com/layer5io/meshery/mesheryctl/internal/cli/root/pattern/delete.go:103.4,103.41 1 0
github.com/layer5io/meshery/mesheryctl/internal/cli/root/pattern/delete.go:52.18,54.5 1 0
github.com/layer5io/meshery/mesheryctl/internal/cli/root/pattern/delete.go:63.18,69.5 1 0
github.com/layer5io/meshery/mesheryctl/internal/cli/root/pattern/delete.go:69.10,74.5 1 0
github.com/layer5io/meshery/mesheryctl/internal/cli/root/pattern/delete.go:77.18,79.5 1 0
github.com/layer5io/meshery/mesheryctl/internal/cli/root/pattern/delete.go:82.18,84.5 1 0
github.com/layer5io/meshery/mesheryctl/internal/cli/root/pattern/delete.go:88.30,90.5 1 0
github.com/layer5io/meshery/mesheryctl/internal/cli/root/pattern/delete.go:94.18,96.5 1 0
github.com/layer5io/meshery/mesheryctl/internal/cli/root/pattern/delete.go:99.18,101.5 1 0
github.com/layer5io/meshery/mesheryctl/internal/cli/root/pattern/delete.go:107.17,109.4 1 0
github.com/layer5io/meshery/mesheryctl/internal/cli/root/pattern/delete.go:112.17,114.4 1 0
github.com/layer5io/meshery/mesheryctl/internal/cli/root/pattern/delete.go:118.17,120.4 1 0
github.com/layer5io/meshery/mesheryctl/internal/cli/root/pattern/delete.go:128.13,130.2 1 1
github.com/layer5io/meshery/mesheryctl/pkg/utils/healthcheck.go:28.49,31.16 2 1
github.com/layer5io/meshery/mesheryctl/pkg/utils/healthcheck.go:34.2,34.54 1 1
github.com/layer5io/meshery/mesheryctl/pkg/utils/healthcheck.go:31.16,33.3 1 0
github.com/layer5io/meshery/mesheryctl/pkg/utils/healthcheck.go:37.55,39.16 2 1
github.com/layer5io/meshery/mesheryctl/pkg/utils/healthcheck.go:43.2,43.53 1 1
github.com/layer5io/meshery/mesheryctl/pkg/utils/healthcheck.go:49.2,49.12 1 1
github.com/layer5io/meshery/mesheryctl/pkg/utils/healthcheck.go:39.16,41.3 1 0
github.com/layer5io/meshery/mesheryctl/pkg/utils/healthcheck.go:43.53,47.3 1 0
github.com/layer5io/meshery/mesheryctl/pkg/utils/healthcheck.go:52.58,60.20 6 1
github.com/layer5io/meshery/mesheryctl/pkg/utils/healthcheck.go:64.2,64.32 1 1
github.com/layer5io/meshery/mesheryctl/pkg/utils/healthcheck.go:72.2,72.21 1 1
github.com/layer5io/meshery/mesheryctl/pkg/utils/healthcheck.go:60.20,62.3 1 0
github.com/layer5io/meshery/mesheryctl/pkg/utils/healthcheck.go:64.32,66.17 2 3
github.com/layer5io/meshery/mesheryctl/pkg/utils/healthcheck.go:69.3,69.17 1 3
github.com/layer5io/meshery/mesheryctl/pkg/utils/healthcheck.go:66.17,68.4 1 0
github.com/layer5io/meshery/mesheryctl/pkg/utils/healthcheck.go:77.34,80.16 3 0
github.com/layer5io/meshery/mesheryctl/pkg/utils/healthcheck.go:84.2,86.16 3 0
github.com/layer5io/meshery/mesheryctl/pkg/utils/healthcheck.go:90.2,90.61 1 0
github.com/layer5io/meshery/mesheryctl/pkg/utils/healthcheck.go:96.2,96.12 1 0
github.com/layer5io/meshery/mesheryctl/pkg/utils/healthcheck.go:80.16,82.3 1 0
github.com/layer5io/meshery/mesheryctl/pkg/utils/healthcheck.go:86.16,88.3 1 0
github.com/layer5io/meshery/mesheryctl/pkg/utils/healthcheck.go:90.61,94.3 1 0
github.com/layer5io/meshery/mesheryctl/pkg/utils/healthcheck.go:99.87,100.53 1 1
github.com/layer5io/meshery/mesheryctl/pkg/utils/healthcheck.go:104.2,104.107 1 1
github.com/layer5io/meshery/mesheryctl/pkg/utils/healthcheck.go:108.2,108.164 1 0
github.com/layer5io/meshery/mesheryctl/pkg/utils/healthcheck.go:112.2,112.14 1 0
github.com/layer5io/meshery/mesheryctl/pkg/utils/healthcheck.go:100.53,102.3 1 0
github.com/layer5io/meshery/mesheryctl/pkg/utils/healthcheck.go:104.107,106.3 1 1
github.com/layer5io/meshery/mesheryctl/pkg/utils/healthcheck.go:108.164,110.3 1 0
github.com/layer5io/meshery/mesheryctl/pkg/utils/healthcheck.go:117.63,120.2 2 0
github.com/layer5io/meshery/mesheryctl/pkg/utils/healthcheck.go:123.58,136.43 6 0
github.com/layer5io/meshery/mesheryctl/pkg/utils/healthcheck.go:141.2,141.22 1 0
github.com/layer5io/meshery/mesheryctl/pkg/utils/healthcheck.go:176.2,176.19 1 0
github.com/layer5io/meshery/mesheryctl/pkg/utils/healthcheck.go:136.43,138.3 1 0
github.com/layer5io/meshery/mesheryctl/pkg/utils/healthcheck.go:142.16,143.3 1 0
github.com/layer5io/meshery/mesheryctl/pkg/utils/healthcheck.go:150.20,151.3 1 0
github.com/layer5io/meshery/mesheryctl/pkg/utils/healthcheck.go:143.3,145.18 2 0
github.com/layer5io/meshery/mesheryctl/pkg/utils/healthcheck.go:148.4,148.55 1 0
github.com/layer5io/meshery/mesheryctl/pkg/utils/healthcheck.go:145.18,147.5 1 0
github.com/layer5io/meshery/mesheryctl/pkg/utils/healthcheck.go:151.3,154.18 2 0
github.com/layer5io/meshery/mesheryctl/pkg/utils/healthcheck.go:159.4,163.18 3 0
github.com/layer5io/meshery/mesheryctl/pkg/utils/healthcheck.go:166.4,166.52 1 0
github.com/layer5io/meshery/mesheryctl/pkg/utils/healthcheck.go:172.4,172.21 1 0
github.com/layer5io/meshery/mesheryctl/pkg/utils/healthcheck.go:154.18,156.5 1 0
github.com/layer5io/meshery/mesheryctl/pkg/utils/healthcheck.go:163.18,165.5 1 0
github.com/layer5io/meshery/mesheryctl/pkg/utils/healthcheck.go:166.52,167.42 1 0
github.com/layer5io/meshery/mesheryctl/pkg/utils/healthcheck.go:167.42,169.6 1 0
github.com/layer5io/meshery/mesheryctl/pkg/utils/healthcheck.go:180.69,182.22 1 0
github.com/layer5io/meshery/mesheryctl/pkg/utils/healthcheck.go:215.2,215.19 1 0
github.com/layer5io/meshery/mesheryctl/pkg/utils/healthcheck.go:183.16,184.3 1 0
github.com/layer5io/meshery/mesheryctl/pkg/utils/healthcheck.go:191.20,192.3 1 0
github.com/layer5io/meshery/mesheryctl/pkg/utils/healthcheck.go:184.3,186.18 2 0
github.com/layer5io/meshery/mesheryctl/pkg/utils/healthcheck.go:189.4,189.55 1 0
github.com/layer5io/meshery/mesheryctl/pkg/utils/healthcheck.go:186.18,188.5 1 0
github.com/layer5io/meshery/mesheryctl/pkg/utils/healthcheck.go:192.3,195.18 2 0
github.com/layer5io/meshery/mesheryctl/pkg/utils/healthcheck.go:199.4,202.18 3 0
github.com/layer5io/meshery/mesheryctl/pkg/utils/healthcheck.go:205.4,205.52 1 0
github.com/layer5io/meshery/mesheryctl/pkg/utils/healthcheck.go:211.4,211.21 1 0
github.com/layer5io/meshery/mesheryctl/pkg/utils/healthcheck.go:195.18,197.5 1 0
github.com/layer5io/meshery/mesheryctl/pkg/utils/healthcheck.go:202.18,204.5 1 0
github.com/layer5io/meshery/mesheryctl/pkg/utils/healthcheck.go:205.52,206.66 1 0
github.com/layer5io/meshery/mesheryctl/pkg/utils/healthcheck.go:206.66,208.6 1 0
github.com/layer5io/meshery/mesheryctl/pkg/utils/healthcheck.go:219.40,223.16 2 0
github.com/layer5io/meshery/mesheryctl/pkg/utils/healthcheck.go:228.2,230.16 2 0
github.com/layer5io/meshery/mesheryctl/pkg/utils/healthcheck.go:235.2,235.36 1 0
github.com/layer5io/meshery/mesheryctl/pkg/utils/healthcheck.go:241.2,241.18 1 0
github.com/layer5io/meshery/mesheryctl/pkg/utils/healthcheck.go:223.16,225.3 1 0
github.com/layer5io/meshery/mesheryctl/pkg/utils/healthcheck.go:230.16,232.3 1 0
github.com/layer5io/meshery/mesheryctl/pkg/utils/healthcheck.go:235.36,237.36 1 0
github.com/layer5io/meshery/mesheryctl/pkg/utils/healthcheck.go:237.36,239.4 1 0
github.com/layer5io/meshery/mesheryctl/pkg/utils/healthcheck.go:245.43,247.16 2 0
github.com/layer5io/meshery/mesheryctl/pkg/utils/healthcheck.go:251.2,251.79 1 0
github.com/layer5io/meshery/mesheryctl/pkg/utils/healthcheck.go:255.2,255.18 1 0
github.com/layer5io/meshery/mesheryctl/pkg/utils/healthcheck.go:247.16,249.3 1 0
github.com/layer5io/meshery/mesheryctl/pkg/utils/healthcheck.go:251.79,253.3 1 0
github.com/layer5io/meshery/mesheryctl/pkg/utils/healthcheck.go:260.88,261.30 1 0
github.com/layer5io/meshery/mesheryctl/pkg/utils/healthcheck.go:261.30,263.17 2 0
github.com/layer5io/meshery/mesheryctl/pkg/utils/healthcheck.go:267.3,267.27 1 0
github.com/layer5io/meshery/mesheryctl/pkg/utils/healthcheck.go:273.3,273.20 1 0
github.com/layer5io/meshery/mesheryctl/pkg/utils/healthcheck.go:263.17,265.4 1 0
github.com/layer5io/meshery/mesheryctl/pkg/utils/healthcheck.go:268.22,269.20 1 0
github.com/layer5io/meshery/mesheryctl/pkg/utils/healthcheck.go:270.38,271.90 1 0
github.com/layer5io/meshery/mesheryctl/pkg/utils/healthcheck.go:279.103,281.2 1 0
github.com/layer5io/meshery/mesheryctl/pkg/utils/healthcheck.go:285.96,287.16 2 0
github.com/layer5io/meshery/mesheryctl/pkg/utils/healthcheck.go:290.2,290.29 1 0
github.com/layer5io/meshery/mesheryctl/pkg/utils/healthcheck.go:293.2,294.36 2 0
github.com/layer5io/meshery/mesheryctl/pkg/utils/healthcheck.go:301.2,301.26 1 0
github.com/layer5io/meshery/mesheryctl/pkg/utils/healthcheck.go:305.2,305.92 1 0
github.com/layer5io/meshery/mesheryctl/pkg/utils/healthcheck.go:287.16,289.3 1 0
github.com/layer5io/meshery/mesheryctl/pkg/utils/healthcheck.go:290.29,292.3 1 0
github.com/layer5io/meshery/mesheryctl/pkg/utils/healthcheck.go:294.36,295.46 1 0
github.com/layer5io/meshery/mesheryctl/pkg/utils/healthcheck.go:295.46,297.9 2 0
github.com/layer5io/meshery/mesheryctl/pkg/utils/healthcheck.go:301.26,303.3 1 0
github.com/layer5io/meshery/mesheryctl/pkg/utils/healthcheck.go:309.85,310.30 1 0
github.com/layer5io/meshery/mesheryctl/pkg/utils/healthcheck.go:310.30,312.17 2 0
github.com/layer5io/meshery/mesheryctl/pkg/utils/healthcheck.go:317.3,317.39 1 0
github.com/layer5io/meshery/mesheryctl/pkg/utils/healthcheck.go:323.3,323.19 1 0
github.com/layer5io/meshery/mesheryctl/pkg/utils/healthcheck.go:312.17,314.4 1 0
github.com/layer5io/meshery/mesheryctl/pkg/utils/healthcheck.go:317.39,318.28 1 0
github.com/layer5io/meshery/mesheryctl/pkg/utils/healthcheck.go:318.28,320.5 1 0
github.com/layer5io/meshery/mesheryctl/pkg/utils/healthcheck.go:328.100,330.2 1 0
github.com/layer5io/meshery/mesheryctl/pkg/utils/healthcheck.go:333.90,335.2 1 0
github.com/layer5io/meshery/mesheryctl/pkg/utils/portforward.go:49.25,52.16 3 0
github.com/layer5io/meshery/mesheryctl/pkg/utils/portforward.go:56.2,57.36 2 0
github.com/layer5io/meshery/mesheryctl/pkg/utils/portforward.go:66.2,66.19 1 0
github.com/layer5io/meshery/mesheryctl/pkg/utils/portforward.go:70.2,70.90 1 0
github.com/layer5io/meshery/mesheryctl/pkg/utils/portforward.go:52.16,54.3 1 0
github.com/layer5io/meshery/mesheryctl/pkg/utils/portforward.go:57.36,58.44 1 0
github.com/layer5io/meshery/mesheryctl/pkg/utils/portforward.go:58.44,59.47 1 0
github.com/layer5io/meshery/mesheryctl/pkg/utils/portforward.go:59.47,61.10 2 0
github.com/layer5io/meshery/mesheryctl/pkg/utils/portforward.go:66.19,68.3 1 0
github.com/layer5io/meshery/mesheryctl/pkg/utils/portforward.go:78.25,88.20 4 0
github.com/layer5io/meshery/mesheryctl/pkg/utils/portforward.go:99.2,111.8 1 0
github.com/layer5io/meshery/mesheryctl/pkg/utils/portforward.go:88.20,89.26 1 0
github.com/layer5io/meshery/mesheryctl/pkg/utils/portforward.go:93.3,94.17 2 0
github.com/layer5io/meshery/mesheryctl/pkg/utils/portforward.go:89.26,91.4 1 0
github.com/layer5io/meshery/mesheryctl/pkg/utils/portforward.go:94.17,96.4 1 0
github.com/layer5io/meshery/mesheryctl/pkg/utils/portforward.go:116.36,118.16 2 0
github.com/layer5io/meshery/mesheryctl/pkg/utils/portforward.go:122.2,124.17 3 0
github.com/layer5io/meshery/mesheryctl/pkg/utils/portforward.go:129.2,133.16 4 0
github.com/layer5io/meshery/mesheryctl/pkg/utils/portforward.go:137.2,138.16 2 0
github.com/layer5io/meshery/mesheryctl/pkg/utils/portforward.go:142.2,142.12 1 0
github.com/layer5io/meshery/mesheryctl/pkg/utils/portforward.go:118.16,120.3 1 0
github.com/layer5io/meshery/mesheryctl/pkg/utils/portforward.go:124.17,127.3 2 0
github.com/layer5io/meshery/mesheryctl/pkg/utils/portforward.go:133.16,135.3 1 0
github.com/layer5io/meshery/mesheryctl/pkg/utils/portforward.go:138.16,141.3 2 0
github.com/layer5io/meshery/mesheryctl/pkg/utils/portforward.go:148.37,153.12 3 0
github.com/layer5io/meshery/mesheryctl/pkg/utils/portforward.go:162.2,162.9 1 0
github.com/layer5io/meshery/mesheryctl/pkg/utils/portforward.go:170.2,170.12 1 0
github.com/layer5io/meshery/mesheryctl/pkg/utils/portforward.go:153.12,154.34 1 0
github.com/layer5io/meshery/mesheryctl/pkg/utils/portforward.go:154.34,156.4 1 0
github.com/layer5io/meshery/mesheryctl/pkg/utils/portforward.go:163.20,164.40 1 0
github.com/layer5io/meshery/mesheryctl/pkg/utils/portforward.go:165.24,167.13 2 0
github.com/layer5io/meshery/mesheryctl/pkg/utils/portforward.go:175.31,177.2 1 0
github.com/layer5io/meshery/mesheryctl/pkg/utils/portforward.go:181.50,183.2 1 0
github.com/layer5io/meshery/mesheryctl/pkg/utils/portforward.go:186.51,188.2 1 0
github.com/layer5io/meshery/mesheryctl/pkg/utils/portforward.go:191.48,193.2 1 0
github.com/layer5io/meshery/mesheryctl/pkg/utils/portforward.go:197.38,199.16 2 0
github.com/layer5io/meshery/mesheryctl/pkg/utils/portforward.go:203.2,207.9 3 0
github.com/layer5io/meshery/mesheryctl/pkg/utils/portforward.go:211.2,211.26 1 0
github.com/layer5io/meshery/mesheryctl/pkg/utils/portforward.go:199.16,201.3 1 0
github.com/layer5io/meshery/mesheryctl/pkg/utils/portforward.go:207.9,209.3 1 0
github.com/layer5io/meshery/mesheryctl/pkg/utils/testing.go:36.46,41.2 1 0
github.com/layer5io/meshery/mesheryctl/pkg/utils/testing.go:58.77,60.2 1 0
github.com/layer5io/meshery/mesheryctl/pkg/utils/testing.go:63.50,64.34 1 0
github.com/layer5io/meshery/mesheryctl/pkg/utils/testing.go:64.34,68.3 3 0
github.com/layer5io/meshery/mesheryctl/pkg/utils/testing.go:72.39,74.9 2 0
github.com/layer5io/meshery/mesheryctl/pkg/utils/testing.go:78.2,78.31 1 0
github.com/layer5io/meshery/mesheryctl/pkg/utils/testing.go:74.9,76.3 1 0
github.com/layer5io/meshery/mesheryctl/pkg/utils/testing.go:82.37,86.16 4 0
github.com/layer5io/meshery/mesheryctl/pkg/utils/testing.go:90.2,90.24 1 0
github.com/layer5io/meshery/mesheryctl/pkg/utils/testing.go:86.16,88.3 1 0
github.com/layer5io/meshery/mesheryctl/pkg/utils/testing.go:94.41,98.16 4 0
github.com/layer5io/meshery/mesheryctl/pkg/utils/testing.go:102.2,102.16 1 0
github.com/layer5io/meshery/mesheryctl/pkg/utils/testing.go:98.16,100.3 1 0
github.com/layer5io/meshery/mesheryctl/pkg/utils/testing.go:106.45,111.16 4 0
github.com/layer5io/meshery/mesheryctl/pkg/utils/testing.go:122.2,123.16 2 0
github.com/layer5io/meshery/mesheryctl/pkg/utils/testing.go:111.16,112.25 1 0
github.com/layer5io/meshery/mesheryctl/pkg/utils/testing.go:119.3,119.18 1 0
github.com/layer5io/meshery/mesheryctl/pkg/utils/testing.go:112.25,114.18 2 0
github.com/layer5io/meshery/mesheryctl/pkg/utils/testing.go:117.4,117.10 1 0
github.com/layer5io/meshery/mesheryctl/pkg/utils/testing.go:114.18,116.5 1 0
github.com/layer5io/meshery/mesheryctl/pkg/utils/testing.go:123.16,125.3 1 0
github.com/layer5io/meshery/mesheryctl/pkg/utils/testing.go:129.51,133.16 4 0
github.com/layer5io/meshery/mesheryctl/pkg/utils/testing.go:133.16,135.3 1 0
github.com/layer5io/meshery/mesheryctl/pkg/utils/testing.go:139.36,141.16 2 0
github.com/layer5io/meshery/mesheryctl/pkg/utils/testing.go:144.2,149.16 5 0
github.com/layer5io/meshery/mesheryctl/pkg/utils/testing.go:153.2,154.16 2 0
github.com/layer5io/meshery/mesheryctl/pkg/utils/testing.go:141.16,143.3 1 0
github.com/layer5io/meshery/mesheryctl/pkg/utils/testing.go:149.16,151.3 1 0
github.com/layer5io/meshery/mesheryctl/pkg/utils/testing.go:154.16,156.3 1 0
github.com/layer5io/meshery/mesheryctl/pkg/utils/testing.go:160.71,165.2 4 0
github.com/layer5io/meshery/mesheryctl/pkg/utils/testing.go:168.74,172.2 3 0
github.com/layer5io/meshery/mesheryctl/pkg/utils/testing.go:175.64,184.16 7 0
github.com/layer5io/meshery/mesheryctl/pkg/utils/testing.go:188.2,189.16 2 0
github.com/layer5io/meshery/mesheryctl/pkg/utils/testing.go:184.16,186.3 1 0
github.com/layer5io/meshery/mesheryctl/pkg/utils/testing.go:189.16,191.3 1 0
github.com/layer5io/meshery/mesheryctl/pkg/utils/testing.go:195.33,201.9 3 0
github.com/layer5io/meshery/mesheryctl/pkg/utils/testing.go:204.2,212.49 5 0
github.com/layer5io/meshery/mesheryctl/pkg/utils/testing.go:201.9,203.3 1 0
github.com/layer5io/meshery/mesheryctl/pkg/utils/testing.go:216.32,218.2 1 0
github.com/layer5io/meshery/mesheryctl/pkg/utils/testing.go:221.41,225.2 3 1
github.com/layer5io/meshery/mesheryctl/pkg/utils/testing.go:227.38,229.16 2 0
github.com/layer5io/meshery/mesheryctl/pkg/utils/testing.go:233.2,233.40 1 0
github.com/layer5io/meshery/mesheryctl/pkg/utils/testing.go:237.2,238.16 2 0
github.com/layer5io/meshery/mesheryctl/pkg/utils/testing.go:241.2,244.16 3 0
github.com/layer5io/meshery/mesheryctl/pkg/utils/testing.go:247.2,249.12 3 0
github.com/layer5io/meshery/mesheryctl/pkg/utils/testing.go:229.16,231.3 1 0
github.com/layer5io/meshery/mesheryctl/pkg/utils/testing.go:233.40,235.3 1 0
github.com/layer5io/meshery/mesheryctl/pkg/utils/testing.go:238.16,240.3 1 0
github.com/layer5io/meshery/mesheryctl/pkg/utils/testing.go:244.16,246.3 1 0
github.com/layer5io/meshery/mesheryctl/pkg/utils/error.go:18.35,20.2 1 0
github.com/layer5io/meshery/mesheryctl/pkg/utils/error.go:24.35,26.2 1 0
[...]
github.com/layer5io/meshery/mesheryctl/internal/cli/root/perf/profile.go:74.29,76.34 2 0
github.com/layer5io/meshery/mesheryctl/internal/cli/root/perf/profile.go:81.4,81.32 1 0
github.com/layer5io/meshery/mesheryctl/internal/cli/root/perf/profile.go:76.34,78.5 1 0
github.com/layer5io/meshery/mesheryctl/internal/cli/root/perf/profile.go:78.10,78.41 1 0
github.com/layer5io/meshery/mesheryctl/internal/cli/root/perf/profile.go:78.41,80.5 1 0
github.com/layer5io/meshery/mesheryctl/internal/cli/root/perf/profile.go:82.9,82.32 1 0
github.com/layer5io/meshery/mesheryctl/internal/cli/root/perf/profile.go:82.32,84.4 1 0
github.com/layer5io/meshery/mesheryctl/internal/cli/root/perf/profile.go:84.9,87.25 2 0
github.com/layer5io/meshery/mesheryctl/internal/cli/root/perf/profile.go:94.4,104.24 10 0
github.com/layer5io/meshery/mesheryctl/internal/cli/root/perf/profile.go:87.25,89.19 2 0
github.com/layer5io/meshery/mesheryctl/internal/cli/root/perf/profile.go:89.19,91.6 1 0
github.com/layer5io/meshery/mesheryctl/internal/cli/root/perf/profile.go:104.24,106.5 1 0
github.com/layer5io/meshery/mesheryctl/internal/cli/root/perf/profile.go:106.10,108.5 1 0
github.com/layer5io/meshery/mesheryctl/internal/cli/root/perf/profile.go:116.132,123.24 4 0
github.com/layer5io/meshery/mesheryctl/internal/cli/root/perf/profile.go:127.2,130.16 3 0
github.com/layer5io/meshery/mesheryctl/internal/cli/root/perf/profile.go:134.2,135.16 2 0
github.com/layer5io/meshery/mesheryctl/internal/cli/root/perf/profile.go:138.2,140.16 3 0
github.com/layer5io/meshery/mesheryctl/internal/cli/root/perf/profile.go:144.2,145.16 2 0
github.com/layer5io/meshery/mesheryctl/internal/cli/root/perf/profile.go:149.2,149.37 1 0
github.com/layer5io/meshery/mesheryctl/internal/cli/root/perf/profile.go:123.24,125.3 1 0
github.com/layer5io/meshery/mesheryctl/internal/cli/root/perf/profile.go:130.16,132.3 1 0
github.com/layer5io/meshery/mesheryctl/internal/cli/root/perf/profile.go:135.16,137.3 1 0
github.com/layer5io/meshery/mesheryctl/internal/cli/root/perf/profile.go:140.16,142.3 1 0
github.com/layer5io/meshery/mesheryctl/internal/cli/root/perf/profile.go:145.16,147.3 1 0
github.com/layer5io/meshery/mesheryctl/internal/cli/root/perf/profile.go:153.78,156.35 2 0
github.com/layer5io/meshery/mesheryctl/internal/cli/root/perf/profile.go:165.2,165.13 1 0
github.com/layer5io/meshery/mesheryctl/internal/cli/root/perf/profile.go:156.35,158.29 1 0
github.com/layer5io/meshery/mesheryctl/internal/cli/root/perf/profile.go:158.29,160.4 1 0
github.com/layer5io/meshery/mesheryctl/internal/cli/root/perf/profile.go:160.9,162.4 1 0
github.com/layer5io/meshery/mesheryctl/internal/cli/root/perf/profile.go:168.73,170.16 2 0
github.com/layer5io/meshery/mesheryctl/internal/cli/root/perf/profile.go:173.2,173.25 1 0
github.com/layer5io/meshery/mesheryctl/internal/cli/root/perf/profile.go:177.2,177.21 1 0
github.com/layer5io/meshery/mesheryctl/internal/cli/root/perf/profile.go:183.2,184.39 2 0
github.com/layer5io/meshery/mesheryctl/internal/cli/root/perf/profile.go:195.2,202.16 3 0
github.com/layer5io/meshery/mesheryctl/internal/cli/root/perf/profile.go:207.2,210.16 3 0
github.com/layer5io/meshery/mesheryctl/internal/cli/root/perf/profile.go:213.2,213.19 1 0
github.com/layer5io/meshery/mesheryctl/internal/cli/root/perf/profile.go:170.16,172.3 1 0
github.com/layer5io/meshery/mesheryctl/internal/cli/root/perf/profile.go:173.25,175.3 1 0
github.com/layer5io/meshery/mesheryctl/internal/cli/root/perf/profile.go:177.21,179.3 1 0
github.com/layer5io/meshery/mesheryctl/internal/cli/root/perf/profile.go:179.8,181.3 1 0
github.com/layer5io/meshery/mesheryctl/internal/cli/root/perf/profile.go:184.39,186.17 2 0
github.com/layer5io/meshery/mesheryctl/internal/cli/root/perf/profile.go:189.3,189.38 1 0
github.com/layer5io/meshery/mesheryctl/internal/cli/root/perf/profile.go:192.3,192.13 1 0
github.com/layer5io/meshery/mesheryctl/internal/cli/root/perf/profile.go:186.17,188.4 1 0
github.com/layer5io/meshery/mesheryctl/internal/cli/root/perf/profile.go:189.38,191.4 1 0
github.com/layer5io/meshery/mesheryctl/internal/cli/root/perf/profile.go:202.16,205.3 2 0
github.com/layer5io/meshery/mesheryctl/internal/cli/root/perf/profile.go:210.16,212.3 1 0
github.com/layer5io/meshery/mesheryctl/internal/cli/root/perf/profile.go:216.13,219.2 2 1
github.com/layer5io/meshery/mesheryctl/internal/cli/root/perf/result.go:58.54,65.17 4 0
github.com/layer5io/meshery/mesheryctl/internal/cli/root/perf/result.go:70.3,70.21 1 0
github.com/layer5io/meshery/mesheryctl/internal/cli/root/perf/result.go:75.3,75.28 1 0
github.com/layer5io/meshery/mesheryctl/internal/cli/root/perf/result.go:79.3,82.17 3 0
github.com/layer5io/meshery/mesheryctl/internal/cli/root/perf/result.go:86.3,86.25 1 0
github.com/layer5io/meshery/mesheryctl/internal/cli/root/perf/result.go:91.3,93.25 2 0
github.com/layer5io/meshery/mesheryctl/internal/cli/root/perf/result.go:106.3,107.17 2 0
github.com/layer5io/meshery/mesheryctl/internal/cli/root/perf/result.go:111.3,111.21 1 0
github.com/layer5io/meshery/mesheryctl/internal/cli/root/perf/result.go:117.3,118.29 2 0
github.com/layer5io/meshery/mesheryctl/internal/cli/root/perf/result.go:123.3,123.29 1 0
github.com/layer5io/meshery/mesheryctl/internal/cli/root/perf/result.go:153.3,153.13 1 0
github.com/layer5io/meshery/mesheryctl/internal/cli/root/perf/result.go:65.17,67.4 1 0
github.com/layer5io/meshery/mesheryctl/internal/cli/root/perf/result.go:70.21,72.4 1 0
github.com/layer5io/meshery/mesheryctl/internal/cli/root/perf/result.go:75.28,77.4 1 0
github.com/layer5io/meshery/mesheryctl/internal/cli/root/perf/result.go:82.17,84.4 1 0
github.com/layer5io/meshery/mesheryctl/internal/cli/root/perf/result.go:86.25,89.4 2 0
github.com/layer5io/meshery/mesheryctl/internal/cli/root/perf/result.go:93.25,96.4 1 0
github.com/layer5io/meshery/mesheryctl/internal/cli/root/perf/result.go:96.9,99.18 2 0
github.com/layer5io/meshery/mesheryctl/internal/cli/root/perf/result.go:103.4,103.45 1 0
github.com/layer5io/meshery/mesheryctl/internal/cli/root/perf/result.go:99.18,101.5 1 0
github.com/layer5io/meshery/mesheryctl/internal/cli/root/perf/result.go:107.17,109.4 1 0
github.com/layer5io/meshery/mesheryctl/internal/cli/root/perf/result.go:111.21,114.4 2 0
github.com/layer5io/meshery/mesheryctl/internal/cli/root/perf/result.go:118.29,121.4 2 0
github.com/layer5io/meshery/mesheryctl/internal/cli/root/perf/result.go:123.29,125.34 2 0
github.com/layer5io/meshery/mesheryctl/internal/cli/root/perf/result.go:130.4,130.32 1 0
github.com/layer5io/meshery/mesheryctl/internal/cli/root/perf/result.go:125.34,127.5 1 0
github.com/layer5io/meshery/mesheryctl/internal/cli/root/perf/result.go:127.10,127.41 1 0
github.com/layer5io/meshery/mesheryctl/internal/cli/root/perf/result.go:127.41,129.5 1 0
github.com/layer5io/meshery/mesheryctl/internal/cli/root/perf/result.go:131.9,131.31 1 0
github.com/layer5io/meshery/mesheryctl/internal/cli/root/perf/result.go:131.31,133.4 1 0
github.com/layer5io/meshery/mesheryctl/internal/cli/root/perf/result.go:133.9,136.21 2 0
github.com/layer5io/meshery/mesheryctl/internal/cli/root/perf/result.go:142.4,151.55 10 0
github.com/layer5io/meshery/mesheryctl/internal/cli/root/perf/result.go:136.21,138.19 2 0
github.com/layer5io/meshery/mesheryctl/internal/cli/root/perf/result.go:138.19,140.6 1 0
github.com/layer5io/meshery/mesheryctl/internal/cli/root/perf/result.go:158.134,166.16 5 0
github.com/layer5io/meshery/mesheryctl/internal/cli/root/perf/result.go:170.2,171.16 2 0
github.com/layer5io/meshery/mesheryctl/internal/cli/root/perf/result.go:175.2,177.16 3 0
github.com/layer5io/meshery/mesheryctl/internal/cli/root/perf/result.go:180.2,181.16 2 0
github.com/layer5io/meshery/mesheryctl/internal/cli/root/perf/result.go:184.2,184.36 1 0
github.com/layer5io/meshery/mesheryctl/internal/cli/root/perf/result.go:166.16,168.3 1 0
github.com/layer5io/meshery/mesheryctl/internal/cli/root/perf/result.go:171.16,173.3 1 0
github.com/layer5io/meshery/mesheryctl/internal/cli/root/perf/result.go:177.16,179.3 1 0
github.com/layer5io/meshery/mesheryctl/internal/cli/root/perf/result.go:181.16,183.3 1 0
github.com/layer5io/meshery/mesheryctl/internal/cli/root/perf/result.go:188.104,193.33 3 0
github.com/layer5io/meshery/mesheryctl/internal/cli/root/perf/result.go:266.2,266.27 1 0
github.com/layer5io/meshery/mesheryctl/internal/cli/root/perf/result.go:193.33,199.24 5 0
github.com/layer5io/meshery/mesheryctl/internal/cli/root/perf/result.go:202.3,204.66 3 0
github.com/layer5io/meshery/mesheryctl/internal/cli/root/perf/result.go:208.3,211.66 3 0
github.com/layer5io/meshery/mesheryctl/internal/cli/root/perf/result.go:218.3,224.27 6 0
github.com/layer5io/meshery/mesheryctl/internal/cli/root/perf/result.go:228.3,228.30 1 0
github.com/layer5io/meshery/mesheryctl/internal/cli/root/perf/result.go:232.3,232.24 1 0
github.com/layer5io/meshery/mesheryctl/internal/cli/root/perf/result.go:236.3,236.37 1 0
github.com/layer5io/meshery/mesheryctl/internal/cli/root/perf/result.go:240.3,240.47 1 0
github.com/layer5io/meshery/mesheryctl/internal/cli/root/perf/result.go:244.3,263.41 2 0
github.com/layer5io/meshery/mesheryctl/internal/cli/root/perf/result.go:199.24,201.4 1 0
github.com/layer5io/meshery/mesheryctl/internal/cli/root/perf/result.go:204.66,207.4 2 0
github.com/layer5io/meshery/mesheryctl/internal/cli/root/perf/result.go:211.66,215.4 3 0
github.com/layer5io/meshery/mesheryctl/internal/cli/root/perf/result.go:224.27,226.4 1 0
github.com/layer5io/meshery/mesheryctl/internal/cli/root/perf/result.go:228.30,230.4 1 0
github.com/layer5io/meshery/mesheryctl/internal/cli/root/perf/result.go:232.24,234.4 1 0
github.com/layer5io/meshery/mesheryctl/internal/cli/root/perf/result.go:236.37,238.4 1 0
github.com/layer5io/meshery/mesheryctl/internal/cli/root/perf/result.go:240.47,242.4 1 0
github.com/layer5io/meshery/mesheryctl/internal/cli/root/perf/result.go:269.13,272.2 2 1
github.com/layer5io/meshery/mesheryctl/internal/cli/root/perf/apply.go:70.54,78.17 5 0
github.com/layer5io/meshery/mesheryctl/internal/cli/root/perf/apply.go:84.3,84.21 1 0
github.com/layer5io/meshery/mesheryctl/internal/cli/root/perf/apply.go:135.3,135.21 1 0
github.com/layer5io/meshery/mesheryctl/internal/cli/root/perf/apply.go:142.3,142.21 1 0
github.com/layer5io/meshery/mesheryctl/internal/cli/root/perf/apply.go:147.3,147.28 1 0
github.com/layer5io/meshery/mesheryctl/internal/cli/root/perf/apply.go:151.3,156.17 4 0
github.com/layer5io/meshery/mesheryctl/internal/cli/root/perf/apply.go:160.3,161.25 2 0
github.com/layer5io/meshery/mesheryctl/internal/cli/root/perf/apply.go:209.3,209.20 1 0
github.com/layer5io/meshery/mesheryctl/internal/cli/root/perf/apply.go:213.3,217.56 3 0
github.com/layer5io/meshery/mesheryctl/internal/cli/root/perf/apply.go:221.3,222.17 2 0
github.com/layer5io/meshery/mesheryctl/internal/cli/root/perf/apply.go:226.3,239.21 10 0
github.com/layer5io/meshery/mesheryctl/internal/cli/root/perf/apply.go:242.3,248.17 4 0
github.com/layer5io/meshery/mesheryctl/internal/cli/root/perf/apply.go:252.3,254.17 3 0
github.com/layer5io/meshery/mesheryctl/internal/cli/root/perf/apply.go:257.3,260.13 3 0
github.com/layer5io/meshery/mesheryctl/internal/cli/root/perf/apply.go:78.17,80.4 1 0
github.com/layer5io/meshery/mesheryctl/internal/cli/root/perf/apply.go:84.21,87.18 2 0
github.com/layer5io/meshery/mesheryctl/internal/cli/root/perf/apply.go:91.4,94.18 3 0
github.com/layer5io/meshery/mesheryctl/internal/cli/root/perf/apply.go:98.4,98.65 1 0
github.com/layer5io/meshery/mesheryctl/internal/cli/root/perf/apply.go:102.4,105.22 2 0
github.com/layer5io/meshery/mesheryctl/internal/cli/root/perf/apply.go:109.4,109.21 1 0
github.com/layer5io/meshery/mesheryctl/internal/cli/root/perf/apply.go:113.4,113.22 1 0
github.com/layer5io/meshery/mesheryctl/internal/cli/root/perf/apply.go:117.4,117.17 1 0
github.com/layer5io/meshery/mesheryctl/internal/cli/root/perf/apply.go:121.4,121.32 1 0
github.com/layer5io/meshery/mesheryctl/internal/cli/root/perf/apply.go:125.4,125.26 1 0
github.com/layer5io/meshery/mesheryctl/internal/cli/root/perf/apply.go:129.4,129.27 1 0
github.com/layer5io/meshery/mesheryctl/internal/cli/root/perf/apply.go:87.18,89.5 1 0
github.com/layer5io/meshery/mesheryctl/internal/cli/root/perf/apply.go:94.18,96.5 1 0
github.com/layer5io/meshery/mesheryctl/internal/cli/root/perf/apply.go:98.65,100.5 1 0
github.com/layer5io/meshery/mesheryctl/internal/cli/root/perf/apply.go:105.22,107.5 1 0
github.com/layer5io/meshery/mesheryctl/internal/cli/root/perf/apply.go:109.21,111.5 1 0
github.com/layer5io/meshery/mesheryctl/internal/cli/root/perf/apply.go:113.22,115.5 1 0
github.com/layer5io/meshery/mesheryctl/internal/cli/root/perf/apply.go:117.17,119.5 1 0
github.com/layer5io/meshery/mesheryctl/internal/cli/root/perf/apply.go:121.32,123.5 1 0
github.com/layer5io/meshery/mesheryctl/internal/cli/root/perf/apply.go:125.26,127.5 1 0
github.com/layer5io/meshery/mesheryctl/internal/cli/root/perf/apply.go:129.27,131.5 1 0
github.com/layer5io/meshery/mesheryctl/internal/cli/root/perf/apply.go:135.21,139.4 3 0
github.com/layer5io/meshery/mesheryctl/internal/cli/root/perf/apply.go:142.21,144.4 1 0
github.com/layer5io/meshery/mesheryctl/internal/cli/root/perf/apply.go:147.28,149.4 1 0
github.com/layer5io/meshery/mesheryctl/internal/cli/root/perf/apply.go:156.17,158.4 1 0
github.com/layer5io/meshery/mesheryctl/internal/cli/root/perf/apply.go:161.25,165.24 1 0
github.com/layer5io/meshery/mesheryctl/internal/cli/root/perf/apply.go:172.4,172.20 1 0
github.com/layer5io/meshery/mesheryctl/internal/cli/root/perf/apply.go:165.24,167.5 1 0
github.com/layer5io/meshery/mesheryctl/internal/cli/root/perf/apply.go:167.10,170.5 1 0
github.com/layer5io/meshery/mesheryctl/internal/cli/root/perf/apply.go:172.20,174.19 2 0
github.com/layer5io/meshery/mesheryctl/internal/cli/root/perf/apply.go:174.19,176.6 1 0
github.com/layer5io/meshery/mesheryctl/internal/cli/root/perf/apply.go:177.10,179.5 1 0
github.com/layer5io/meshery/mesheryctl/internal/cli/root/perf/apply.go:180.9,181.26 1 0
github.com/layer5io/meshery/mesheryctl/internal/cli/root/perf/apply.go:193.4,193.21 1 0
github.com/layer5io/meshery/mesheryctl/internal/cli/root/perf/apply.go:199.4,199.22 1 0
github.com/layer5io/meshery/mesheryctl/internal/cli/root/perf/apply.go:181.26,183.5 1 0
github.com/layer5io/meshery/mesheryctl/internal/cli/root/perf/apply.go:183.10,186.19 3 0
github.com/layer5io/meshery/mesheryctl/internal/cli/root/perf/apply.go:189.5,189.44 1 0
github.com/layer5io/meshery/mesheryctl/internal/cli/root/perf/apply.go:186.19,188.6 1 0
github.com/layer5io/meshery/mesheryctl/internal/cli/root/perf/apply.go:193.21,195.5 1 0
github.com/layer5io/meshery/mesheryctl/internal/cli/root/perf/apply.go:199.22,206.5 6 0
github.com/layer5io/meshery/mesheryctl/internal/cli/root/perf/apply.go:209.20,211.4 1 0
github.com/layer5io/meshery/mesheryctl/internal/cli/root/perf/apply.go:217.56,219.4 1 0
github.com/layer5io/meshery/mesheryctl/internal/cli/root/perf/apply.go:222.17,224.4 1 0
github.com/layer5io/meshery/mesheryctl/internal/cli/root/perf/apply.go:239.21,241.4 1 0
github.com/layer5io/meshery/mesheryctl/internal/cli/root/perf/apply.go:248.17,250.4 1 0
github.com/layer5io/meshery/mesheryctl/internal/cli/root/perf/apply.go:254.17,256.4 1 0
github.com/layer5io/meshery/mesheryctl/internal/cli/root/perf/apply.go:264.13,273.2 8 1
github.com/layer5io/meshery/mesheryctl/internal/cli/root/perf/apply.go:275.110,278.23 2 0
github.com/layer5io/meshery/mesheryctl/internal/cli/root/perf/apply.go:283.2,283.19 1 0
github.com/layer5io/meshery/mesheryctl/internal/cli/root/perf/apply.go:288.2,288.55 1 0
github.com/layer5io/meshery/mesheryctl/internal/cli/root/perf/apply.go:292.2,292.20 1 0
github.com/layer5io/meshery/mesheryctl/internal/cli/root/perf/apply.go:296.2,296.15 1 0
github.com/layer5io/meshery/mesheryctl/internal/cli/root/perf/apply.go:300.2,300.30 1 0
github.com/layer5io/meshery/mesheryctl/internal/cli/root/perf/apply.go:304.2,304.24 1 0
github.com/layer5io/meshery/mesheryctl/internal/cli/root/perf/apply.go:308.2,308.25 1 0
github.com/layer5io/meshery/mesheryctl/internal/cli/root/perf/apply.go:312.2,313.16 2 0
github.com/layer5io/meshery/mesheryctl/internal/cli/root/perf/apply.go:316.2,317.16 2 0
github.com/layer5io/meshery/mesheryctl/internal/cli/root/perf/apply.go:320.2,335.16 3 0
github.com/layer5io/meshery/mesheryctl/internal/cli/root/perf/apply.go:338.2,340.16 2 0
github.com/layer5io/meshery/mesheryctl/internal/cli/root/perf/apply.go:344.2,346.16 2 0
github.com/layer5io/meshery/mesheryctl/internal/cli/root/perf/apply.go:350.2,354.16 4 0
github.com/layer5io/meshery/mesheryctl/internal/cli/root/perf/apply.go:357.2,358.16 2 0
github.com/layer5io/meshery/mesheryctl/internal/cli/root/perf/apply.go:361.2,365.36 4 0
github.com/layer5io/meshery/mesheryctl/internal/cli/root/perf/apply.go:278.23,280.3 1 0
github.com/layer5io/meshery/mesheryctl/internal/cli/root/perf/apply.go:283.19,285.3 1 0
github.com/layer5io/meshery/mesheryctl/internal/cli/root/perf/apply.go:288.55,290.3 1 0
github.com/layer5io/meshery/mesheryctl/internal/cli/root/perf/apply.go:292.20,294.3 1 0
github.com/layer5io/meshery/mesheryctl/internal/cli/root/perf/apply.go:296.15,298.3 1 0
github.com/layer5io/meshery/mesheryctl/internal/cli/root/perf/apply.go:300.30,302.3 1 0
github.com/layer5io/meshery/mesheryctl/internal/cli/root/perf/apply.go:304.24,306.3 1 0
github.com/layer5io/meshery/mesheryctl/internal/cli/root/perf/apply.go:308.25,310.3 1 0
github.com/layer5io/meshery/mesheryctl/internal/cli/root/perf/apply.go:313.16,315.3 1 0
github.com/layer5io/meshery/mesheryctl/internal/cli/root/perf/apply.go:317.16,319.3 1 0
github.com/layer5io/meshery/mesheryctl/internal/cli/root/perf/apply.go:335.16,337.3 1 0
github.com/layer5io/meshery/mesheryctl/internal/cli/root/perf/apply.go:340.16,342.3 1 0
github.com/layer5io/meshery/mesheryctl/internal/cli/root/perf/apply.go:346.16,348.3 1 0
github.com/layer5io/meshery/mesheryctl/internal/cli/root/perf/apply.go:354.16,356.3 1 0
github.com/layer5io/meshery/mesheryctl/internal/cli/root/perf/apply.go:358.16,360.3 1 0
github.com/layer5io/meshery/mesheryctl/internal/cli/root/perf/error.go:29.40,32.2 1 0
github.com/layer5io/meshery/mesheryctl/internal/cli/root/perf/error.go:34.39,37.2 1 0
github.com/layer5io/meshery/mesheryctl/internal/cli/root/perf/error.go:39.31,42.2 1 0
github.com/layer5io/meshery/mesheryctl/internal/cli/root/perf/error.go:44.27,47.2 1 0
github.com/layer5io/meshery/mesheryctl/internal/cli/root/perf/error.go:49.29,52.2 1 0
github.com/layer5io/meshery/mesheryctl/internal/cli/root/perf/error.go:54.38,57.2 1 0
github.com/layer5io/meshery/mesheryctl/internal/cli/root/perf/error.go:59.42,62.2 1 0
github.com/layer5io/meshery/mesheryctl/internal/cli/root/perf/error.go:64.38,67.2 1 0
github.com/layer5io/meshery/mesheryctl/internal/cli/root/perf/error.go:69.33,72.2 1 0
github.com/layer5io/meshery/mesheryctl/internal/cli/root/perf/error.go:74.25,77.2 1 0
github.com/layer5io/meshery/mesheryctl/internal/cli/root/perf/error.go:79.45,82.2 1 0
github.com/layer5io/meshery/mesheryctl/internal/cli/root/perf/error.go:84.40,87.2 1 0
github.com/layer5io/meshery/mesheryctl/internal/cli/root/perf/error.go:89.32,92.2 1 0
github.com/layer5io/meshery/mesheryctl/internal/cli/root/perf/error.go:94.29,97.2 1 0
github.com/layer5io/meshery/mesheryctl/internal/cli/root/perf/error.go:99.37,101.2 1 0
github.com/layer5io/meshery/mesheryctl/internal/cli/root/perf/error.go:103.44,106.2 1 0
github.com/layer5io/meshery/mesheryctl/internal/cli/root/perf/error.go:108.39,111.2 1 0
github.com/layer5io/meshery/mesheryctl/internal/cli/root/perf/error.go:113.40,115.17 2 0
github.com/layer5io/meshery/mesheryctl/internal/cli/root/perf/error.go:123.2,123.61 1 0
github.com/layer5io/meshery/mesheryctl/internal/cli/root/perf/error.go:116.15,117.71 1 0
github.com/layer5io/meshery/mesheryctl/internal/cli/root/perf/error.go:118.17,119.73 1 0
github.com/layer5io/meshery/mesheryctl/internal/cli/root/perf/error.go:120.16,121.72 1 0
